The system is: Linux - 4.10.0-30-generic - ppc64le
Compiling the Fortran compiler identification source file "CMakeFortranCompilerId.F" succeeded.
Compiler: /usr/bin/gfortran 
Build flags: 
Id flags: -v

The output was:
0
Driving: /usr/bin/gfortran -v CMakeFortranCompilerId.F -l gfortran -l m -shared-libgcc
Using built-in specs.
COLLECT_GCC=/usr/bin/gfortran
COLLECT_LTO_WRAPPER=/usr/lib/gcc/powerpc64le-linux-gnu/5/lto-wrapper
Target: powerpc64le-linux-gnu
Configured with: ../src/configure -v --with-pkgversion='Ubuntu/IBM 5.4.0-6ubuntu1~16.04.4' --with-bugurl=file:///usr/share/doc/gcc-5/README.Bugs --enable-languages=c,ada,c++,java,go,d,fortran,objc,obj-c++ --prefix=/usr --program-suffix=-5 --enable-shared --enable-linker-build-id --libexecdir=/usr/lib --without-included-gettext --enable-threads=posix --libdir=/usr/lib --enable-nls --with-sysroot=/ --enable-clocale=gnu --enable-libstdcxx-debug --enable-libstdcxx-time=yes --with-default-libstdcxx-abi=new --enable-gnu-unique-object --disable-libquadmath --enable-plugin --with-system-zlib --disable-browser-plugin --enable-java-awt=gtk --enable-gtk-cairo --with-java-home=/usr/lib/jvm/java-1.5.0-gcj-5-ppc64el/jre --enable-java-home --with-jvm-root-dir=/usr/lib/jvm/java-1.5.0-gcj-5-ppc64el --with-jvm-jar-dir=/usr/lib/jvm-exports/java-1.5.0-gcj-5-ppc64el --with-arch-directory=ppc64le --with-ecj-jar=/usr/share/java/eclipse-ecj.jar --enable-objc-gc --enable-secureplt --with-cpu=power8 --enable-targets=powerpcle-linux --disable-multilib --enable-multiarch --disable-werror --with-long-double-128 --enable-checking=release --build=powerpc64le-linux-gnu --host=powerpc64le-linux-gnu --target=powerpc64le-linux-gnu
Thread model: posix
gcc version 5.4.0 20160609 (Ubuntu/IBM 5.4.0-6ubuntu1~16.04.4) 
COLLECT_GCC_OPTIONS='-v' '-shared-libgcc' '-mcpu=power8'
 /usr/lib/gcc/powerpc64le-linux-gnu/5/f951 CMakeFortranCompilerId.F -ffixed-form -cpp=/tmp/ccJAoQEa.f90 -quiet -v -imultiarch powerpc64le-linux-gnu -D__unix__ -D__gnu_linux__ -D__linux__ -Dunix -D__unix -Dlinux -D__linux -Asystem=linux -Asystem=unix -Asystem=posix CMakeFortranCompilerId.F -msecure-plt -quiet -dumpbase CMakeFortranCompilerId.F -mcpu=power8 -auxbase CMakeFortranCompilerId -version -fintrinsic-modules-path /usr/lib/gcc/powerpc64le-linux-gnu/5/finclude -o /tmp/ccVYig64.s
GNU Fortran (Ubuntu/IBM 5.4.0-6ubuntu1~16.04.4) version 5.4.0 20160609 (powerpc64le-linux-gnu)
	compiled by GNU C version 5.4.0 20160609, GMP version 6.1.0, MPFR version 3.1.4, MPC version 1.0.3
GGC heuristics: --param ggc-min-expand=100 --param ggc-min-heapsize=131072
ignoring nonexistent directory "/usr/local/include/powerpc64le-linux-gnu"
ignoring nonexistent directory "/usr/lib/gcc/powerpc64le-linux-gnu/5/../../../../powerpc64le-linux-gnu/include"
#include "..." search starts here:
#include <...> search starts here:
 /usr/lib/gcc/powerpc64le-linux-gnu/5/finclude
 /usr/lib/gcc/powerpc64le-linux-gnu/5/include
 /usr/local/include
 /usr/lib/gcc/powerpc64le-linux-gnu/5/include-fixed
 /usr/include/powerpc64le-linux-gnu
 /usr/include
End of search list.
GNU Fortran2008 (Ubuntu/IBM 5.4.0-6ubuntu1~16.04.4) version 5.4.0 20160609 (powerpc64le-linux-gnu)
	compiled by GNU C version 5.4.0 20160609, GMP version 6.1.0, MPFR version 3.1.4, MPC version 1.0.3
GGC heuristics: --param ggc-min-expand=100 --param ggc-min-heapsize=131072
COLLECT_GCC_OPTIONS='-v' '-shared-libgcc' '-mcpu=power8'
 as -v -a64 -mpower8 -many -mlittle -o /tmp/ccDMmdyZ.o /tmp/ccVYig64.s
GNU assembler version 2.26.1 (powerpc64le-linux-gnu) using BFD version (GNU Binutils for Ubuntu) 2.26.1
Reading specs from /usr/lib/gcc/powerpc64le-linux-gnu/5/libgfortran.spec
rename spec lib to liborig
COLLECT_GCC_OPTIONS='-v' '-shared-libgcc' '-mcpu=power8'
COMPILER_PATH=/usr/lib/gcc/powerpc64le-linux-gnu/5/:/usr/lib/gcc/powerpc64le-linux-gnu/5/:/usr/lib/gcc/powerpc64le-linux-gnu/:/usr/lib/gcc/powerpc64le-linux-gnu/5/:/usr/lib/gcc/powerpc64le-linux-gnu/
LIBRARY_PATH=/usr/lib/gcc/powerpc64le-linux-gnu/5/:/usr/lib/gcc/powerpc64le-linux-gnu/5/../../../powerpc64le-linux-gnu/:/usr/lib/gcc/powerpc64le-linux-gnu/5/../../../../lib/:/lib/powerpc64le-linux-gnu/:/lib/../lib/:/usr/lib/powerpc64le-linux-gnu/:/usr/lib/../lib/:/usr/lib/gcc/powerpc64le-linux-gnu/5/../../../:/lib/:/usr/lib/
COLLECT_GCC_OPTIONS='-v' '-shared-libgcc' '-mcpu=power8'
 /usr/lib/gcc/powerpc64le-linux-gnu/5/collect2 -plugin /usr/lib/gcc/powerpc64le-linux-gnu/5/liblto_plugin.so -plugin-opt=/usr/lib/gcc/powerpc64le-linux-gnu/5/lto-wrapper -plugin-opt=-fresolution=/tmp/ccPGMg0T.res -plugin-opt=-pass-through=-lgcc_s -plugin-opt=-pass-through=-lgcc -plugin-opt=-pass-through=-lm -plugin-opt=-pass-through=-lgcc_s -plugin-opt=-pass-through=-lgcc -plugin-opt=-pass-through=-lc -plugin-opt=-pass-through=-lgcc_s -plugin-opt=-pass-through=-lgcc --sysroot=/ --build-id --eh-frame-hdr -V -m elf64lppc --hash-style=gnu --as-needed -dynamic-linker /lib64/ld64.so.2 -z relro /usr/lib/gcc/powerpc64le-linux-gnu/5/../../../powerpc64le-linux-gnu/crt1.o /usr/lib/gcc/powerpc64le-linux-gnu/5/../../../powerpc64le-linux-gnu/crti.o /usr/lib/gcc/powerpc64le-linux-gnu/5/crtbegin.o -L/usr/lib/gcc/powerpc64le-linux-gnu/5 -L/usr/lib/gcc/powerpc64le-linux-gnu/5/../../../powerpc64le-linux-gnu -L/usr/lib/gcc/powerpc64le-linux-gnu/5/../../../../lib -L/lib/powerpc64le-linux-gnu -L/lib/../lib -L/usr/lib/powerpc64le-linux-gnu -L/usr/lib/../lib -L/usr/lib/gcc/powerpc64le-linux-gnu/5/../../.. /tmp/ccDMmdyZ.o -lgfortran -lm -lgcc_s -lgcc -lm -lgcc_s -lgcc -lc -lgcc_s -lgcc /usr/lib/gcc/powerpc64le-linux-gnu/5/crtend.o /usr/lib/gcc/powerpc64le-linux-gnu/5/../../../powerpc64le-linux-gnu/crtn.o
GNU ld (GNU Binutils for Ubuntu) 2.26.1
  Supported emulations:
   elf64lppc
   elf32lppc
   elf32lppclinux
   elf32lppcsim
   elf32ppclinux
   elf32ppc
   elf32ppcsim
   elf64ppc


Compilation of the Fortran compiler identification source "CMakeFortranCompilerId.F" produced "a.out"

The Fortran compiler identification is GNU, found in "/home/aborle1/Baselibs/src/pFUnit/build-serial/CMakeFiles/3.5.1/CompilerIdFortran/a.out"

Determining if the Fortran compiler works passed with the following output:
Change Dir: /home/aborle1/Baselibs/src/pFUnit/build-serial/CMakeFiles/CMakeTmp

Run Build Command:"/usr/bin/make" "cmTC_68f9d/fast"
make[2]: Entering directory '/home/aborle1/Baselibs/src/pFUnit/build-serial/CMakeFiles/CMakeTmp'
/usr/bin/make -f CMakeFiles/cmTC_68f9d.dir/build.make CMakeFiles/cmTC_68f9d.dir/build
make[3]: Entering directory '/home/aborle1/Baselibs/src/pFUnit/build-serial/CMakeFiles/CMakeTmp'
Building Fortran object CMakeFiles/cmTC_68f9d.dir/testFortranCompiler.f.o
/usr/bin/gfortran     -c /home/aborle1/Baselibs/src/pFUnit/build-serial/CMakeFiles/CMakeTmp/testFortranCompiler.f -o CMakeFiles/cmTC_68f9d.dir/testFortranCompiler.f.o
Linking Fortran executable cmTC_68f9d
/usr/bin/cmake -E cmake_link_script CMakeFiles/cmTC_68f9d.dir/link.txt --verbose=1
/usr/bin/gfortran       CMakeFiles/cmTC_68f9d.dir/testFortranCompiler.f.o  -o cmTC_68f9d  
make[3]: Leaving directory '/home/aborle1/Baselibs/src/pFUnit/build-serial/CMakeFiles/CMakeTmp'
make[2]: Leaving directory '/home/aborle1/Baselibs/src/pFUnit/build-serial/CMakeFiles/CMakeTmp'


Detecting Fortran compiler ABI info compiled with the following output:
Change Dir: /home/aborle1/Baselibs/src/pFUnit/build-serial/CMakeFiles/CMakeTmp

Run Build Command:"/usr/bin/make" "cmTC_ae68d/fast"
make[2]: Entering directory '/home/aborle1/Baselibs/src/pFUnit/build-serial/CMakeFiles/CMakeTmp'
/usr/bin/make -f CMakeFiles/cmTC_ae68d.dir/build.make CMakeFiles/cmTC_ae68d.dir/build
make[3]: Entering directory '/home/aborle1/Baselibs/src/pFUnit/build-serial/CMakeFiles/CMakeTmp'
Building Fortran object CMakeFiles/cmTC_ae68d.dir/CMakeFortranCompilerABI.F.o
/usr/bin/gfortran     -c /usr/share/cmake-3.5/Modules/CMakeFortranCompilerABI.F -o CMakeFiles/cmTC_ae68d.dir/CMakeFortranCompilerABI.F.o
Linking Fortran executable cmTC_ae68d
/usr/bin/cmake -E cmake_link_script CMakeFiles/cmTC_ae68d.dir/link.txt --verbose=1
/usr/bin/gfortran    -v   CMakeFiles/cmTC_ae68d.dir/CMakeFortranCompilerABI.F.o  -o cmTC_ae68d   
Driving: /usr/bin/gfortran -v CMakeFiles/cmTC_ae68d.dir/CMakeFortranCompilerABI.F.o -o cmTC_ae68d -l gfortran -l m -shared-libgcc
Using built-in specs.
COLLECT_GCC=/usr/bin/gfortran
COLLECT_LTO_WRAPPER=/usr/lib/gcc/powerpc64le-linux-gnu/5/lto-wrapper
Target: powerpc64le-linux-gnu
Configured with: ../src/configure -v --with-pkgversion='Ubuntu/IBM 5.4.0-6ubuntu1~16.04.4' --with-bugurl=file:///usr/share/doc/gcc-5/README.Bugs --enable-languages=c,ada,c++,java,go,d,fortran,objc,obj-c++ --prefix=/usr --program-suffix=-5 --enable-shared --enable-linker-build-id --libexecdir=/usr/lib --without-included-gettext --enable-threads=posix --libdir=/usr/lib --enable-nls --with-sysroot=/ --enable-clocale=gnu --enable-libstdcxx-debug --enable-libstdcxx-time=yes --with-default-libstdcxx-abi=new --enable-gnu-unique-object --disable-libquadmath --enable-plugin --with-system-zlib --disable-browser-plugin --enable-java-awt=gtk --enable-gtk-cairo --with-java-home=/usr/lib/jvm/java-1.5.0-gcj-5-ppc64el/jre --enable-java-home --with-jvm-root-dir=/usr/lib/jvm/java-1.5.0-gcj-5-ppc64el --with-jvm-jar-dir=/usr/lib/jvm-exports/java-1.5.0-gcj-5-ppc64el --with-arch-directory=ppc64le --with-ecj-jar=/usr/share/java/eclipse-ecj.jar --enable-objc-gc --enable-secureplt --with-cpu=power8 --enable-targets=powerpcle-linux --disable-multilib --enable-multiarch --disable-werror --with-long-double-128 --enable-checking=release --build=powerpc64le-linux-gnu --host=powerpc64le-linux-gnu --target=powerpc64le-linux-gnu
Thread model: posix
gcc version 5.4.0 20160609 (Ubuntu/IBM 5.4.0-6ubuntu1~16.04.4) 
Reading specs from /usr/lib/gcc/powerpc64le-linux-gnu/5/libgfortran.spec
rename spec lib to liborig
COLLECT_GCC_OPTIONS='-v' '-o' 'cmTC_ae68d' '-shared-libgcc' '-mcpu=power8'
COMPILER_PATH=/usr/lib/gcc/powerpc64le-linux-gnu/5/:/usr/lib/gcc/powerpc64le-linux-gnu/5/:/usr/lib/gcc/powerpc64le-linux-gnu/:/usr/lib/gcc/powerpc64le-linux-gnu/5/:/usr/lib/gcc/powerpc64le-linux-gnu/
LIBRARY_PATH=/usr/lib/gcc/powerpc64le-linux-gnu/5/:/usr/lib/gcc/powerpc64le-linux-gnu/5/../../../powerpc64le-linux-gnu/:/usr/lib/gcc/powerpc64le-linux-gnu/5/../../../../lib/:/lib/powerpc64le-linux-gnu/:/lib/../lib/:/usr/lib/powerpc64le-linux-gnu/:/usr/lib/../lib/:/usr/lib/gcc/powerpc64le-linux-gnu/5/../../../:/lib/:/usr/lib/
COLLECT_GCC_OPTIONS='-v' '-o' 'cmTC_ae68d' '-shared-libgcc' '-mcpu=power8'
 /usr/lib/gcc/powerpc64le-linux-gnu/5/collect2 -plugin /usr/lib/gcc/powerpc64le-linux-gnu/5/liblto_plugin.so -plugin-opt=/usr/lib/gcc/powerpc64le-linux-gnu/5/lto-wrapper -plugin-opt=-fresolution=/tmp/ccclTMij.res -plugin-opt=-pass-through=-lgcc_s -plugin-opt=-pass-through=-lgcc -plugin-opt=-pass-through=-lm -plugin-opt=-pass-through=-lgcc_s -plugin-opt=-pass-through=-lgcc -plugin-opt=-pass-through=-lc -plugin-opt=-pass-through=-lgcc_s -plugin-opt=-pass-through=-lgcc --sysroot=/ --build-id --eh-frame-hdr -V -m elf64lppc --hash-style=gnu --as-needed -dynamic-linker /lib64/ld64.so.2 -z relro -o cmTC_ae68d /usr/lib/gcc/powerpc64le-linux-gnu/5/../../../powerpc64le-linux-gnu/crt1.o /usr/lib/gcc/powerpc64le-linux-gnu/5/../../../powerpc64le-linux-gnu/crti.o /usr/lib/gcc/powerpc64le-linux-gnu/5/crtbegin.o -L/usr/lib/gcc/powerpc64le-linux-gnu/5 -L/usr/lib/gcc/powerpc64le-linux-gnu/5/../../../powerpc64le-linux-gnu -L/usr/lib/gcc/powerpc64le-linux-gnu/5/../../../../lib -L/lib/powerpc64le-linux-gnu -L/lib/../lib -L/usr/lib/powerpc64le-linux-gnu -L/usr/lib/../lib -L/usr/lib/gcc/powerpc64le-linux-gnu/5/../../.. CMakeFiles/cmTC_ae68d.dir/CMakeFortranCompilerABI.F.o -lgfortran -lm -lgcc_s -lgcc -lm -lgcc_s -lgcc -lc -lgcc_s -lgcc /usr/lib/gcc/powerpc64le-linux-gnu/5/crtend.o /usr/lib/gcc/powerpc64le-linux-gnu/5/../../../powerpc64le-linux-gnu/crtn.o
GNU ld (GNU Binutils for Ubuntu) 2.26.1
  Supported emulations:
   elf64lppc
   elf32lppc
   elf32lppclinux
   elf32lppcsim
   elf32ppclinux
   elf32ppc
   elf32ppcsim
   elf64ppc
make[3]: Leaving directory '/home/aborle1/Baselibs/src/pFUnit/build-serial/CMakeFiles/CMakeTmp'
make[2]: Leaving directory '/home/aborle1/Baselibs/src/pFUnit/build-serial/CMakeFiles/CMakeTmp'


Parsed Fortran implicit link information from above output:
  link line regex: [^( *|.*[/\])(ld|([^/\]+-)?ld|collect2)[^/\]*( |$)]
  ignore line: [Change Dir: /home/aborle1/Baselibs/src/pFUnit/build-serial/CMakeFiles/CMakeTmp]
  ignore line: []
  ignore line: [Run Build Command:"/usr/bin/make" "cmTC_ae68d/fast"]
  ignore line: [make[2]: Entering directory '/home/aborle1/Baselibs/src/pFUnit/build-serial/CMakeFiles/CMakeTmp']
  ignore line: [/usr/bin/make -f CMakeFiles/cmTC_ae68d.dir/build.make CMakeFiles/cmTC_ae68d.dir/build]
  ignore line: [make[3]: Entering directory '/home/aborle1/Baselibs/src/pFUnit/build-serial/CMakeFiles/CMakeTmp']
  ignore line: [Building Fortran object CMakeFiles/cmTC_ae68d.dir/CMakeFortranCompilerABI.F.o]
  ignore line: [/usr/bin/gfortran     -c /usr/share/cmake-3.5/Modules/CMakeFortranCompilerABI.F -o CMakeFiles/cmTC_ae68d.dir/CMakeFortranCompilerABI.F.o]
  ignore line: [Linking Fortran executable cmTC_ae68d]
  ignore line: [/usr/bin/cmake -E cmake_link_script CMakeFiles/cmTC_ae68d.dir/link.txt --verbose=1]
  ignore line: [/usr/bin/gfortran    -v   CMakeFiles/cmTC_ae68d.dir/CMakeFortranCompilerABI.F.o  -o cmTC_ae68d   ]
  ignore line: [Driving: /usr/bin/gfortran -v CMakeFiles/cmTC_ae68d.dir/CMakeFortranCompilerABI.F.o -o cmTC_ae68d -l gfortran -l m -shared-libgcc]
  ignore line: [Using built-in specs.]
  ignore line: [COLLECT_GCC=/usr/bin/gfortran]
  ignore line: [COLLECT_LTO_WRAPPER=/usr/lib/gcc/powerpc64le-linux-gnu/5/lto-wrapper]
  ignore line: [Target: powerpc64le-linux-gnu]
  ignore line: [Configured with: ../src/configure -v --with-pkgversion='Ubuntu/IBM 5.4.0-6ubuntu1~16.04.4' --with-bugurl=file:///usr/share/doc/gcc-5/README.Bugs --enable-languages=c,ada,c++,java,go,d,fortran,objc,obj-c++ --prefix=/usr --program-suffix=-5 --enable-shared --enable-linker-build-id --libexecdir=/usr/lib --without-included-gettext --enable-threads=posix --libdir=/usr/lib --enable-nls --with-sysroot=/ --enable-clocale=gnu --enable-libstdcxx-debug --enable-libstdcxx-time=yes --with-default-libstdcxx-abi=new --enable-gnu-unique-object --disable-libquadmath --enable-plugin --with-system-zlib --disable-browser-plugin --enable-java-awt=gtk --enable-gtk-cairo --with-java-home=/usr/lib/jvm/java-1.5.0-gcj-5-ppc64el/jre --enable-java-home --with-jvm-root-dir=/usr/lib/jvm/java-1.5.0-gcj-5-ppc64el --with-jvm-jar-dir=/usr/lib/jvm-exports/java-1.5.0-gcj-5-ppc64el --with-arch-directory=ppc64le --with-ecj-jar=/usr/share/java/eclipse-ecj.jar --enable-objc-gc --enable-secureplt --with-cpu=power8 --enable-targets=powerpcle-linux --disable-multilib --enable-multiarch --disable-werror --with-long-double-128 --enable-checking=release --build=powerpc64le-linux-gnu --host=powerpc64le-linux-gnu --target=powerpc64le-linux-gnu]
  ignore line: [Thread model: posix]
  ignore line: [gcc version 5.4.0 20160609 (Ubuntu/IBM 5.4.0-6ubuntu1~16.04.4) ]
  ignore line: [Reading specs from /usr/lib/gcc/powerpc64le-linux-gnu/5/libgfortran.spec]
  ignore line: [rename spec lib to liborig]
  ignore line: [COLLECT_GCC_OPTIONS='-v' '-o' 'cmTC_ae68d' '-shared-libgcc' '-mcpu=power8']
  ignore line: [COMPILER_PATH=/usr/lib/gcc/powerpc64le-linux-gnu/5/:/usr/lib/gcc/powerpc64le-linux-gnu/5/:/usr/lib/gcc/powerpc64le-linux-gnu/:/usr/lib/gcc/powerpc64le-linux-gnu/5/:/usr/lib/gcc/powerpc64le-linux-gnu/]
  ignore line: [LIBRARY_PATH=/usr/lib/gcc/powerpc64le-linux-gnu/5/:/usr/lib/gcc/powerpc64le-linux-gnu/5/../../../powerpc64le-linux-gnu/:/usr/lib/gcc/powerpc64le-linux-gnu/5/../../../../lib/:/lib/powerpc64le-linux-gnu/:/lib/../lib/:/usr/lib/powerpc64le-linux-gnu/:/usr/lib/../lib/:/usr/lib/gcc/powerpc64le-linux-gnu/5/../../../:/lib/:/usr/lib/]
  ignore line: [COLLECT_GCC_OPTIONS='-v' '-o' 'cmTC_ae68d' '-shared-libgcc' '-mcpu=power8']
  link line: [ /usr/lib/gcc/powerpc64le-linux-gnu/5/collect2 -plugin /usr/lib/gcc/powerpc64le-linux-gnu/5/liblto_plugin.so -plugin-opt=/usr/lib/gcc/powerpc64le-linux-gnu/5/lto-wrapper -plugin-opt=-fresolution=/tmp/ccclTMij.res -plugin-opt=-pass-through=-lgcc_s -plugin-opt=-pass-through=-lgcc -plugin-opt=-pass-through=-lm -plugin-opt=-pass-through=-lgcc_s -plugin-opt=-pass-through=-lgcc -plugin-opt=-pass-through=-lc -plugin-opt=-pass-through=-lgcc_s -plugin-opt=-pass-through=-lgcc --sysroot=/ --build-id --eh-frame-hdr -V -m elf64lppc --hash-style=gnu --as-needed -dynamic-linker /lib64/ld64.so.2 -z relro -o cmTC_ae68d /usr/lib/gcc/powerpc64le-linux-gnu/5/../../../powerpc64le-linux-gnu/crt1.o /usr/lib/gcc/powerpc64le-linux-gnu/5/../../../powerpc64le-linux-gnu/crti.o /usr/lib/gcc/powerpc64le-linux-gnu/5/crtbegin.o -L/usr/lib/gcc/powerpc64le-linux-gnu/5 -L/usr/lib/gcc/powerpc64le-linux-gnu/5/../../../powerpc64le-linux-gnu -L/usr/lib/gcc/powerpc64le-linux-gnu/5/../../../../lib -L/lib/powerpc64le-linux-gnu -L/lib/../lib -L/usr/lib/powerpc64le-linux-gnu -L/usr/lib/../lib -L/usr/lib/gcc/powerpc64le-linux-gnu/5/../../.. CMakeFiles/cmTC_ae68d.dir/CMakeFortranCompilerABI.F.o -lgfortran -lm -lgcc_s -lgcc -lm -lgcc_s -lgcc -lc -lgcc_s -lgcc /usr/lib/gcc/powerpc64le-linux-gnu/5/crtend.o /usr/lib/gcc/powerpc64le-linux-gnu/5/../../../powerpc64le-linux-gnu/crtn.o]
    arg [/usr/lib/gcc/powerpc64le-linux-gnu/5/collect2] ==> ignore
    arg [-plugin] ==> ignore
    arg [/usr/lib/gcc/powerpc64le-linux-gnu/5/liblto_plugin.so] ==> ignore
    arg [-plugin-opt=/usr/lib/gcc/powerpc64le-linux-gnu/5/lto-wrapper] ==> ignore
    arg [-plugin-opt=-fresolution=/tmp/ccclTMij.res] ==> ignore
    arg [-plugin-opt=-pass-through=-lgcc_s] ==> ignore
    arg [-plugin-opt=-pass-through=-lgcc] ==> ignore
    arg [-plugin-opt=-pass-through=-lm] ==> ignore
    arg [-plugin-opt=-pass-through=-lgcc_s] ==> ignore
    arg [-plugin-opt=-pass-through=-lgcc] ==> ignore
    arg [-plugin-opt=-pass-through=-lc] ==> ignore
    arg [-plugin-opt=-pass-through=-lgcc_s] ==> ignore
    arg [-plugin-opt=-pass-through=-lgcc] ==> ignore
    arg [--sysroot=/] ==> ignore
    arg [--build-id] ==> ignore
    arg [--eh-frame-hdr] ==> ignore
    arg [-V] ==> ignore
    arg [-m] ==> ignore
    arg [elf64lppc] ==> ignore
    arg [--hash-style=gnu] ==> ignore
    arg [--as-needed] ==> ignore
    arg [-dynamic-linker] ==> ignore
    arg [/lib64/ld64.so.2] ==> ignore
    arg [-zrelro] ==> ignore
    arg [-o] ==> ignore
    arg [cmTC_ae68d] ==> ignore
    arg [/usr/lib/gcc/powerpc64le-linux-gnu/5/../../../powerpc64le-linux-gnu/crt1.o] ==> ignore
    arg [/usr/lib/gcc/powerpc64le-linux-gnu/5/../../../powerpc64le-linux-gnu/crti.o] ==> ignore
    arg [/usr/lib/gcc/powerpc64le-linux-gnu/5/crtbegin.o] ==> ignore
    arg [-L/usr/lib/gcc/powerpc64le-linux-gnu/5] ==> dir [/usr/lib/gcc/powerpc64le-linux-gnu/5]
    arg [-L/usr/lib/gcc/powerpc64le-linux-gnu/5/../../../powerpc64le-linux-gnu] ==> dir [/usr/lib/gcc/powerpc64le-linux-gnu/5/../../../powerpc64le-linux-gnu]
    arg [-L/usr/lib/gcc/powerpc64le-linux-gnu/5/../../../../lib] ==> dir [/usr/lib/gcc/powerpc64le-linux-gnu/5/../../../../lib]
    arg [-L/lib/powerpc64le-linux-gnu] ==> dir [/lib/powerpc64le-linux-gnu]
    arg [-L/lib/../lib] ==> dir [/lib/../lib]
    arg [-L/usr/lib/powerpc64le-linux-gnu] ==> dir [/usr/lib/powerpc64le-linux-gnu]
    arg [-L/usr/lib/../lib] ==> dir [/usr/lib/../lib]
    arg [-L/usr/lib/gcc/powerpc64le-linux-gnu/5/../../..] ==> dir [/usr/lib/gcc/powerpc64le-linux-gnu/5/../../..]
    arg [CMakeFiles/cmTC_ae68d.dir/CMakeFortranCompilerABI.F.o] ==> ignore
    arg [-lgfortran] ==> lib [gfortran]
    arg [-lm] ==> lib [m]
    arg [-lgcc_s] ==> lib [gcc_s]
    arg [-lgcc] ==> lib [gcc]
    arg [-lm] ==> lib [m]
    arg [-lgcc_s] ==> lib [gcc_s]
    arg [-lgcc] ==> lib [gcc]
    arg [-lc] ==> lib [c]
    arg [-lgcc_s] ==> lib [gcc_s]
    arg [-lgcc] ==> lib [gcc]
    arg [/usr/lib/gcc/powerpc64le-linux-gnu/5/crtend.o] ==> ignore
    arg [/usr/lib/gcc/powerpc64le-linux-gnu/5/../../../powerpc64le-linux-gnu/crtn.o] ==> ignore
  remove lib [gcc_s]
  remove lib [gcc]
  remove lib [gcc_s]
  remove lib [gcc]
  remove lib [gcc_s]
  remove lib [gcc]
  collapse library dir [/usr/lib/gcc/powerpc64le-linux-gnu/5] ==> [/usr/lib/gcc/powerpc64le-linux-gnu/5]
  collapse library dir [/usr/lib/gcc/powerpc64le-linux-gnu/5/../../../powerpc64le-linux-gnu] ==> [/usr/lib/powerpc64le-linux-gnu]
  collapse library dir [/usr/lib/gcc/powerpc64le-linux-gnu/5/../../../../lib] ==> [/usr/lib]
  collapse library dir [/lib/powerpc64le-linux-gnu] ==> [/lib/powerpc64le-linux-gnu]
  collapse library dir [/lib/../lib] ==> [/lib]
  collapse library dir [/usr/lib/powerpc64le-linux-gnu] ==> [/usr/lib/powerpc64le-linux-gnu]
  collapse library dir [/usr/lib/../lib] ==> [/usr/lib]
  collapse library dir [/usr/lib/gcc/powerpc64le-linux-gnu/5/../../..] ==> [/usr/lib]
  implicit libs: [gfortran;m;m;c]
  implicit dirs: [/usr/lib/gcc/powerpc64le-linux-gnu/5;/usr/lib/powerpc64le-linux-gnu;/usr/lib;/lib/powerpc64le-linux-gnu;/lib]
  implicit fwks: []


Determining if the Fortran compiler supports Fortran 90 passed with the following output:
Change Dir: /home/aborle1/Baselibs/src/pFUnit/build-serial/CMakeFiles/CMakeTmp

Run Build Command:"/usr/bin/make" "cmTC_a90e3/fast"
make[2]: Entering directory '/home/aborle1/Baselibs/src/pFUnit/build-serial/CMakeFiles/CMakeTmp'
/usr/bin/make -f CMakeFiles/cmTC_a90e3.dir/build.make CMakeFiles/cmTC_a90e3.dir/build
make[3]: Entering directory '/home/aborle1/Baselibs/src/pFUnit/build-serial/CMakeFiles/CMakeTmp'
Building Fortran object CMakeFiles/cmTC_a90e3.dir/testFortranCompilerF90.f90.o
/usr/bin/gfortran     -c /home/aborle1/Baselibs/src/pFUnit/build-serial/CMakeFiles/CMakeTmp/testFortranCompilerF90.f90 -o CMakeFiles/cmTC_a90e3.dir/testFortranCompilerF90.f90.o
Linking Fortran executable cmTC_a90e3
/usr/bin/cmake -E cmake_link_script CMakeFiles/cmTC_a90e3.dir/link.txt --verbose=1
/usr/bin/gfortran       CMakeFiles/cmTC_a90e3.dir/testFortranCompilerF90.f90.o  -o cmTC_a90e3  
make[3]: Leaving directory '/home/aborle1/Baselibs/src/pFUnit/build-serial/CMakeFiles/CMakeTmp'
make[2]: Leaving directory '/home/aborle1/Baselibs/src/pFUnit/build-serial/CMakeFiles/CMakeTmp'


Determining if the Fortran compiler supports OpenMP passed with the following output:
Change Dir: /home/aborle1/Baselibs/src/pFUnit/build-serial/CMakeFiles/CMakeTmp

Run Build Command:"/usr/bin/make" "cmTC_a90e3/fast"
make[2]: Entering directory '/home/aborle1/Baselibs/src/pFUnit/build-serial/CMakeFiles/CMakeTmp'
/usr/bin/make -f CMakeFiles/cmTC_a90e3.dir/build.make CMakeFiles/cmTC_a90e3.dir/build
make[3]: Entering directory '/home/aborle1/Baselibs/src/pFUnit/build-serial/CMakeFiles/CMakeTmp'
Building Fortran object CMakeFiles/cmTC_a90e3.dir/testFortranCompilerF90.f90.o
/usr/bin/gfortran     -c /home/aborle1/Baselibs/src/pFUnit/build-serial/CMakeFiles/CMakeTmp/testFortranCompilerF90.f90 -o CMakeFiles/cmTC_a90e3.dir/testFortranCompilerF90.f90.o
Linking Fortran executable cmTC_a90e3
/usr/bin/cmake -E cmake_link_script CMakeFiles/cmTC_a90e3.dir/link.txt --verbose=1
/usr/bin/gfortran       CMakeFiles/cmTC_a90e3.dir/testFortranCompilerF90.f90.o  -o cmTC_a90e3  
make[3]: Leaving directory '/home/aborle1/Baselibs/src/pFUnit/build-serial/CMakeFiles/CMakeTmp'
make[2]: Leaving directory '/home/aborle1/Baselibs/src/pFUnit/build-serial/CMakeFiles/CMakeTmp'


