--------------------
./configure --prefix=/home/aborle1/Baselibs/powerpc64le-unknown-linux-gnu/gfortran_5.4.0-openmpi_1.10.2/Linux --includedir=/home/aborle1/Baselibs/powerpc64le-unknown-linux-gnu/gfortran_5.4.0-openmpi_1.10.2/Linux/include/zlib --libdir=/home/aborle1/Baselibs/powerpc64le-unknown-linux-gnu/gfortran_5.4.0-openmpi_1.10.2/Linux/lib
Sat Sep 16 17:36:12 EDT 2017
=== ztest88533.c ===
extern int getchar();
int hello() {return getchar();}
===
gcc -c ztest88533.c
... using gcc

Checking for obsessive-compulsive compiler options...
=== ztest88533.c ===
int foo() { return 0; }
===
gcc -c -fPIC ztest88533.c

Checking for shared library support...
=== ztest88533.c ===
extern int getchar();
int hello() {return getchar();}
===
gcc -w -c -fPIC -fPIC ztest88533.c
gcc -shared -Wl,-soname,libz.so.1,--version-script,zlib.map -fPIC -fPIC -o ztest88533.so ztest88533.o
Building shared library libz.so.1.2.8 with gcc.

=== ztest88533.c ===
#include <sys/types.h>
off64_t dummy = 0;
===
gcc -c -fPIC -D_LARGEFILE64_SOURCE=1 ztest88533.c
Checking for off64_t... Yes.
Checking for fseeko... Yes.

=== ztest88533.c ===
#include <string.h>
#include <errno.h>
int main() { return strlen(strerror(errno)); }
===
gcc -fPIC -D_LARGEFILE64_SOURCE=1 -o ztest88533 ztest88533.c
Checking for strerror... Yes.

=== ztest88533.c ===
#include <unistd.h>
int main() { return 0; }
===
gcc -c -fPIC -D_LARGEFILE64_SOURCE=1 ztest88533.c
Checking for unistd.h... Yes.

=== ztest88533.c ===
#include <stdarg.h>
int main() { return 0; }
===
gcc -c -fPIC -D_LARGEFILE64_SOURCE=1 ztest88533.c
Checking for stdarg.h... Yes.

=== ztest88533.c ===
#include <stdio.h>
#include <stdarg.h>
#include "zconf.h"
int main()
{
#ifndef STDC
  choke me
#endif
  return 0;
}
===
gcc -c -fPIC -D_LARGEFILE64_SOURCE=1 ztest88533.c
Checking whether to use vs[n]printf() or s[n]printf()... using vs[n]printf().

=== ztest88533.c ===
#include <stdio.h>
#include <stdarg.h>
int mytest(const char *fmt, ...)
{
  char buf[20];
  va_list ap;
  va_start(ap, fmt);
  vsnprintf(buf, sizeof(buf), fmt, ap);
  va_end(ap);
  return 0;
}
int main()
{
  return (mytest("Hello%d\n", 1));
}
===
gcc -fPIC -D_LARGEFILE64_SOURCE=1 -o ztest88533 ztest88533.c
Checking for vsnprintf() in stdio.h... Yes.

=== ztest88533.c ===
#include <stdio.h>
#include <stdarg.h>
int mytest(const char *fmt, ...)
{
  int n;
  char buf[20];
  va_list ap;
  va_start(ap, fmt);
  n = vsnprintf(buf, sizeof(buf), fmt, ap);
  va_end(ap);
  return n;
}
int main()
{
  return (mytest("Hello%d\n", 1));
}
===
gcc -c -fPIC -D_LARGEFILE64_SOURCE=1 ztest88533.c
Checking for return value of vsnprintf()... Yes.

=== ztest88533.c ===
#define ZLIB_INTERNAL __attribute__((visibility ("hidden")))
int ZLIB_INTERNAL foo;
int main()
{
  return 0;
}
===
gcc -c -fPIC -D_LARGEFILE64_SOURCE=1 ztest88533.c
Checking for attribute(visibility) support... Yes.

ALL = static shared all64
AR = ar
ARFLAGS = rc
CC = gcc
CFLAGS = -fPIC -D_LARGEFILE64_SOURCE=1 -DHAVE_HIDDEN
CPP = gcc -E
EXE =
LDCONFIG = ldconfig
LDFLAGS =
LDSHARED = gcc -shared -Wl,-soname,libz.so.1,--version-script,zlib.map
LDSHAREDLIBC = -lc
OBJC = $(OBJZ) $(OBJG)
PIC_OBJC = $(PIC_OBJZ) $(PIC_OBJG)
RANLIB = ranlib
SFLAGS = -fPIC -fPIC -D_LARGEFILE64_SOURCE=1 -DHAVE_HIDDEN
SHAREDLIB = libz.so
SHAREDLIBM = libz.so.1
SHAREDLIBV = libz.so.1.2.8
STATICLIB = libz.a
TEST = all teststatic testshared test64
VER = 1.2.8
Z_U4 =
exec_prefix = ${prefix}
includedir = /home/aborle1/Baselibs/powerpc64le-unknown-linux-gnu/gfortran_5.4.0-openmpi_1.10.2/Linux/include/zlib
libdir = /home/aborle1/Baselibs/powerpc64le-unknown-linux-gnu/gfortran_5.4.0-openmpi_1.10.2/Linux/lib
mandir = ${prefix}/share/man
prefix = /home/aborle1/Baselibs/powerpc64le-unknown-linux-gnu/gfortran_5.4.0-openmpi_1.10.2/Linux
sharedlibdir = ${libdir}
uname = Linux
--------------------


