This file contains any messages produced by compilers while
running configure, to aid debugging if configure makes a mistake.

It was created by cmor configure 2.5.0, which was
generated by GNU Autoconf 2.65.  Invocation command line was

  $ ./configure --prefix=/home/aborle1/Baselibs/powerpc64le-unknown-linux-gnu/gfortran_5.4.0-openmpi_1.10.2/Linux --build=/home/aborle1/Baselibs/powerpc64le-unknown-linux-gnu --includedir=/home/aborle1/Baselibs/powerpc64le-unknown-linux-gnu/gfortran_5.4.0-openmpi_1.10.2/Linux/include/cmor --enable-fortran --enable-color --with-python=/usr/bin/../ --with-szlib=/home/aborle1/Baselibs/powerpc64le-unknown-linux-gnu/gfortran_5.4.0-openmpi_1.10.2/Linux --with-zlib=/home/aborle1/Baselibs/powerpc64le-unknown-linux-gnu/gfortran_5.4.0-openmpi_1.10.2/Linux --with-udunits2=/home/aborle1/Baselibs/powerpc64le-unknown-linux-gnu/gfortran_5.4.0-openmpi_1.10.2/Linux --with-netcdf=/home/aborle1/Baselibs/powerpc64le-unknown-linux-gnu/gfortran_5.4.0-openmpi_1.10.2/Linux --with-hdf5=/home/aborle1/Baselibs/powerpc64le-unknown-linux-gnu/gfortran_5.4.0-openmpi_1.10.2/Linux --with-uuid=/home/aborle1/Baselibs/powerpc64le-unknown-linux-gnu/gfortran_5.4.0-openmpi_1.10.2/Linux --with-cdat=/home/aborle1/Baselibs/powerpc64le-unknown-linux-gnu/gfortran_5.4.0-openmpi_1.10.2/Linux CC=mpicc FC=mpifort CXX=mpic++ F77=mpifort

## --------- ##
## Platform. ##
## --------- ##

hostname = p8umbc1
uname -m = ppc64le
uname -r = 4.10.0-30-generic
uname -s = Linux
uname -v = #34~16.04.1-Ubuntu SMP Wed Aug 2 02:12:28 UTC 2017

/usr/bin/uname -p = unknown
/bin/uname -X     = unknown

/bin/arch              = unknown
/usr/bin/arch -k       = unknown
/usr/convex/getsysinfo = unknown
/usr/bin/hostinfo      = unknown
/bin/machine           = unknown
/usr/bin/oslevel       = unknown
/bin/universe          = unknown

PATH: /home/aborle1/Baselibs/powerpc64le-unknown-linux-gnu/gfortran_5.4.0-openmpi_1.10.2/Linux/bin
PATH: /home/aborle1/bin
PATH: /home/aborle1/.local/bin
PATH: /usr/local/sbin
PATH: /usr/local/bin
PATH: /usr/sbin
PATH: /usr/bin
PATH: /sbin
PATH: /bin
PATH: /usr/games
PATH: /usr/local/games
PATH: /snap/bin


## ----------- ##
## Core tests. ##
## ----------- ##

configure:1983: checking build system type
configure:1997: result: /home/aborle1/Baselibs/powerpc64le-unknown-linux-gnu
configure:2017: checking host system type
configure:2030: result: /home/aborle1/Baselibs/powerpc64le-unknown-linux-gnu
configure:2050: checking target system type
configure:2063: result: /home/aborle1/Baselibs/powerpc64le-unknown-linux-gnu
configure:2305: checking for gcc
configure:2332: result: mpicc
configure:2561: checking for C compiler version
configure:2570: mpicc --version >&5
gcc (Ubuntu/IBM 5.4.0-6ubuntu1~16.04.4) 5.4.0 20160609
Copyright (C) 2015 Free Software Foundation, Inc.
This is free software; see the source for copying conditions.  There is NO
warranty; not even for MERCHANTABILITY or FITNESS FOR A PARTICULAR PURPOSE.

configure:2581: $? = 0
configure:2570: mpicc -v >&5
Using built-in specs.
COLLECT_GCC=/usr/bin/gcc
COLLECT_LTO_WRAPPER=/usr/lib/gcc/powerpc64le-linux-gnu/5/lto-wrapper
Target: powerpc64le-linux-gnu
Configured with: ../src/configure -v --with-pkgversion='Ubuntu/IBM 5.4.0-6ubuntu1~16.04.4' --with-bugurl=file:///usr/share/doc/gcc-5/README.Bugs --enable-languages=c,ada,c++,java,go,d,fortran,objc,obj-c++ --prefix=/usr --program-suffix=-5 --enable-shared --enable-linker-build-id --libexecdir=/usr/lib --without-included-gettext --enable-threads=posix --libdir=/usr/lib --enable-nls --with-sysroot=/ --enable-clocale=gnu --enable-libstdcxx-debug --enable-libstdcxx-time=yes --with-default-libstdcxx-abi=new --enable-gnu-unique-object --disable-libquadmath --enable-plugin --with-system-zlib --disable-browser-plugin --enable-java-awt=gtk --enable-gtk-cairo --with-java-home=/usr/lib/jvm/java-1.5.0-gcj-5-ppc64el/jre --enable-java-home --with-jvm-root-dir=/usr/lib/jvm/java-1.5.0-gcj-5-ppc64el --with-jvm-jar-dir=/usr/lib/jvm-exports/java-1.5.0-gcj-5-ppc64el --with-arch-directory=ppc64le --with-ecj-jar=/usr/share/java/eclipse-ecj.jar --enable-objc-gc --enable-secureplt --with-cpu=power8 --enable-targets=powerpcle-linux --disable-multilib --enable-multiarch --disable-werror --with-long-double-128 --enable-checking=release --build=powerpc64le-linux-gnu --host=powerpc64le-linux-gnu --target=powerpc64le-linux-gnu
Thread model: posix
gcc version 5.4.0 20160609 (Ubuntu/IBM 5.4.0-6ubuntu1~16.04.4) 
configure:2581: $? = 0
configure:2570: mpicc -V >&5
gcc: error: unrecognized command line option '-V'
gcc: fatal error: no input files
compilation terminated.
configure:2581: $? = 1
configure:2570: mpicc -qversion >&5
gcc: error: unrecognized command line option '-qversion'
gcc: fatal error: no input files
compilation terminated.
configure:2581: $? = 1
configure:2601: checking whether the C compiler works
configure:2623: mpicc -fPIC -DgFortran  -I/home/aborle1/Baselibs/powerpc64le-unknown-linux-gnu/gfortran_5.4.0-openmpi_1.10.2/Linux/include/    -I/home/aborle1/Baselibs/powerpc64le-unknown-linux-gnu/gfortran_5.4.0-openmpi_1.10.2/Linux/include/zlib    -I/home/aborle1/Baselibs/powerpc64le-unknown-linux-gnu/gfortran_5.4.0-openmpi_1.10.2/Linux/include/szlib    -I/home/aborle1/Baselibs/powerpc64le-unknown-linux-gnu/gfortran_5.4.0-openmpi_1.10.2/Linux/include/jpeg    -I/home/aborle1/Baselibs/powerpc64le-unknown-linux-gnu/gfortran_5.4.0-openmpi_1.10.2/Linux/include/hdf5    -I/home/aborle1/Baselibs/powerpc64le-unknown-linux-gnu/gfortran_5.4.0-openmpi_1.10.2/Linux/include/hdf    -I/home/aborle1/Baselibs/powerpc64le-unknown-linux-gnu/gfortran_5.4.0-openmpi_1.10.2/Linux/include/uuid    -I/home/aborle1/Baselibs/powerpc64le-unknown-linux-gnu/gfortran_5.4.0-openmpi_1.10.2/Linux/include/netcdf    -I/home/aborle1/Baselibs/powerpc64le-unknown-linux-gnu/gfortran_5.4.0-openmpi_1.10.2/Linux/include/udunits2   -fPIC   conftest.c -L/home/aborle1/Baselibs/powerpc64le-unknown-linux-gnu/gfortran_5.4.0-openmpi_1.10.2/Linux/lib -lmfhdf -ldf -lsz -ljpeg  -ldl -lm >&5
configure:2627: $? = 0
configure:2676: result: yes
configure:2679: checking for C compiler default output file name
configure:2681: result: a.out
configure:2687: checking for suffix of executables
configure:2694: mpicc -o conftest -fPIC -DgFortran  -I/home/aborle1/Baselibs/powerpc64le-unknown-linux-gnu/gfortran_5.4.0-openmpi_1.10.2/Linux/include/    -I/home/aborle1/Baselibs/powerpc64le-unknown-linux-gnu/gfortran_5.4.0-openmpi_1.10.2/Linux/include/zlib    -I/home/aborle1/Baselibs/powerpc64le-unknown-linux-gnu/gfortran_5.4.0-openmpi_1.10.2/Linux/include/szlib    -I/home/aborle1/Baselibs/powerpc64le-unknown-linux-gnu/gfortran_5.4.0-openmpi_1.10.2/Linux/include/jpeg    -I/home/aborle1/Baselibs/powerpc64le-unknown-linux-gnu/gfortran_5.4.0-openmpi_1.10.2/Linux/include/hdf5    -I/home/aborle1/Baselibs/powerpc64le-unknown-linux-gnu/gfortran_5.4.0-openmpi_1.10.2/Linux/include/hdf    -I/home/aborle1/Baselibs/powerpc64le-unknown-linux-gnu/gfortran_5.4.0-openmpi_1.10.2/Linux/include/uuid    -I/home/aborle1/Baselibs/powerpc64le-unknown-linux-gnu/gfortran_5.4.0-openmpi_1.10.2/Linux/include/netcdf    -I/home/aborle1/Baselibs/powerpc64le-unknown-linux-gnu/gfortran_5.4.0-openmpi_1.10.2/Linux/include/udunits2   -fPIC   conftest.c -L/home/aborle1/Baselibs/powerpc64le-unknown-linux-gnu/gfortran_5.4.0-openmpi_1.10.2/Linux/lib -lmfhdf -ldf -lsz -ljpeg  -ldl -lm >&5
configure:2698: $? = 0
configure:2720: result: 
configure:2742: checking whether we are cross compiling
configure:2750: mpicc -o conftest -fPIC -DgFortran  -I/home/aborle1/Baselibs/powerpc64le-unknown-linux-gnu/gfortran_5.4.0-openmpi_1.10.2/Linux/include/    -I/home/aborle1/Baselibs/powerpc64le-unknown-linux-gnu/gfortran_5.4.0-openmpi_1.10.2/Linux/include/zlib    -I/home/aborle1/Baselibs/powerpc64le-unknown-linux-gnu/gfortran_5.4.0-openmpi_1.10.2/Linux/include/szlib    -I/home/aborle1/Baselibs/powerpc64le-unknown-linux-gnu/gfortran_5.4.0-openmpi_1.10.2/Linux/include/jpeg    -I/home/aborle1/Baselibs/powerpc64le-unknown-linux-gnu/gfortran_5.4.0-openmpi_1.10.2/Linux/include/hdf5    -I/home/aborle1/Baselibs/powerpc64le-unknown-linux-gnu/gfortran_5.4.0-openmpi_1.10.2/Linux/include/hdf    -I/home/aborle1/Baselibs/powerpc64le-unknown-linux-gnu/gfortran_5.4.0-openmpi_1.10.2/Linux/include/uuid    -I/home/aborle1/Baselibs/powerpc64le-unknown-linux-gnu/gfortran_5.4.0-openmpi_1.10.2/Linux/include/netcdf    -I/home/aborle1/Baselibs/powerpc64le-unknown-linux-gnu/gfortran_5.4.0-openmpi_1.10.2/Linux/include/udunits2   -fPIC   conftest.c -L/home/aborle1/Baselibs/powerpc64le-unknown-linux-gnu/gfortran_5.4.0-openmpi_1.10.2/Linux/lib -lmfhdf -ldf -lsz -ljpeg  -ldl -lm >&5
configure:2754: $? = 0
configure:2761: ./conftest
configure:2765: $? = 0
configure:2780: result: no
configure:2785: checking for suffix of object files
configure:2807: mpicc -c -fPIC -DgFortran  -I/home/aborle1/Baselibs/powerpc64le-unknown-linux-gnu/gfortran_5.4.0-openmpi_1.10.2/Linux/include/    -I/home/aborle1/Baselibs/powerpc64le-unknown-linux-gnu/gfortran_5.4.0-openmpi_1.10.2/Linux/include/zlib    -I/home/aborle1/Baselibs/powerpc64le-unknown-linux-gnu/gfortran_5.4.0-openmpi_1.10.2/Linux/include/szlib    -I/home/aborle1/Baselibs/powerpc64le-unknown-linux-gnu/gfortran_5.4.0-openmpi_1.10.2/Linux/include/jpeg    -I/home/aborle1/Baselibs/powerpc64le-unknown-linux-gnu/gfortran_5.4.0-openmpi_1.10.2/Linux/include/hdf5    -I/home/aborle1/Baselibs/powerpc64le-unknown-linux-gnu/gfortran_5.4.0-openmpi_1.10.2/Linux/include/hdf    -I/home/aborle1/Baselibs/powerpc64le-unknown-linux-gnu/gfortran_5.4.0-openmpi_1.10.2/Linux/include/uuid    -I/home/aborle1/Baselibs/powerpc64le-unknown-linux-gnu/gfortran_5.4.0-openmpi_1.10.2/Linux/include/netcdf    -I/home/aborle1/Baselibs/powerpc64le-unknown-linux-gnu/gfortran_5.4.0-openmpi_1.10.2/Linux/include/udunits2   -fPIC  conftest.c >&5
configure:2811: $? = 0
configure:2832: result: o
configure:2836: checking whether we are using the GNU C compiler
configure:2855: mpicc -c -fPIC -DgFortran  -I/home/aborle1/Baselibs/powerpc64le-unknown-linux-gnu/gfortran_5.4.0-openmpi_1.10.2/Linux/include/    -I/home/aborle1/Baselibs/powerpc64le-unknown-linux-gnu/gfortran_5.4.0-openmpi_1.10.2/Linux/include/zlib    -I/home/aborle1/Baselibs/powerpc64le-unknown-linux-gnu/gfortran_5.4.0-openmpi_1.10.2/Linux/include/szlib    -I/home/aborle1/Baselibs/powerpc64le-unknown-linux-gnu/gfortran_5.4.0-openmpi_1.10.2/Linux/include/jpeg    -I/home/aborle1/Baselibs/powerpc64le-unknown-linux-gnu/gfortran_5.4.0-openmpi_1.10.2/Linux/include/hdf5    -I/home/aborle1/Baselibs/powerpc64le-unknown-linux-gnu/gfortran_5.4.0-openmpi_1.10.2/Linux/include/hdf    -I/home/aborle1/Baselibs/powerpc64le-unknown-linux-gnu/gfortran_5.4.0-openmpi_1.10.2/Linux/include/uuid    -I/home/aborle1/Baselibs/powerpc64le-unknown-linux-gnu/gfortran_5.4.0-openmpi_1.10.2/Linux/include/netcdf    -I/home/aborle1/Baselibs/powerpc64le-unknown-linux-gnu/gfortran_5.4.0-openmpi_1.10.2/Linux/include/udunits2   -fPIC  conftest.c >&5
configure:2855: $? = 0
configure:2864: result: yes
configure:2873: checking whether mpicc accepts -g
configure:2893: mpicc -c -g  conftest.c >&5
configure:2893: $? = 0
configure:2934: result: yes
configure:2951: checking for mpicc option to accept ISO C89
configure:3015: mpicc  -c -fPIC -DgFortran  -I/home/aborle1/Baselibs/powerpc64le-unknown-linux-gnu/gfortran_5.4.0-openmpi_1.10.2/Linux/include/    -I/home/aborle1/Baselibs/powerpc64le-unknown-linux-gnu/gfortran_5.4.0-openmpi_1.10.2/Linux/include/zlib    -I/home/aborle1/Baselibs/powerpc64le-unknown-linux-gnu/gfortran_5.4.0-openmpi_1.10.2/Linux/include/szlib    -I/home/aborle1/Baselibs/powerpc64le-unknown-linux-gnu/gfortran_5.4.0-openmpi_1.10.2/Linux/include/jpeg    -I/home/aborle1/Baselibs/powerpc64le-unknown-linux-gnu/gfortran_5.4.0-openmpi_1.10.2/Linux/include/hdf5    -I/home/aborle1/Baselibs/powerpc64le-unknown-linux-gnu/gfortran_5.4.0-openmpi_1.10.2/Linux/include/hdf    -I/home/aborle1/Baselibs/powerpc64le-unknown-linux-gnu/gfortran_5.4.0-openmpi_1.10.2/Linux/include/uuid    -I/home/aborle1/Baselibs/powerpc64le-unknown-linux-gnu/gfortran_5.4.0-openmpi_1.10.2/Linux/include/netcdf    -I/home/aborle1/Baselibs/powerpc64le-unknown-linux-gnu/gfortran_5.4.0-openmpi_1.10.2/Linux/include/udunits2   -fPIC  conftest.c >&5
configure:3015: $? = 0
configure:3028: result: none needed
configure:3053: checking how to run the C preprocessor
configure:3084: mpicc -E  conftest.c
configure:3084: $? = 0
configure:3098: mpicc -E  conftest.c
conftest.c:9:28: fatal error: ac_nonexistent.h: No such file or directory
compilation terminated.
configure:3098: $? = 1
configure: failed program was:
| /* confdefs.h */
| #define PACKAGE_NAME "cmor"
| #define PACKAGE_TARNAME "cmor"
| #define PACKAGE_VERSION "2.5.0"
| #define PACKAGE_STRING "cmor 2.5.0"
| #define PACKAGE_BUGREPORT "doutriaux1@llnl.gov"
| #define PACKAGE_URL ""
| /* end confdefs.h.  */
| #include <ac_nonexistent.h>
configure:3123: result: mpicc -E
configure:3143: mpicc -E  conftest.c
configure:3143: $? = 0
configure:3157: mpicc -E  conftest.c
conftest.c:9:28: fatal error: ac_nonexistent.h: No such file or directory
compilation terminated.
configure:3157: $? = 1
configure: failed program was:
| /* confdefs.h */
| #define PACKAGE_NAME "cmor"
| #define PACKAGE_TARNAME "cmor"
| #define PACKAGE_VERSION "2.5.0"
| #define PACKAGE_STRING "cmor 2.5.0"
| #define PACKAGE_BUGREPORT "doutriaux1@llnl.gov"
| #define PACKAGE_URL ""
| /* end confdefs.h.  */
| #include <ac_nonexistent.h>
configure:3185: checking whether ln -s works
configure:3189: result: yes
configure:3196: checking for a sed that does not truncate output
configure:3260: result: /bin/sed
configure:3265: checking for a thread-safe mkdir -p
configure:3304: result: /bin/mkdir -p
configure:3350: checking for ranlib
configure:3366: found /usr/bin/ranlib
configure:3377: result: ranlib
configure:3506: checking for Fortran compiler version
configure:3515: mpifort --version >&5
GNU Fortran (Ubuntu/IBM 5.4.0-6ubuntu1~16.04.4) 5.4.0 20160609
Copyright (C) 2015 Free Software Foundation, Inc.

GNU Fortran comes with NO WARRANTY, to the extent permitted by law.
You may redistribute copies of GNU Fortran
under the terms of the GNU General Public License.
For more information about these matters, see the file named COPYING

configure:3526: $? = 0
configure:3515: mpifort -v >&5
Using built-in specs.
COLLECT_GCC=/usr/bin/gfortran
COLLECT_LTO_WRAPPER=/usr/lib/gcc/powerpc64le-linux-gnu/5/lto-wrapper
Target: powerpc64le-linux-gnu
Configured with: ../src/configure -v --with-pkgversion='Ubuntu/IBM 5.4.0-6ubuntu1~16.04.4' --with-bugurl=file:///usr/share/doc/gcc-5/README.Bugs --enable-languages=c,ada,c++,java,go,d,fortran,objc,obj-c++ --prefix=/usr --program-suffix=-5 --enable-shared --enable-linker-build-id --libexecdir=/usr/lib --without-included-gettext --enable-threads=posix --libdir=/usr/lib --enable-nls --with-sysroot=/ --enable-clocale=gnu --enable-libstdcxx-debug --enable-libstdcxx-time=yes --with-default-libstdcxx-abi=new --enable-gnu-unique-object --disable-libquadmath --enable-plugin --with-system-zlib --disable-browser-plugin --enable-java-awt=gtk --enable-gtk-cairo --with-java-home=/usr/lib/jvm/java-1.5.0-gcj-5-ppc64el/jre --enable-java-home --with-jvm-root-dir=/usr/lib/jvm/java-1.5.0-gcj-5-ppc64el --with-jvm-jar-dir=/usr/lib/jvm-exports/java-1.5.0-gcj-5-ppc64el --with-arch-directory=ppc64le --with-ecj-jar=/usr/share/java/eclipse-ecj.jar --enable-objc-gc --enable-secureplt --with-cpu=power8 --enable-targets=powerpcle-linux --disable-multilib --enable-multiarch --disable-werror --with-long-double-128 --enable-checking=release --build=powerpc64le-linux-gnu --host=powerpc64le-linux-gnu --target=powerpc64le-linux-gnu
Thread model: posix
gcc version 5.4.0 20160609 (Ubuntu/IBM 5.4.0-6ubuntu1~16.04.4) 
configure:3526: $? = 0
configure:3515: mpifort -V >&5
gfortran: error: unrecognized command line option '-V'
gfortran: fatal error: no input files
compilation terminated.
configure:3526: $? = 1
configure:3515: mpifort -qversion >&5
gfortran: error: unrecognized command line option '-qversion'
gfortran: fatal error: no input files
compilation terminated.
configure:3526: $? = 1
configure:3535: checking whether we are using the GNU Fortran compiler
configure:3548: mpifort -c   conftest.F >&5
configure:3548: $? = 0
configure:3557: result: yes
configure:3563: checking whether mpifort accepts -g
configure:3574: mpifort -c -g  conftest.f >&5
configure:3574: $? = 0
configure:3582: result: yes
configure:3611: checking how to get verbose linking output from mpifort
configure:3621: mpifort -c -g -O2  conftest.f >&5
configure:3621: $? = 0
configure:3639: mpifort -o conftest -g -O2 -v conftest.f -L/home/aborle1/Baselibs/powerpc64le-unknown-linux-gnu/gfortran_5.4.0-openmpi_1.10.2/Linux/lib -lmfhdf -ldf -lsz -ljpeg -ldl -lm
Using built-in specs.
Target: powerpc64le-linux-gnu
Configured with: ../src/configure -v --with-pkgversion='Ubuntu/IBM 5.4.0-6ubuntu1~16.04.4' --with-bugurl=file:///usr/share/doc/gcc-5/README.Bugs --enable-languages=c,ada,c++,java,go,d,fortran,objc,obj-c++ --prefix=/usr --program-suffix=-5 --enable-shared --enable-linker-build-id --libexecdir=/usr/lib --without-included-gettext --enable-threads=posix --libdir=/usr/lib --enable-nls --with-sysroot=/ --enable-clocale=gnu --enable-libstdcxx-debug --enable-libstdcxx-time=yes --with-default-libstdcxx-abi=new --enable-gnu-unique-object --disable-libquadmath --enable-plugin --with-system-zlib --disable-browser-plugin --enable-java-awt=gtk --enable-gtk-cairo --with-java-home=/usr/lib/jvm/java-1.5.0-gcj-5-ppc64el/jre --enable-java-home --with-jvm-root-dir=/usr/lib/jvm/java-1.5.0-gcj-5-ppc64el --with-jvm-jar-dir=/usr/lib/jvm-exports/java-1.5.0-gcj-5-ppc64el --with-arch-directory=ppc64le --with-ecj-jar=/usr/share/java/eclipse-ecj.jar --enable-objc-gc --enable-secureplt --with-cpu=power8 --enable-targets=powerpcle-linux --disable-multilib --enable-multiarch --disable-werror --with-long-double-128 --enable-checking=release --build=powerpc64le-linux-gnu --host=powerpc64le-linux-gnu --target=powerpc64le-linux-gnu
Thread model: posix
gcc version 5.4.0 20160609 (Ubuntu/IBM 5.4.0-6ubuntu1~16.04.4) 
 /usr/lib/gcc/powerpc64le-linux-gnu/5/f951 conftest.f -ffixed-form -I /usr/lib/openmpi/include -I /usr/lib/openmpi/lib -msecure-plt -quiet -dumpbase conftest.f -mcpu=power8 -auxbase conftest -g -O2 -version -fintrinsic-modules-path /usr/lib/gcc/powerpc64le-linux-gnu/5/finclude -o /tmp/ccarxTGT.s
GNU Fortran (Ubuntu/IBM 5.4.0-6ubuntu1~16.04.4) version 5.4.0 20160609 (powerpc64le-linux-gnu)
	compiled by GNU C version 5.4.0 20160609, GMP version 6.1.0, MPFR version 3.1.4, MPC version 1.0.3
GGC heuristics: --param ggc-min-expand=100 --param ggc-min-heapsize=131072
GNU Fortran2008 (Ubuntu/IBM 5.4.0-6ubuntu1~16.04.4) version 5.4.0 20160609 (powerpc64le-linux-gnu)
	compiled by GNU C version 5.4.0 20160609, GMP version 6.1.0, MPFR version 3.1.4, MPC version 1.0.3
GGC heuristics: --param ggc-min-expand=100 --param ggc-min-heapsize=131072
 as -v -I /usr/lib/openmpi/include -I /usr/lib/openmpi/lib -a64 -mpower8 -many -mlittle -o /tmp/ccyE4ze9.o /tmp/ccarxTGT.s
GNU assembler version 2.26.1 (powerpc64le-linux-gnu) using BFD version (GNU Binutils for Ubuntu) 2.26.1
Reading specs from /usr/lib/gcc/powerpc64le-linux-gnu/5/libgfortran.spec
rename spec lib to liborig
 /usr/lib/gcc/powerpc64le-linux-gnu/5/collect2 -plugin /usr/lib/gcc/powerpc64le-linux-gnu/5/liblto_plugin.so -plugin-opt=/usr/lib/gcc/powerpc64le-linux-gnu/5/lto-wrapper -plugin-opt=-fresolution=/tmp/ccjD2oMo.res -plugin-opt=-pass-through=-lgcc_s -plugin-opt=-pass-through=-lgcc -plugin-opt=-pass-through=-lm -plugin-opt=-pass-through=-lgcc_s -plugin-opt=-pass-through=-lgcc -plugin-opt=-pass-through=-lpthread -plugin-opt=-pass-through=-lc -plugin-opt=-pass-through=-lgcc_s -plugin-opt=-pass-through=-lgcc --sysroot=/ --build-id --eh-frame-hdr -V -m elf64lppc --hash-style=gnu --as-needed -dynamic-linker /lib64/ld64.so.2 -z relro -o conftest /usr/lib/gcc/powerpc64le-linux-gnu/5/../../../powerpc64le-linux-gnu/crt1.o /usr/lib/gcc/powerpc64le-linux-gnu/5/../../../powerpc64le-linux-gnu/crti.o /usr/lib/gcc/powerpc64le-linux-gnu/5/crtbegin.o -L/home/aborle1/Baselibs/powerpc64le-unknown-linux-gnu/gfortran_5.4.0-openmpi_1.10.2/Linux/lib -L/usr/lib/openmpi/lib -L/usr/lib/gcc/powerpc64le-linux-gnu/5 -L/usr/lib/gcc/powerpc64le-linux-gnu/5/../../../powerpc64le-linux-gnu -L/usr/lib/gcc/powerpc64le-linux-gnu/5/../../../../lib -L/lib/powerpc64le-linux-gnu -L/lib/../lib -L/usr/lib/powerpc64le-linux-gnu -L/usr/lib/../lib -L/usr/lib/gcc/powerpc64le-linux-gnu/5/../../.. /tmp/ccyE4ze9.o -lmfhdf -ldf -lsz -ljpeg -ldl -lgfortran -lm -rpath /usr/lib/openmpi/lib --enable-new-dtags -lmpi_usempif08 -lmpi_usempi_ignore_tkr -lmpi_mpifh -lmpi -lgfortran -lm -lgcc_s -lgcc -lm -lgcc_s -lgcc -lpthread -lc -lgcc_s -lgcc /usr/lib/gcc/powerpc64le-linux-gnu/5/crtend.o /usr/lib/gcc/powerpc64le-linux-gnu/5/../../../powerpc64le-linux-gnu/crtn.o
GNU ld (GNU Binutils for Ubuntu) 2.26.1
  Supported emulations:
   elf64lppc
   elf32lppc
   elf32lppclinux
   elf32lppcsim
   elf32ppclinux
   elf32ppc
   elf32ppcsim
   elf64ppc
configure:3704: result: -v
configure:3706: checking for Fortran libraries of mpifort
configure:3729: mpifort -o conftest -g -O2 -v conftest.f -L/home/aborle1/Baselibs/powerpc64le-unknown-linux-gnu/gfortran_5.4.0-openmpi_1.10.2/Linux/lib -lmfhdf -ldf -lsz -ljpeg -ldl -lm
Using built-in specs.
Target: powerpc64le-linux-gnu
Configured with: ../src/configure -v --with-pkgversion='Ubuntu/IBM 5.4.0-6ubuntu1~16.04.4' --with-bugurl=file:///usr/share/doc/gcc-5/README.Bugs --enable-languages=c,ada,c++,java,go,d,fortran,objc,obj-c++ --prefix=/usr --program-suffix=-5 --enable-shared --enable-linker-build-id --libexecdir=/usr/lib --without-included-gettext --enable-threads=posix --libdir=/usr/lib --enable-nls --with-sysroot=/ --enable-clocale=gnu --enable-libstdcxx-debug --enable-libstdcxx-time=yes --with-default-libstdcxx-abi=new --enable-gnu-unique-object --disable-libquadmath --enable-plugin --with-system-zlib --disable-browser-plugin --enable-java-awt=gtk --enable-gtk-cairo --with-java-home=/usr/lib/jvm/java-1.5.0-gcj-5-ppc64el/jre --enable-java-home --with-jvm-root-dir=/usr/lib/jvm/java-1.5.0-gcj-5-ppc64el --with-jvm-jar-dir=/usr/lib/jvm-exports/java-1.5.0-gcj-5-ppc64el --with-arch-directory=ppc64le --with-ecj-jar=/usr/share/java/eclipse-ecj.jar --enable-objc-gc --enable-secureplt --with-cpu=power8 --enable-targets=powerpcle-linux --disable-multilib --enable-multiarch --disable-werror --with-long-double-128 --enable-checking=release --build=powerpc64le-linux-gnu --host=powerpc64le-linux-gnu --target=powerpc64le-linux-gnu
Thread model: posix
gcc version 5.4.0 20160609 (Ubuntu/IBM 5.4.0-6ubuntu1~16.04.4) 
 /usr/lib/gcc/powerpc64le-linux-gnu/5/f951 conftest.f -ffixed-form -I /usr/lib/openmpi/include -I /usr/lib/openmpi/lib -msecure-plt -quiet -dumpbase conftest.f -mcpu=power8 -auxbase conftest -g -O2 -version -fintrinsic-modules-path /usr/lib/gcc/powerpc64le-linux-gnu/5/finclude -o /tmp/ccPfrkBY.s
GNU Fortran (Ubuntu/IBM 5.4.0-6ubuntu1~16.04.4) version 5.4.0 20160609 (powerpc64le-linux-gnu)
	compiled by GNU C version 5.4.0 20160609, GMP version 6.1.0, MPFR version 3.1.4, MPC version 1.0.3
GGC heuristics: --param ggc-min-expand=100 --param ggc-min-heapsize=131072
GNU Fortran2008 (Ubuntu/IBM 5.4.0-6ubuntu1~16.04.4) version 5.4.0 20160609 (powerpc64le-linux-gnu)
	compiled by GNU C version 5.4.0 20160609, GMP version 6.1.0, MPFR version 3.1.4, MPC version 1.0.3
GGC heuristics: --param ggc-min-expand=100 --param ggc-min-heapsize=131072
 as -v -I /usr/lib/openmpi/include -I /usr/lib/openmpi/lib -a64 -mpower8 -many -mlittle -o /tmp/cc0Ve6ae.o /tmp/ccPfrkBY.s
GNU assembler version 2.26.1 (powerpc64le-linux-gnu) using BFD version (GNU Binutils for Ubuntu) 2.26.1
Reading specs from /usr/lib/gcc/powerpc64le-linux-gnu/5/libgfortran.spec
rename spec lib to liborig
 /usr/lib/gcc/powerpc64le-linux-gnu/5/collect2 -plugin /usr/lib/gcc/powerpc64le-linux-gnu/5/liblto_plugin.so -plugin-opt=/usr/lib/gcc/powerpc64le-linux-gnu/5/lto-wrapper -plugin-opt=-fresolution=/tmp/ccSAQXKt.res -plugin-opt=-pass-through=-lgcc_s -plugin-opt=-pass-through=-lgcc -plugin-opt=-pass-through=-lm -plugin-opt=-pass-through=-lgcc_s -plugin-opt=-pass-through=-lgcc -plugin-opt=-pass-through=-lpthread -plugin-opt=-pass-through=-lc -plugin-opt=-pass-through=-lgcc_s -plugin-opt=-pass-through=-lgcc --sysroot=/ --build-id --eh-frame-hdr -V -m elf64lppc --hash-style=gnu --as-needed -dynamic-linker /lib64/ld64.so.2 -z relro -o conftest /usr/lib/gcc/powerpc64le-linux-gnu/5/../../../powerpc64le-linux-gnu/crt1.o /usr/lib/gcc/powerpc64le-linux-gnu/5/../../../powerpc64le-linux-gnu/crti.o /usr/lib/gcc/powerpc64le-linux-gnu/5/crtbegin.o -L/home/aborle1/Baselibs/powerpc64le-unknown-linux-gnu/gfortran_5.4.0-openmpi_1.10.2/Linux/lib -L/usr/lib/openmpi/lib -L/usr/lib/gcc/powerpc64le-linux-gnu/5 -L/usr/lib/gcc/powerpc64le-linux-gnu/5/../../../powerpc64le-linux-gnu -L/usr/lib/gcc/powerpc64le-linux-gnu/5/../../../../lib -L/lib/powerpc64le-linux-gnu -L/lib/../lib -L/usr/lib/powerpc64le-linux-gnu -L/usr/lib/../lib -L/usr/lib/gcc/powerpc64le-linux-gnu/5/../../.. /tmp/cc0Ve6ae.o -lmfhdf -ldf -lsz -ljpeg -ldl -lgfortran -lm -rpath /usr/lib/openmpi/lib --enable-new-dtags -lmpi_usempif08 -lmpi_usempi_ignore_tkr -lmpi_mpifh -lmpi -lgfortran -lm -lgcc_s -lgcc -lm -lgcc_s -lgcc -lpthread -lc -lgcc_s -lgcc /usr/lib/gcc/powerpc64le-linux-gnu/5/crtend.o /usr/lib/gcc/powerpc64le-linux-gnu/5/../../../powerpc64le-linux-gnu/crtn.o
GNU ld (GNU Binutils for Ubuntu) 2.26.1
  Supported emulations:
   elf64lppc
   elf32lppc
   elf32lppclinux
   elf32lppcsim
   elf32ppclinux
   elf32ppc
   elf32ppcsim
   elf64ppc
configure:3903: result:  -L/home/aborle1/Baselibs/powerpc64le-unknown-linux-gnu/gfortran_5.4.0-openmpi_1.10.2/Linux/lib -L/usr/lib/openmpi/lib -L/usr/lib/gcc/powerpc64le-linux-gnu/5 -L/usr/lib/gcc/powerpc64le-linux-gnu/5/../../../powerpc64le-linux-gnu -L/usr/lib/gcc/powerpc64le-linux-gnu/5/../../../../lib -L/lib/powerpc64le-linux-gnu -L/lib/../lib -L/usr/lib/powerpc64le-linux-gnu -L/usr/lib/../lib -L/usr/lib/gcc/powerpc64le-linux-gnu/5/../../.. -lmfhdf -ldf -lsz -ljpeg -ldl -lgfortran -lm -lmpi_usempif08 -lmpi_usempi_ignore_tkr -lmpi_mpifh -lmpi -lpthread
configure:3945: checking for uuid_create in -luuid
configure:3970: mpicc -o conftest -fPIC -DgFortran  -I/home/aborle1/Baselibs/powerpc64le-unknown-linux-gnu/gfortran_5.4.0-openmpi_1.10.2/Linux/include/    -I/home/aborle1/Baselibs/powerpc64le-unknown-linux-gnu/gfortran_5.4.0-openmpi_1.10.2/Linux/include/zlib    -I/home/aborle1/Baselibs/powerpc64le-unknown-linux-gnu/gfortran_5.4.0-openmpi_1.10.2/Linux/include/szlib    -I/home/aborle1/Baselibs/powerpc64le-unknown-linux-gnu/gfortran_5.4.0-openmpi_1.10.2/Linux/include/jpeg    -I/home/aborle1/Baselibs/powerpc64le-unknown-linux-gnu/gfortran_5.4.0-openmpi_1.10.2/Linux/include/hdf5    -I/home/aborle1/Baselibs/powerpc64le-unknown-linux-gnu/gfortran_5.4.0-openmpi_1.10.2/Linux/include/hdf    -I/home/aborle1/Baselibs/powerpc64le-unknown-linux-gnu/gfortran_5.4.0-openmpi_1.10.2/Linux/include/uuid    -I/home/aborle1/Baselibs/powerpc64le-unknown-linux-gnu/gfortran_5.4.0-openmpi_1.10.2/Linux/include/netcdf    -I/home/aborle1/Baselibs/powerpc64le-unknown-linux-gnu/gfortran_5.4.0-openmpi_1.10.2/Linux/include/udunits2   -fPIC   -lm  conftest.c -luuid   -I/home/aborle1/Baselibs/powerpc64le-unknown-linux-gnu/gfortran_5.4.0-openmpi_1.10.2/Linux/include/uuid  -L/home/aborle1/Baselibs/powerpc64le-unknown-linux-gnu/gfortran_5.4.0-openmpi_1.10.2/Linux/lib  -Wl,-rpath=/home/aborle1/Baselibs/powerpc64le-unknown-linux-gnu/gfortran_5.4.0-openmpi_1.10.2/Linux/lib -luuid   -L/home/aborle1/Baselibs/powerpc64le-unknown-linux-gnu/gfortran_5.4.0-openmpi_1.10.2/Linux/lib -lmfhdf -ldf -lsz -ljpeg  -ldl -lm >&5
configure:3970: $? = 0
configure:3979: result: yes
configure:4019: checking for ut_parse in -ludunits2
configure:4044: mpicc -o conftest -fPIC -DgFortran  -I/home/aborle1/Baselibs/powerpc64le-unknown-linux-gnu/gfortran_5.4.0-openmpi_1.10.2/Linux/include/    -I/home/aborle1/Baselibs/powerpc64le-unknown-linux-gnu/gfortran_5.4.0-openmpi_1.10.2/Linux/include/zlib    -I/home/aborle1/Baselibs/powerpc64le-unknown-linux-gnu/gfortran_5.4.0-openmpi_1.10.2/Linux/include/szlib    -I/home/aborle1/Baselibs/powerpc64le-unknown-linux-gnu/gfortran_5.4.0-openmpi_1.10.2/Linux/include/jpeg    -I/home/aborle1/Baselibs/powerpc64le-unknown-linux-gnu/gfortran_5.4.0-openmpi_1.10.2/Linux/include/hdf5    -I/home/aborle1/Baselibs/powerpc64le-unknown-linux-gnu/gfortran_5.4.0-openmpi_1.10.2/Linux/include/hdf    -I/home/aborle1/Baselibs/powerpc64le-unknown-linux-gnu/gfortran_5.4.0-openmpi_1.10.2/Linux/include/uuid    -I/home/aborle1/Baselibs/powerpc64le-unknown-linux-gnu/gfortran_5.4.0-openmpi_1.10.2/Linux/include/netcdf    -I/home/aborle1/Baselibs/powerpc64le-unknown-linux-gnu/gfortran_5.4.0-openmpi_1.10.2/Linux/include/udunits2   -fPIC   -lm  conftest.c -ludunits2   -I/home/aborle1/Baselibs/powerpc64le-unknown-linux-gnu/gfortran_5.4.0-openmpi_1.10.2/Linux/include/udunits2  -L/home/aborle1/Baselibs/powerpc64le-unknown-linux-gnu/gfortran_5.4.0-openmpi_1.10.2/Linux/lib  -Wl,-rpath=/home/aborle1/Baselibs/powerpc64le-unknown-linux-gnu/gfortran_5.4.0-openmpi_1.10.2/Linux/lib -ludunits2 -lexpat -lm    >&5
configure:4044: $? = 0
configure:4053: result: yes
configure:4081: checking for /home/aborle1/Baselibs/powerpc64le-unknown-linux-gnu/gfortran_5.4.0-openmpi_1.10.2/Linux/bin/nc-config
configure:4095: result: yes
configure:4174: checking for nc_inq_var_deflate in -lnetcdf
configure:4199: mpicc -o conftest -I/home/aborle1/Baselibs/powerpc64le-unknown-linux-gnu/gfortran_5.4.0-openmpi_1.10.2/Linux/include -DgFortran -I/home/aborle1/Baselibs/powerpc64le-unknown-linux-gnu/gfortran_5.4.0-openmpi_1.10.2/Linux/include/ -I/home/aborle1/Baselibs/powerpc64le-unknown-linux-gnu/gfortran_5.4.0-openmpi_1.10.2/Linux/include/zlib -I/home/aborle1/Baselibs/powerpc64le-unknown-linux-gnu/gfortran_5.4.0-openmpi_1.10.2/Linux/include/szlib -I/home/aborle1/Baselibs/powerpc64le-unknown-linux-gnu/gfortran_5.4.0-openmpi_1.10.2/Linux/include/jpeg -I/home/aborle1/Baselibs/powerpc64le-unknown-linux-gnu/gfortran_5.4.0-openmpi_1.10.2/Linux/include/hdf5 -I/home/aborle1/Baselibs/powerpc64le-unknown-linux-gnu/gfortran_5.4.0-openmpi_1.10.2/Linux/include/hdf -I/home/aborle1/Baselibs/powerpc64le-unknown-linux-gnu/gfortran_5.4.0-openmpi_1.10.2/Linux/include/uuid -I/home/aborle1/Baselibs/powerpc64le-unknown-linux-gnu/gfortran_5.4.0-openmpi_1.10.2/Linux/include/netcdf -I/home/aborle1/Baselibs/powerpc64le-unknown-linux-gnu/gfortran_5.4.0-openmpi_1.10.2/Linux/include/udunits2  -L/home/aborle1/Baselibs/powerpc64le-unknown-linux-gnu/gfortran_5.4.0-openmpi_1.10.2/Linux/lib -lnetcdf -ljpeg -lmfhdf -ldf -lhdf5_hl -lhdf5 -ldl -lm -lmfhdf -ldf -lsz -ljpeg -lcurl -lssl -lcrypto -lssl -lcrypto -lz -lm -ldl -lm conftest.c -lnetcdf  -L/home/aborle1/Baselibs/powerpc64le-unknown-linux-gnu/gfortran_5.4.0-openmpi_1.10.2/Linux/lib -lnetcdf -ljpeg -lmfhdf -ldf -lhdf5_hl -lhdf5 -ldl -lm -lmfhdf -ldf -lsz -ljpeg -lcurl -lssl -lcrypto -lssl -lcrypto -lz -lm -ldl -lm   >&5
configure:4199: $? = 0
configure:4208: result: yes
configure:4465: creating ./config.status

## ---------------------- ##
## Running config.status. ##
## ---------------------- ##

This file was extended by cmor config.status 2.5.0, which was
generated by GNU Autoconf 2.65.  Invocation command line was

  CONFIG_FILES    = 
  CONFIG_HEADERS  = 
  CONFIG_LINKS    = 
  CONFIG_COMMANDS = 
  $ ./config.status 

on p8umbc1

config.status:801: creating Makefile
config.status:801: creating setup.py
config.status:801: creating compile_line.txt
config.status:801: creating include/cmor_locale.h
configure:5470: WARNING: unrecognized options: --with-szlib, --with-zlib, --with-hdf5
configure:5475: 
configure:5477: ************************************************************************
configure:5479:                               SUMMARY
configure:5481:                             VERSION: 2.5.0 (commit:  X°êÿ?)
configure:5483: ************************************************************************
configure:5485: 
configure:5487: ........................................................................
configure:5489: ...                             COMPILERS
configure:5491: ........................................................................
configure:5493: 
configure:5495:             FORTRAN
configure:5501:  FC=mpifort
configure:5503:  F77=mpifort
configure:5505:  FFLAGS=
configure:5507:  FCFLAGS=-g -O2
configure:5510: ........................................................................
configure:5512: ...                             EXTERNALS                            ...
configure:5514: ........................................................................
configure:5517: 
configure:5519: SZLIB
configure:5521:  CFLAGS  : 
configure:5523:  LDFLAGS : 
configure:5526: 
configure:5528: UUID
configure:5530:  CFLAGS  :  -I/home/aborle1/Baselibs/powerpc64le-unknown-linux-gnu/gfortran_5.4.0-openmpi_1.10.2/Linux/include/uuid
configure:5532:  LDFLAGS :  -L/home/aborle1/Baselibs/powerpc64le-unknown-linux-gnu/gfortran_5.4.0-openmpi_1.10.2/Linux/lib  -Wl,-rpath=/home/aborle1/Baselibs/powerpc64le-unknown-linux-gnu/gfortran_5.4.0-openmpi_1.10.2/Linux/lib -luuid
configure:5534: 
configure:5536: UDUNITS2
configure:5538:  CFLAGS  :  -I/home/aborle1/Baselibs/powerpc64le-unknown-linux-gnu/gfortran_5.4.0-openmpi_1.10.2/Linux/include/udunits2
configure:5540:  LDFLAGS :  -L/home/aborle1/Baselibs/powerpc64le-unknown-linux-gnu/gfortran_5.4.0-openmpi_1.10.2/Linux/lib  -Wl,-rpath=/home/aborle1/Baselibs/powerpc64le-unknown-linux-gnu/gfortran_5.4.0-openmpi_1.10.2/Linux/lib -ludunits2 -lexpat
configure:5542: 
configure:5546: NetCDF4
configure:5548:  CFLAGS  : -I/home/aborle1/Baselibs/powerpc64le-unknown-linux-gnu/gfortran_5.4.0-openmpi_1.10.2/Linux/include -DgFortran -I/home/aborle1/Baselibs/powerpc64le-unknown-linux-gnu/gfortran_5.4.0-openmpi_1.10.2/Linux/include/ -I/home/aborle1/Baselibs/powerpc64le-unknown-linux-gnu/gfortran_5.4.0-openmpi_1.10.2/Linux/include/zlib -I/home/aborle1/Baselibs/powerpc64le-unknown-linux-gnu/gfortran_5.4.0-openmpi_1.10.2/Linux/include/szlib -I/home/aborle1/Baselibs/powerpc64le-unknown-linux-gnu/gfortran_5.4.0-openmpi_1.10.2/Linux/include/jpeg -I/home/aborle1/Baselibs/powerpc64le-unknown-linux-gnu/gfortran_5.4.0-openmpi_1.10.2/Linux/include/hdf5 -I/home/aborle1/Baselibs/powerpc64le-unknown-linux-gnu/gfortran_5.4.0-openmpi_1.10.2/Linux/include/hdf -I/home/aborle1/Baselibs/powerpc64le-unknown-linux-gnu/gfortran_5.4.0-openmpi_1.10.2/Linux/include/uuid -I/home/aborle1/Baselibs/powerpc64le-unknown-linux-gnu/gfortran_5.4.0-openmpi_1.10.2/Linux/include/netcdf -I/home/aborle1/Baselibs/powerpc64le-unknown-linux-gnu/gfortran_5.4.0-openmpi_1.10.2/Linux/include/udunits2
configure:5550:  LDFLAGS : -L/home/aborle1/Baselibs/powerpc64le-unknown-linux-gnu/gfortran_5.4.0-openmpi_1.10.2/Linux/lib -lnetcdf -ljpeg -lmfhdf -ldf -lhdf5_hl -lhdf5 -ldl -lm -lmfhdf -ldf -lsz -ljpeg -lcurl -lssl -lcrypto -lssl -lcrypto -lz -lm -ldl -lm
configure:5564: 
configure:5566:  PYTHON
configure:5572:  Built using python: /usr/bin/..//bin/python
configure:5575: 
configure:5577: Type "make" to build cmor
configure:5579: Type "make install" to build and install cmor to /home/aborle1/Baselibs/powerpc64le-unknown-linux-gnu/gfortran_5.4.0-openmpi_1.10.2/Linux
configure:5581: 
configure:5583: Type "make test" to build and test cmor code only
configure:5585: Type "make test_C" to build cmor and test C only
configure:5588: Will also test for python since your are using CDAT
configure:5590: Type "make test_python" to build and test cmor python only
configure:5594: Type "make test_fortran" to build cmor and test fortran only
configure:5600: 
configure:5602: You can compile C or FORTRAN code using the compilation lines shown in file: compile_line.txt and printed bellow:
configure:5604: 
configure:5606: 

## ---------------- ##
## Cache variables. ##
## ---------------- ##

ac_cv_build=/home/aborle1/Baselibs/powerpc64le-unknown-linux-gnu
ac_cv_c_compiler_gnu=yes
ac_cv_env_CC_set=set
ac_cv_env_CC_value=mpicc
ac_cv_env_CFLAGS_set=set
ac_cv_env_CFLAGS_value='-fPIC -DgFortran  -I/home/aborle1/Baselibs/powerpc64le-unknown-linux-gnu/gfortran_5.4.0-openmpi_1.10.2/Linux/include/    -I/home/aborle1/Baselibs/powerpc64le-unknown-linux-gnu/gfortran_5.4.0-openmpi_1.10.2/Linux/include/zlib    -I/home/aborle1/Baselibs/powerpc64le-unknown-linux-gnu/gfortran_5.4.0-openmpi_1.10.2/Linux/include/szlib    -I/home/aborle1/Baselibs/powerpc64le-unknown-linux-gnu/gfortran_5.4.0-openmpi_1.10.2/Linux/include/jpeg    -I/home/aborle1/Baselibs/powerpc64le-unknown-linux-gnu/gfortran_5.4.0-openmpi_1.10.2/Linux/include/hdf5    -I/home/aborle1/Baselibs/powerpc64le-unknown-linux-gnu/gfortran_5.4.0-openmpi_1.10.2/Linux/include/hdf    -I/home/aborle1/Baselibs/powerpc64le-unknown-linux-gnu/gfortran_5.4.0-openmpi_1.10.2/Linux/include/uuid    -I/home/aborle1/Baselibs/powerpc64le-unknown-linux-gnu/gfortran_5.4.0-openmpi_1.10.2/Linux/include/netcdf    -I/home/aborle1/Baselibs/powerpc64le-unknown-linux-gnu/gfortran_5.4.0-openmpi_1.10.2/Linux/include/udunits2   -fPIC'
ac_cv_env_CPPFLAGS_set=
ac_cv_env_CPPFLAGS_value=
ac_cv_env_CPP_set=
ac_cv_env_CPP_value=
ac_cv_env_FCFLAGS_set=
ac_cv_env_FCFLAGS_value=
ac_cv_env_FC_set=set
ac_cv_env_FC_value=mpifort
ac_cv_env_LDFLAGS_set=
ac_cv_env_LDFLAGS_value=
ac_cv_env_LIBS_set=set
ac_cv_env_LIBS_value='-L/home/aborle1/Baselibs/powerpc64le-unknown-linux-gnu/gfortran_5.4.0-openmpi_1.10.2/Linux/lib -lmfhdf -ldf -lsz -ljpeg  -ldl -lm'
ac_cv_env_build_alias_set=set
ac_cv_env_build_alias_value=/home/aborle1/Baselibs/powerpc64le-unknown-linux-gnu
ac_cv_env_host_alias_set=
ac_cv_env_host_alias_value=
ac_cv_env_target_alias_set=
ac_cv_env_target_alias_value=
ac_cv_fc_compiler_gnu=yes
ac_cv_fc_libs=' -L/home/aborle1/Baselibs/powerpc64le-unknown-linux-gnu/gfortran_5.4.0-openmpi_1.10.2/Linux/lib -L/usr/lib/openmpi/lib -L/usr/lib/gcc/powerpc64le-linux-gnu/5 -L/usr/lib/gcc/powerpc64le-linux-gnu/5/../../../powerpc64le-linux-gnu -L/usr/lib/gcc/powerpc64le-linux-gnu/5/../../../../lib -L/lib/powerpc64le-linux-gnu -L/lib/../lib -L/usr/lib/powerpc64le-linux-gnu -L/usr/lib/../lib -L/usr/lib/gcc/powerpc64le-linux-gnu/5/../../.. -lmfhdf -ldf -lsz -ljpeg -ldl -lgfortran -lm -lmpi_usempif08 -lmpi_usempi_ignore_tkr -lmpi_mpifh -lmpi -lpthread'
ac_cv_file__home_aborle1_Baselibs_powerpc64le_unknown_linux_gnu_gfortran_5_4_0_openmpi_1_10_2_Linux_bin_nc_config=yes
ac_cv_host=/home/aborle1/Baselibs/powerpc64le-unknown-linux-gnu
ac_cv_lib_netcdf_nc_inq_var_deflate=yes
ac_cv_lib_udunits2_ut_parse=yes
ac_cv_lib_uuid_uuid_create=yes
ac_cv_objext=o
ac_cv_path_SED=/bin/sed
ac_cv_path_mkdir=/bin/mkdir
ac_cv_prog_CPP='mpicc -E'
ac_cv_prog_ac_ct_CC=mpicc
ac_cv_prog_ac_ct_RANLIB=ranlib
ac_cv_prog_cc_c89=
ac_cv_prog_cc_g=yes
ac_cv_prog_fc_g=yes
ac_cv_prog_fc_v=-v
ac_cv_target=/home/aborle1/Baselibs/powerpc64le-unknown-linux-gnu

## ----------------- ##
## Output variables. ##
## ----------------- ##

CC='mpicc'
CDATPREFIX='--prefix=/home/aborle1/Baselibs/powerpc64le-unknown-linux-gnu/gfortran_5.4.0-openmpi_1.10.2/Linux'
CFLAGS='-I/home/aborle1/Baselibs/powerpc64le-unknown-linux-gnu/gfortran_5.4.0-openmpi_1.10.2/Linux/include -DgFortran -I/home/aborle1/Baselibs/powerpc64le-unknown-linux-gnu/gfortran_5.4.0-openmpi_1.10.2/Linux/include/ -I/home/aborle1/Baselibs/powerpc64le-unknown-linux-gnu/gfortran_5.4.0-openmpi_1.10.2/Linux/include/zlib -I/home/aborle1/Baselibs/powerpc64le-unknown-linux-gnu/gfortran_5.4.0-openmpi_1.10.2/Linux/include/szlib -I/home/aborle1/Baselibs/powerpc64le-unknown-linux-gnu/gfortran_5.4.0-openmpi_1.10.2/Linux/include/jpeg -I/home/aborle1/Baselibs/powerpc64le-unknown-linux-gnu/gfortran_5.4.0-openmpi_1.10.2/Linux/include/hdf5 -I/home/aborle1/Baselibs/powerpc64le-unknown-linux-gnu/gfortran_5.4.0-openmpi_1.10.2/Linux/include/hdf -I/home/aborle1/Baselibs/powerpc64le-unknown-linux-gnu/gfortran_5.4.0-openmpi_1.10.2/Linux/include/uuid -I/home/aborle1/Baselibs/powerpc64le-unknown-linux-gnu/gfortran_5.4.0-openmpi_1.10.2/Linux/include/netcdf -I/home/aborle1/Baselibs/powerpc64le-unknown-linux-gnu/gfortran_5.4.0-openmpi_1.10.2/Linux/include/udunits2 -Iinclude -Iinclude/cdTime'
CPP='mpicc -E'
CPPFLAGS=''
DEBUG='-g'
DEFS='-DPACKAGE_NAME=\"cmor\" -DPACKAGE_TARNAME=\"cmor\" -DPACKAGE_VERSION=\"2.5.0\" -DPACKAGE_STRING=\"cmor\ 2.5.0\" -DPACKAGE_BUGREPORT=\"doutriaux1@llnl.gov\" -DPACKAGE_URL=\"\" -DHAVE_LIBUUID=1 -DHAVE_LIBUDUNITS2=1'
ECHO_C=''
ECHO_N='-n'
ECHO_T=''
EXEEXT=''
FC='mpifort'
FCFLAGS='-g -O2'
FCLIBS=' -L/home/aborle1/Baselibs/powerpc64le-unknown-linux-gnu/gfortran_5.4.0-openmpi_1.10.2/Linux/lib -L/usr/lib/openmpi/lib -L/usr/lib/gcc/powerpc64le-linux-gnu/5 -L/usr/lib/gcc/powerpc64le-linux-gnu/5/../../../powerpc64le-linux-gnu -L/usr/lib/gcc/powerpc64le-linux-gnu/5/../../../../lib -L/lib/powerpc64le-linux-gnu -L/lib/../lib -L/usr/lib/powerpc64le-linux-gnu -L/usr/lib/../lib -L/usr/lib/gcc/powerpc64le-linux-gnu/5/../../.. -lmfhdf -ldf -lsz -ljpeg -ldl -lgfortran -lm -lmpi_usempif08 -lmpi_usempi_ignore_tkr -lmpi_mpifh -lmpi -lpthread'
FFLAGS=''
INCFILES='include/cmor.h  include/cmor_func_def.h include/cmor_md5.h include/cdTime/cddrs.h	include/cdTime/cddrsint.h  include/cdTime/cdms.h  include/cdTime/cdmsint.h  include/cdTime/cdmsint_new.h  include/cdTime/cdrra.h  include/cdTime/cdunif.h  include/cdTime/cdunifint.h  include/cdTime/cdunifpp/cdunifpp.h  include/cdTime/cdunifpp/cdunifpp_frename.h  include/cdTime/cdunifpp/crayio.h  include/cdTime/cdunifpp/util.h  include/cdTime/cdunifpp/vardef.h  include/cdTime/cfortran.h  include/cdTime/drscdf.h  include/cdTime/drsdef.h	include/cdTime/fcddrs.h  include/cdTime/gaussLats.h  include/cdTime/grads.h  include/cdTime/gx.h  include/cdTime/isdb.h'
LDFLAGS='-L/home/aborle1/Baselibs/powerpc64le-unknown-linux-gnu/gfortran_5.4.0-openmpi_1.10.2/Linux/lib -lnetcdf -ljpeg -lmfhdf -ldf -lhdf5_hl -lhdf5 -ldl -lm -lmfhdf -ldf -lsz -ljpeg -lcurl -lssl -lcrypto -lssl -lcrypto -lz -lm -ldl -lm'
LIBFILES='cmor.o cmor_axes.o cmor_variables.o cmor_tables.o cdTimeConv.o cdUtil.o timeConv.o timeArith.o cmor_grids.o cmor_md5.o  cmor_cfortran_interface.o cmor_fortran_interface.o'
LIBFSOURCES='Src/cmor_fortran_interface.f90'
LIBOBJS=''
LIBS=''
LIBSOURCES='Src/cmor.c Src/cmor_variables.c Src/cmor_axes.c Src/cmor_tables.c Src/cmor_grids.c Src/cdTime/cdTimeConv.c Src/cdTime/cdUtil.c Src/cdTime/timeConv.c Src/cdTime/timeArith.c Src/cmor_cfortran_interface.c Src/cmor_md5.c'
LN_S='ln -s'
LTLIBOBJS=''
MACROS=' -DCOLOREDOUTPUT'
MAKEDEPPYTHON='python'
MAKETESTPYTHON='test_python'
MKDIR_P='/bin/mkdir -p'
MODFILES='cmor_users_functions.*'
NCCFLAGS='-I/home/aborle1/Baselibs/powerpc64le-unknown-linux-gnu/gfortran_5.4.0-openmpi_1.10.2/Linux/include -DgFortran -I/home/aborle1/Baselibs/powerpc64le-unknown-linux-gnu/gfortran_5.4.0-openmpi_1.10.2/Linux/include/ -I/home/aborle1/Baselibs/powerpc64le-unknown-linux-gnu/gfortran_5.4.0-openmpi_1.10.2/Linux/include/zlib -I/home/aborle1/Baselibs/powerpc64le-unknown-linux-gnu/gfortran_5.4.0-openmpi_1.10.2/Linux/include/szlib -I/home/aborle1/Baselibs/powerpc64le-unknown-linux-gnu/gfortran_5.4.0-openmpi_1.10.2/Linux/include/jpeg -I/home/aborle1/Baselibs/powerpc64le-unknown-linux-gnu/gfortran_5.4.0-openmpi_1.10.2/Linux/include/hdf5 -I/home/aborle1/Baselibs/powerpc64le-unknown-linux-gnu/gfortran_5.4.0-openmpi_1.10.2/Linux/include/hdf -I/home/aborle1/Baselibs/powerpc64le-unknown-linux-gnu/gfortran_5.4.0-openmpi_1.10.2/Linux/include/uuid -I/home/aborle1/Baselibs/powerpc64le-unknown-linux-gnu/gfortran_5.4.0-openmpi_1.10.2/Linux/include/netcdf -I/home/aborle1/Baselibs/powerpc64le-unknown-linux-gnu/gfortran_5.4.0-openmpi_1.10.2/Linux/include/udunits2'
NCCONFIG=''
NCLDFLAGS='-L/home/aborle1/Baselibs/powerpc64le-unknown-linux-gnu/gfortran_5.4.0-openmpi_1.10.2/Linux/lib -lnetcdf -ljpeg -lmfhdf -ldf -lhdf5_hl -lhdf5 -ldl -lm -lmfhdf -ldf -lsz -ljpeg -lcurl -lssl -lcrypto -lssl -lcrypto -lz -lm -ldl -lm'
NO_COLOR='NO_COLOR2'
OBJEXT='o'
OK_COLOR='OK_COLOR2'
PACKAGE_BUGREPORT='doutriaux1@llnl.gov'
PACKAGE_NAME='cmor'
PACKAGE_STRING='cmor 2.5.0'
PACKAGE_TARNAME='cmor'
PACKAGE_URL=''
PACKAGE_VERSION='2.5.0'
PATH='/home/aborle1/Baselibs/powerpc64le-unknown-linux-gnu/gfortran_5.4.0-openmpi_1.10.2/Linux/bin:/home/aborle1/bin:/home/aborle1/.local/bin:/usr/local/sbin:/usr/local/bin:/usr/sbin:/usr/bin:/sbin:/bin:/usr/games:/usr/local/games:/snap/bin'
PATH_SEPARATOR=':'
PYTHONEXEC='/usr/bin/..//bin/python'
RANLIB='ranlib'
SED='/bin/sed'
SHELL='/bin/bash'
TEST_FORTRAN='test_fortran'
UDUNITS2FLAGS=' -I/home/aborle1/Baselibs/powerpc64le-unknown-linux-gnu/gfortran_5.4.0-openmpi_1.10.2/Linux/include/udunits2'
UDUNITS2LDFLAGS=' -L/home/aborle1/Baselibs/powerpc64le-unknown-linux-gnu/gfortran_5.4.0-openmpi_1.10.2/Linux/lib  -Wl,-rpath=/home/aborle1/Baselibs/powerpc64le-unknown-linux-gnu/gfortran_5.4.0-openmpi_1.10.2/Linux/lib -ludunits2 -lexpat'
UUIDFLAGS=' -I/home/aborle1/Baselibs/powerpc64le-unknown-linux-gnu/gfortran_5.4.0-openmpi_1.10.2/Linux/include/uuid'
UUIDLDFLAGS=' -L/home/aborle1/Baselibs/powerpc64le-unknown-linux-gnu/gfortran_5.4.0-openmpi_1.10.2/Linux/lib  -Wl,-rpath=/home/aborle1/Baselibs/powerpc64le-unknown-linux-gnu/gfortran_5.4.0-openmpi_1.10.2/Linux/lib -luuid'
VERB='>/dev/null 2>/dev/null'
ZFLAGS=''
ZLDFLAGS=''
ac_ct_CC='mpicc'
ac_ct_FC=''
bindir='${exec_prefix}/bin'
build='/home/aborle1/Baselibs/powerpc64le-unknown-linux-gnu'
build_alias='/home/aborle1/Baselibs/powerpc64le-unknown-linux-gnu'
build_cpu='/home/aborle1/Baselibs/powerpc64le'
build_os='linux-gnu'
build_vendor='unknown'
datadir='${datarootdir}'
datarootdir='${prefix}/share'
docdir='${datarootdir}/doc/${PACKAGE_TARNAME}'
dvidir='${docdir}'
exec_prefix='${prefix}'
host='/home/aborle1/Baselibs/powerpc64le-unknown-linux-gnu'
host_alias=''
host_cpu='/home/aborle1/Baselibs/powerpc64le'
host_os='linux-gnu'
host_vendor='unknown'
htmldir='${docdir}'
includedir='/home/aborle1/Baselibs/powerpc64le-unknown-linux-gnu/gfortran_5.4.0-openmpi_1.10.2/Linux/include/cmor'
infodir='${datarootdir}/info'
libdir='${exec_prefix}/lib'
libexecdir='${exec_prefix}/libexec'
localedir='${datarootdir}/locale'
localstatedir='${prefix}/var'
mandir='${datarootdir}/man'
oldincludedir='/usr/include'
pdfdir='${docdir}'
prefix='/home/aborle1/Baselibs/powerpc64le-unknown-linux-gnu/gfortran_5.4.0-openmpi_1.10.2/Linux'
program_transform_name='s,x,x,'
psdir='${docdir}'
sbindir='${exec_prefix}/sbin'
sharedstatedir='${prefix}/com'
sysconfdir='${prefix}/etc'
target='/home/aborle1/Baselibs/powerpc64le-unknown-linux-gnu'
target_alias=''
target_cpu='/home/aborle1/Baselibs/powerpc64le'
target_os='linux-gnu'
target_vendor='unknown'

## ----------- ##
## confdefs.h. ##
## ----------- ##

/* confdefs.h */
#define PACKAGE_NAME "cmor"
#define PACKAGE_TARNAME "cmor"
#define PACKAGE_VERSION "2.5.0"
#define PACKAGE_STRING "cmor 2.5.0"
#define PACKAGE_BUGREPORT "doutriaux1@llnl.gov"
#define PACKAGE_URL ""
#define HAVE_LIBUUID 1
#define HAVE_LIBUDUNITS2 1

configure: exit 0
