Determining if the Fortran compiler supports OpenMP failed with the following output:
Change Dir: /home/aborle1/Baselibs/src/pFUnit/build-mpi/CMakeFiles/CMakeTmp

Run Build Command:"/usr/bin/make" "cmTC_4006a/fast"
make[2]: Entering directory '/home/aborle1/Baselibs/src/pFUnit/build-mpi/CMakeFiles/CMakeTmp'
/usr/bin/make -f CMakeFiles/cmTC_4006a.dir/build.make CMakeFiles/cmTC_4006a.dir/build
make[3]: Entering directory '/home/aborle1/Baselibs/src/pFUnit/build-mpi/CMakeFiles/CMakeTmp'
Building Fortran object CMakeFiles/cmTC_4006a.dir/testFortranCompilerF90.f90.o
/usr/bin/gfortran     -c /home/aborle1/Baselibs/src/pFUnit/build-mpi/CMakeFiles/CMakeTmp/testFortranCompilerF90.f90 -o CMakeFiles/cmTC_4006a.dir/testFortranCompilerF90.f90.o
Linking Fortran executable cmTC_4006a
/usr/bin/cmake -E cmake_link_script CMakeFiles/cmTC_4006a.dir/link.txt --verbose=1
/usr/bin/gfortran       CMakeFiles/cmTC_4006a.dir/testFortranCompilerF90.f90.o  -o cmTC_4006a  
make[3]: Leaving directory '/home/aborle1/Baselibs/src/pFUnit/build-mpi/CMakeFiles/CMakeTmp'
make[2]: Leaving directory '/home/aborle1/Baselibs/src/pFUnit/build-mpi/CMakeFiles/CMakeTmp'


Determining if the Fortran compiler supports OpenMP failed with the following output:
Change Dir: /home/aborle1/Baselibs/src/pFUnit/build-mpi/CMakeFiles/CMakeTmp

Run Build Command:"/usr/bin/make" "cmTC_4006a/fast"
make[2]: Entering directory '/home/aborle1/Baselibs/src/pFUnit/build-mpi/CMakeFiles/CMakeTmp'
/usr/bin/make -f CMakeFiles/cmTC_4006a.dir/build.make CMakeFiles/cmTC_4006a.dir/build
make[3]: Entering directory '/home/aborle1/Baselibs/src/pFUnit/build-mpi/CMakeFiles/CMakeTmp'
Building Fortran object CMakeFiles/cmTC_4006a.dir/testFortranCompilerF90.f90.o
/usr/bin/gfortran     -c /home/aborle1/Baselibs/src/pFUnit/build-mpi/CMakeFiles/CMakeTmp/testFortranCompilerF90.f90 -o CMakeFiles/cmTC_4006a.dir/testFortranCompilerF90.f90.o
Linking Fortran executable cmTC_4006a
/usr/bin/cmake -E cmake_link_script CMakeFiles/cmTC_4006a.dir/link.txt --verbose=1
/usr/bin/gfortran       CMakeFiles/cmTC_4006a.dir/testFortranCompilerF90.f90.o  -o cmTC_4006a  
make[3]: Leaving directory '/home/aborle1/Baselibs/src/pFUnit/build-mpi/CMakeFiles/CMakeTmp'
make[2]: Leaving directory '/home/aborle1/Baselibs/src/pFUnit/build-mpi/CMakeFiles/CMakeTmp'


Determining if the Fortran compiler supports OpenMP failed with the following output:
Change Dir: /home/aborle1/Baselibs/src/pFUnit/build-mpi/CMakeFiles/CMakeTmp

Run Build Command:"/usr/bin/make" "cmTC_4006a/fast"
make[2]: Entering directory '/home/aborle1/Baselibs/src/pFUnit/build-mpi/CMakeFiles/CMakeTmp'
/usr/bin/make -f CMakeFiles/cmTC_4006a.dir/build.make CMakeFiles/cmTC_4006a.dir/build
make[3]: Entering directory '/home/aborle1/Baselibs/src/pFUnit/build-mpi/CMakeFiles/CMakeTmp'
Building Fortran object CMakeFiles/cmTC_4006a.dir/testFortranCompilerF90.f90.o
/usr/bin/gfortran     -c /home/aborle1/Baselibs/src/pFUnit/build-mpi/CMakeFiles/CMakeTmp/testFortranCompilerF90.f90 -o CMakeFiles/cmTC_4006a.dir/testFortranCompilerF90.f90.o
Linking Fortran executable cmTC_4006a
/usr/bin/cmake -E cmake_link_script CMakeFiles/cmTC_4006a.dir/link.txt --verbose=1
/usr/bin/gfortran       CMakeFiles/cmTC_4006a.dir/testFortranCompilerF90.f90.o  -o cmTC_4006a  
make[3]: Leaving directory '/home/aborle1/Baselibs/src/pFUnit/build-mpi/CMakeFiles/CMakeTmp'
make[2]: Leaving directory '/home/aborle1/Baselibs/src/pFUnit/build-mpi/CMakeFiles/CMakeTmp'


