This file contains any messages produced by compilers while
running configure, to aid debugging if configure makes a mistake.

It was created by "hdf-eos5" configure 1.8, which was
generated by GNU Autoconf 2.59.  Invocation command line was

  $ ./configure --prefix=/home/aborle1/Baselibs/powerpc64le-unknown-linux-gnu/gfortran_5.4.0-openmpi_1.10.2/Linux --with-hdf5=/home/aborle1/Baselibs/powerpc64le-unknown-linux-gnu/gfortran_5.4.0-openmpi_1.10.2/Linux/include/hdf5,/home/aborle1/Baselibs/powerpc64le-unknown-linux-gnu/gfortran_5.4.0-openmpi_1.10.2/Linux/lib --with-zlib=/home/aborle1/Baselibs/powerpc64le-unknown-linux-gnu/gfortran_5.4.0-openmpi_1.10.2/Linux/include/zlib/,/home/aborle1/Baselibs/powerpc64le-unknown-linux-gnu/gfortran_5.4.0-openmpi_1.10.2/Linux/lib --with-szlib=/home/aborle1/Baselibs/powerpc64le-unknown-linux-gnu/gfortran_5.4.0-openmpi_1.10.2/Linux/include/szlib/,/home/aborle1/Baselibs/powerpc64le-unknown-linux-gnu/gfortran_5.4.0-openmpi_1.10.2/Linux/lib

## --------- ##
## Platform. ##
## --------- ##

hostname = p8umbc1
uname -m = ppc64le
uname -r = 4.10.0-30-generic
uname -s = Linux
uname -v = #34~16.04.1-Ubuntu SMP Wed Aug 2 02:12:28 UTC 2017

/usr/bin/uname -p = unknown
/bin/uname -X     = unknown

/bin/arch              = unknown
/usr/bin/arch -k       = unknown
/usr/convex/getsysinfo = unknown
hostinfo               = unknown
/bin/machine           = unknown
/usr/bin/oslevel       = unknown
/bin/universe          = unknown

PATH: /home/aborle1/bin
PATH: /home/aborle1/.local/bin
PATH: /usr/local/sbin
PATH: /usr/local/bin
PATH: /usr/sbin
PATH: /usr/bin
PATH: /sbin
PATH: /bin
PATH: /usr/games
PATH: /usr/local/games
PATH: /snap/bin


## ----------- ##
## Core tests. ##
## ----------- ##

configure:1571: checking for a BSD-compatible install
configure:1626: result: /usr/bin/install -c
configure:1637: checking whether build environment is sane
configure:1680: result: yes
configure:1745: checking for gawk
configure:1761: found /usr/bin/gawk
configure:1771: result: gawk
configure:1781: checking whether make sets $(MAKE)
configure:1801: result: yes
configure:1969: checking whether to enable maintainer-specific portions of Makefiles
configure:1978: result: no
configure:2075: checking build system type
configure:2093: result: powerpc64le-unknown-linux-gnu
configure:2101: checking host system type
configure:2115: result: powerpc64le-unknown-linux-gnu
configure:2135: checking for style of include used by make
configure:2163: result: GNU
configure:2234: checking for gcc
configure:2260: result: mpicc
configure:2504: checking for C compiler version
configure:2507: mpicc --version </dev/null >&5
gcc (Ubuntu/IBM 5.4.0-6ubuntu1~16.04.4) 5.4.0 20160609
Copyright (C) 2015 Free Software Foundation, Inc.
This is free software; see the source for copying conditions.  There is NO
warranty; not even for MERCHANTABILITY or FITNESS FOR A PARTICULAR PURPOSE.

configure:2510: $? = 0
configure:2512: mpicc -v </dev/null >&5
Using built-in specs.
COLLECT_GCC=/usr/bin/gcc
COLLECT_LTO_WRAPPER=/usr/lib/gcc/powerpc64le-linux-gnu/5/lto-wrapper
Target: powerpc64le-linux-gnu
Configured with: ../src/configure -v --with-pkgversion='Ubuntu/IBM 5.4.0-6ubuntu1~16.04.4' --with-bugurl=file:///usr/share/doc/gcc-5/README.Bugs --enable-languages=c,ada,c++,java,go,d,fortran,objc,obj-c++ --prefix=/usr --program-suffix=-5 --enable-shared --enable-linker-build-id --libexecdir=/usr/lib --without-included-gettext --enable-threads=posix --libdir=/usr/lib --enable-nls --with-sysroot=/ --enable-clocale=gnu --enable-libstdcxx-debug --enable-libstdcxx-time=yes --with-default-libstdcxx-abi=new --enable-gnu-unique-object --disable-libquadmath --enable-plugin --with-system-zlib --disable-browser-plugin --enable-java-awt=gtk --enable-gtk-cairo --with-java-home=/usr/lib/jvm/java-1.5.0-gcj-5-ppc64el/jre --enable-java-home --with-jvm-root-dir=/usr/lib/jvm/java-1.5.0-gcj-5-ppc64el --with-jvm-jar-dir=/usr/lib/jvm-exports/java-1.5.0-gcj-5-ppc64el --with-arch-directory=ppc64le --with-ecj-jar=/usr/share/java/eclipse-ecj.jar --enable-objc-gc --enable-secureplt --with-cpu=power8 --enable-targets=powerpcle-linux --disable-multilib --enable-multiarch --disable-werror --with-long-double-128 --enable-checking=release --build=powerpc64le-linux-gnu --host=powerpc64le-linux-gnu --target=powerpc64le-linux-gnu
Thread model: posix
gcc version 5.4.0 20160609 (Ubuntu/IBM 5.4.0-6ubuntu1~16.04.4) 
configure:2515: $? = 0
configure:2517: mpicc -V </dev/null >&5
gcc: error: unrecognized command line option '-V'
gcc: fatal error: no input files
compilation terminated.
configure:2520: $? = 1
configure:2543: checking for C compiler default output file name
configure:2546: mpicc -fPIC     conftest.c -L/home/aborle1/Baselibs/powerpc64le-unknown-linux-gnu/gfortran_5.4.0-openmpi_1.10.2/Linux/lib /home/aborle1/Baselibs/powerpc64le-unknown-linux-gnu/gfortran_5.4.0-openmpi_1.10.2/Linux/lib/libhdf5_hl.a /home/aborle1/Baselibs/powerpc64le-unknown-linux-gnu/gfortran_5.4.0-openmpi_1.10.2/Linux/lib/libhdf5.a /home/aborle1/Baselibs/powerpc64le-unknown-linux-gnu/gfortran_5.4.0-openmpi_1.10.2/Linux/lib/libz.a /home/aborle1/Baselibs/powerpc64le-unknown-linux-gnu/gfortran_5.4.0-openmpi_1.10.2/Linux/lib/libsz.a /home/aborle1/Baselibs/powerpc64le-unknown-linux-gnu/gfortran_5.4.0-openmpi_1.10.2/Linux/lib/libcurl.a -lmfhdf -ldf -lsz  -ljpeg  -ldl -lm >&5
configure:2549: $? = 0
configure:2595: result: a.out
configure:2600: checking whether the C compiler works
configure:2606: ./a.out
configure:2609: $? = 0
configure:2626: result: yes
configure:2633: checking whether we are cross compiling
configure:2635: result: no
configure:2638: checking for suffix of executables
configure:2640: mpicc -o conftest -fPIC     conftest.c -L/home/aborle1/Baselibs/powerpc64le-unknown-linux-gnu/gfortran_5.4.0-openmpi_1.10.2/Linux/lib /home/aborle1/Baselibs/powerpc64le-unknown-linux-gnu/gfortran_5.4.0-openmpi_1.10.2/Linux/lib/libhdf5_hl.a /home/aborle1/Baselibs/powerpc64le-unknown-linux-gnu/gfortran_5.4.0-openmpi_1.10.2/Linux/lib/libhdf5.a /home/aborle1/Baselibs/powerpc64le-unknown-linux-gnu/gfortran_5.4.0-openmpi_1.10.2/Linux/lib/libz.a /home/aborle1/Baselibs/powerpc64le-unknown-linux-gnu/gfortran_5.4.0-openmpi_1.10.2/Linux/lib/libsz.a /home/aborle1/Baselibs/powerpc64le-unknown-linux-gnu/gfortran_5.4.0-openmpi_1.10.2/Linux/lib/libcurl.a -lmfhdf -ldf -lsz  -ljpeg  -ldl -lm >&5
configure:2643: $? = 0
configure:2668: result: 
configure:2674: checking for suffix of object files
configure:2695: mpicc -c -fPIC    conftest.c >&5
configure:2698: $? = 0
configure:2720: result: o
configure:2724: checking whether we are using the GNU C compiler
configure:2748: mpicc -c -fPIC    conftest.c >&5
configure:2754: $? = 0
configure:2758: test -z 
			 || test ! -s conftest.err
configure:2761: $? = 0
configure:2764: test -s conftest.o
configure:2767: $? = 0
configure:2780: result: yes
configure:2786: checking whether mpicc accepts -g
configure:2807: mpicc -c -g  conftest.c >&5
configure:2813: $? = 0
configure:2817: test -z 
			 || test ! -s conftest.err
configure:2820: $? = 0
configure:2823: test -s conftest.o
configure:2826: $? = 0
configure:2837: result: yes
configure:2854: checking for mpicc option to accept ANSI C
configure:2924: mpicc  -c -fPIC    conftest.c >&5
configure:2930: $? = 0
configure:2934: test -z 
			 || test ! -s conftest.err
configure:2937: $? = 0
configure:2940: test -s conftest.o
configure:2943: $? = 0
configure:2961: result: none needed
configure:2979: mpicc -c -fPIC    conftest.c >&5
conftest.c:2:3: error: unknown type name 'choke'
   choke me
   ^
conftest.c:2:3: error: expected '=', ',', ';', 'asm' or '__attribute__' at end of input
configure:2985: $? = 1
configure: failed program was:
| #ifndef __cplusplus
|   choke me
| #endif
configure:3120: checking dependency style of mpicc
configure:3210: result: gcc3
configure:3227: checking for a sed that does not truncate output
configure:3281: result: /bin/sed
configure:3284: checking for egrep
configure:3294: result: grep -E
configure:3310: checking for ld used by mpicc
configure:3377: result: /usr/bin/ld
configure:3386: checking if the linker (/usr/bin/ld) is GNU ld
configure:3401: result: yes
configure:3406: checking for /usr/bin/ld option to reload object files
configure:3413: result: -r
configure:3422: checking for BSD-compatible nm
configure:3464: result: /usr/bin/nm -B
configure:3468: checking whether ln -s works
configure:3472: result: yes
configure:3479: checking how to recognise dependent libraries
configure:3662: result: pass_all
configure:3747: mpicc -c -fPIC    conftest.c >&5
configure:3750: $? = 0
configure:3876: checking how to run the C preprocessor
configure:3911: mpicc -E  conftest.c
configure:3917: $? = 0
configure:3949: mpicc -E  conftest.c
conftest.c:11:28: fatal error: ac_nonexistent.h: No such file or directory
compilation terminated.
configure:3955: $? = 1
configure: failed program was:
| /* confdefs.h.  */
| 
| #define PACKAGE_NAME ""hdf-eos5""
| #define PACKAGE_TARNAME "-hdf-eos5-"
| #define PACKAGE_VERSION "1.8"
| #define PACKAGE_STRING ""hdf-eos5" 1.8"
| #define PACKAGE_BUGREPORT "null@bogus.email"
| #define PACKAGE "-hdf-eos5-"
| #define VERSION "1.8"
| /* end confdefs.h.  */
| #include <ac_nonexistent.h>
configure:3994: result: mpicc -E
configure:4018: mpicc -E  conftest.c
configure:4024: $? = 0
configure:4056: mpicc -E  conftest.c
conftest.c:11:28: fatal error: ac_nonexistent.h: No such file or directory
compilation terminated.
configure:4062: $? = 1
configure: failed program was:
| /* confdefs.h.  */
| 
| #define PACKAGE_NAME ""hdf-eos5""
| #define PACKAGE_TARNAME "-hdf-eos5-"
| #define PACKAGE_VERSION "1.8"
| #define PACKAGE_STRING ""hdf-eos5" 1.8"
| #define PACKAGE_BUGREPORT "null@bogus.email"
| #define PACKAGE "-hdf-eos5-"
| #define VERSION "1.8"
| /* end confdefs.h.  */
| #include <ac_nonexistent.h>
configure:4106: checking for ANSI C header files
configure:4131: mpicc -c -fPIC    conftest.c >&5
configure:4137: $? = 0
configure:4141: test -z 
			 || test ! -s conftest.err
configure:4144: $? = 0
configure:4147: test -s conftest.o
configure:4150: $? = 0
configure:4239: mpicc -o conftest -fPIC     conftest.c -L/home/aborle1/Baselibs/powerpc64le-unknown-linux-gnu/gfortran_5.4.0-openmpi_1.10.2/Linux/lib /home/aborle1/Baselibs/powerpc64le-unknown-linux-gnu/gfortran_5.4.0-openmpi_1.10.2/Linux/lib/libhdf5_hl.a /home/aborle1/Baselibs/powerpc64le-unknown-linux-gnu/gfortran_5.4.0-openmpi_1.10.2/Linux/lib/libhdf5.a /home/aborle1/Baselibs/powerpc64le-unknown-linux-gnu/gfortran_5.4.0-openmpi_1.10.2/Linux/lib/libz.a /home/aborle1/Baselibs/powerpc64le-unknown-linux-gnu/gfortran_5.4.0-openmpi_1.10.2/Linux/lib/libsz.a /home/aborle1/Baselibs/powerpc64le-unknown-linux-gnu/gfortran_5.4.0-openmpi_1.10.2/Linux/lib/libcurl.a -lmfhdf -ldf -lsz  -ljpeg  -ldl -lm >&5
conftest.c: In function 'main':
conftest.c:28:7: warning: implicit declaration of function 'exit' [-Wimplicit-function-declaration]
       exit(2);
       ^
conftest.c:28:7: warning: incompatible implicit declaration of built-in function 'exit'
conftest.c:28:7: note: include '<stdlib.h>' or provide a declaration of 'exit'
conftest.c:29:3: warning: incompatible implicit declaration of built-in function 'exit'
   exit (0);
   ^
conftest.c:29:3: note: include '<stdlib.h>' or provide a declaration of 'exit'
configure:4242: $? = 0
configure:4244: ./conftest
configure:4247: $? = 0
configure:4262: result: yes
configure:4286: checking for sys/types.h
configure:4302: mpicc -c -fPIC    conftest.c >&5
configure:4308: $? = 0
configure:4312: test -z 
			 || test ! -s conftest.err
configure:4315: $? = 0
configure:4318: test -s conftest.o
configure:4321: $? = 0
configure:4332: result: yes
configure:4286: checking for sys/stat.h
configure:4302: mpicc -c -fPIC    conftest.c >&5
configure:4308: $? = 0
configure:4312: test -z 
			 || test ! -s conftest.err
configure:4315: $? = 0
configure:4318: test -s conftest.o
configure:4321: $? = 0
configure:4332: result: yes
configure:4286: checking for stdlib.h
configure:4302: mpicc -c -fPIC    conftest.c >&5
configure:4308: $? = 0
configure:4312: test -z 
			 || test ! -s conftest.err
configure:4315: $? = 0
configure:4318: test -s conftest.o
configure:4321: $? = 0
configure:4332: result: yes
configure:4286: checking for string.h
configure:4302: mpicc -c -fPIC    conftest.c >&5
configure:4308: $? = 0
configure:4312: test -z 
			 || test ! -s conftest.err
configure:4315: $? = 0
configure:4318: test -s conftest.o
configure:4321: $? = 0
configure:4332: result: yes
configure:4286: checking for memory.h
configure:4302: mpicc -c -fPIC    conftest.c >&5
configure:4308: $? = 0
configure:4312: test -z 
			 || test ! -s conftest.err
configure:4315: $? = 0
configure:4318: test -s conftest.o
configure:4321: $? = 0
configure:4332: result: yes
configure:4286: checking for strings.h
configure:4302: mpicc -c -fPIC    conftest.c >&5
configure:4308: $? = 0
configure:4312: test -z 
			 || test ! -s conftest.err
configure:4315: $? = 0
configure:4318: test -s conftest.o
configure:4321: $? = 0
configure:4332: result: yes
configure:4286: checking for inttypes.h
configure:4302: mpicc -c -fPIC    conftest.c >&5
configure:4308: $? = 0
configure:4312: test -z 
			 || test ! -s conftest.err
configure:4315: $? = 0
configure:4318: test -s conftest.o
configure:4321: $? = 0
configure:4332: result: yes
configure:4286: checking for stdint.h
configure:4302: mpicc -c -fPIC    conftest.c >&5
configure:4308: $? = 0
configure:4312: test -z 
			 || test ! -s conftest.err
configure:4315: $? = 0
configure:4318: test -s conftest.o
configure:4321: $? = 0
configure:4332: result: yes
configure:4286: checking for unistd.h
configure:4302: mpicc -c -fPIC    conftest.c >&5
configure:4308: $? = 0
configure:4312: test -z 
			 || test ! -s conftest.err
configure:4315: $? = 0
configure:4318: test -s conftest.o
configure:4321: $? = 0
configure:4332: result: yes
configure:4358: checking dlfcn.h usability
configure:4370: mpicc -c -fPIC    conftest.c >&5
configure:4376: $? = 0
configure:4380: test -z 
			 || test ! -s conftest.err
configure:4383: $? = 0
configure:4386: test -s conftest.o
configure:4389: $? = 0
configure:4399: result: yes
configure:4403: checking dlfcn.h presence
configure:4413: mpicc -E  conftest.c
configure:4419: $? = 0
configure:4439: result: yes
configure:4474: checking for dlfcn.h
configure:4481: result: yes
configure:4588: checking for C++ compiler version
configure:4591: mpic++ --version </dev/null >&5
g++ (Ubuntu/IBM 5.4.0-6ubuntu1~16.04.4) 5.4.0 20160609
Copyright (C) 2015 Free Software Foundation, Inc.
This is free software; see the source for copying conditions.  There is NO
warranty; not even for MERCHANTABILITY or FITNESS FOR A PARTICULAR PURPOSE.

configure:4594: $? = 0
configure:4596: mpic++ -v </dev/null >&5
Using built-in specs.
COLLECT_GCC=/usr/bin/g++
COLLECT_LTO_WRAPPER=/usr/lib/gcc/powerpc64le-linux-gnu/5/lto-wrapper
Target: powerpc64le-linux-gnu
Configured with: ../src/configure -v --with-pkgversion='Ubuntu/IBM 5.4.0-6ubuntu1~16.04.4' --with-bugurl=file:///usr/share/doc/gcc-5/README.Bugs --enable-languages=c,ada,c++,java,go,d,fortran,objc,obj-c++ --prefix=/usr --program-suffix=-5 --enable-shared --enable-linker-build-id --libexecdir=/usr/lib --without-included-gettext --enable-threads=posix --libdir=/usr/lib --enable-nls --with-sysroot=/ --enable-clocale=gnu --enable-libstdcxx-debug --enable-libstdcxx-time=yes --with-default-libstdcxx-abi=new --enable-gnu-unique-object --disable-libquadmath --enable-plugin --with-system-zlib --disable-browser-plugin --enable-java-awt=gtk --enable-gtk-cairo --with-java-home=/usr/lib/jvm/java-1.5.0-gcj-5-ppc64el/jre --enable-java-home --with-jvm-root-dir=/usr/lib/jvm/java-1.5.0-gcj-5-ppc64el --with-jvm-jar-dir=/usr/lib/jvm-exports/java-1.5.0-gcj-5-ppc64el --with-arch-directory=ppc64le --with-ecj-jar=/usr/share/java/eclipse-ecj.jar --enable-objc-gc --enable-secureplt --with-cpu=power8 --enable-targets=powerpcle-linux --disable-multilib --enable-multiarch --disable-werror --with-long-double-128 --enable-checking=release --build=powerpc64le-linux-gnu --host=powerpc64le-linux-gnu --target=powerpc64le-linux-gnu
Thread model: posix
gcc version 5.4.0 20160609 (Ubuntu/IBM 5.4.0-6ubuntu1~16.04.4) 
configure:4599: $? = 0
configure:4601: mpic++ -V </dev/null >&5
g++: error: unrecognized command line option '-V'
g++: fatal error: no input files
compilation terminated.
configure:4604: $? = 1
configure:4607: checking whether we are using the GNU C++ compiler
configure:4631: mpic++ -c   conftest.cc >&5
configure:4637: $? = 0
configure:4641: test -z 
			 || test ! -s conftest.err
configure:4644: $? = 0
configure:4647: test -s conftest.o
configure:4650: $? = 0
configure:4663: result: yes
configure:4669: checking whether mpic++ accepts -g
configure:4690: mpic++ -c -g  conftest.cc >&5
configure:4696: $? = 0
configure:4700: test -z 
			 || test ! -s conftest.err
configure:4703: $? = 0
configure:4706: test -s conftest.o
configure:4709: $? = 0
configure:4720: result: yes
configure:4762: mpic++ -c -g -O2  conftest.cc >&5
configure:4768: $? = 0
configure:4772: test -z 
			 || test ! -s conftest.err
configure:4775: $? = 0
configure:4778: test -s conftest.o
configure:4781: $? = 0
configure:4807: mpic++ -c -g -O2  conftest.cc >&5
conftest.cc: In function 'int main()':
conftest.cc:26:9: error: 'exit' was not declared in this scope
 exit (42);
         ^
configure:4813: $? = 1
configure: failed program was:
| /* confdefs.h.  */
| 
| #define PACKAGE_NAME ""hdf-eos5""
| #define PACKAGE_TARNAME "-hdf-eos5-"
| #define PACKAGE_VERSION "1.8"
| #define PACKAGE_STRING ""hdf-eos5" 1.8"
| #define PACKAGE_BUGREPORT "null@bogus.email"
| #define PACKAGE "-hdf-eos5-"
| #define VERSION "1.8"
| #define STDC_HEADERS 1
| #define HAVE_SYS_TYPES_H 1
| #define HAVE_SYS_STAT_H 1
| #define HAVE_STDLIB_H 1
| #define HAVE_STRING_H 1
| #define HAVE_MEMORY_H 1
| #define HAVE_STRINGS_H 1
| #define HAVE_INTTYPES_H 1
| #define HAVE_STDINT_H 1
| #define HAVE_UNISTD_H 1
| #define HAVE_DLFCN_H 1
| /* end confdefs.h.  */
| 
| int
| main ()
| {
| exit (42);
|   ;
|   return 0;
| }
configure:4762: mpic++ -c -g -O2  conftest.cc >&5
conftest.cc:22:40: error: 'void std::exit(int)' should have been declared inside 'std'
 extern "C" void std::exit (int) throw (); using std::exit;
                                        ^
configure:4768: $? = 1
configure: failed program was:
| /* confdefs.h.  */
| 
| #define PACKAGE_NAME ""hdf-eos5""
| #define PACKAGE_TARNAME "-hdf-eos5-"
| #define PACKAGE_VERSION "1.8"
| #define PACKAGE_STRING ""hdf-eos5" 1.8"
| #define PACKAGE_BUGREPORT "null@bogus.email"
| #define PACKAGE "-hdf-eos5-"
| #define VERSION "1.8"
| #define STDC_HEADERS 1
| #define HAVE_SYS_TYPES_H 1
| #define HAVE_SYS_STAT_H 1
| #define HAVE_STDLIB_H 1
| #define HAVE_STRING_H 1
| #define HAVE_MEMORY_H 1
| #define HAVE_STRINGS_H 1
| #define HAVE_INTTYPES_H 1
| #define HAVE_STDINT_H 1
| #define HAVE_UNISTD_H 1
| #define HAVE_DLFCN_H 1
| /* end confdefs.h.  */
| extern "C" void std::exit (int) throw (); using std::exit;
| #include <stdlib.h>
| int
| main ()
| {
| exit (42);
|   ;
|   return 0;
| }
configure:4762: mpic++ -c -g -O2  conftest.cc >&5
conftest.cc:22:31: error: 'void std::exit(int)' should have been declared inside 'std'
 extern "C" void std::exit (int); using std::exit;
                               ^
In file included from conftest.cc:23:0:
/usr/include/stdlib.h:543:70: error: declaration of 'void std::exit(int) throw ()' has a different exception specifier
 extern void exit (int __status) __THROW __attribute__ ((__noreturn__));
                                                                      ^
conftest.cc:22:17: error: from previous declaration 'void std::exit(int)'
 extern "C" void std::exit (int); using std::exit;
                 ^
configure:4768: $? = 1
configure: failed program was:
| /* confdefs.h.  */
| 
| #define PACKAGE_NAME ""hdf-eos5""
| #define PACKAGE_TARNAME "-hdf-eos5-"
| #define PACKAGE_VERSION "1.8"
| #define PACKAGE_STRING ""hdf-eos5" 1.8"
| #define PACKAGE_BUGREPORT "null@bogus.email"
| #define PACKAGE "-hdf-eos5-"
| #define VERSION "1.8"
| #define STDC_HEADERS 1
| #define HAVE_SYS_TYPES_H 1
| #define HAVE_SYS_STAT_H 1
| #define HAVE_STDLIB_H 1
| #define HAVE_STRING_H 1
| #define HAVE_MEMORY_H 1
| #define HAVE_STRINGS_H 1
| #define HAVE_INTTYPES_H 1
| #define HAVE_STDINT_H 1
| #define HAVE_UNISTD_H 1
| #define HAVE_DLFCN_H 1
| /* end confdefs.h.  */
| extern "C" void std::exit (int); using std::exit;
| #include <stdlib.h>
| int
| main ()
| {
| exit (42);
|   ;
|   return 0;
| }
configure:4762: mpic++ -c -g -O2  conftest.cc >&5
configure:4768: $? = 0
configure:4772: test -z 
			 || test ! -s conftest.err
configure:4775: $? = 0
configure:4778: test -s conftest.o
configure:4781: $? = 0
configure:4807: mpic++ -c -g -O2  conftest.cc >&5
configure:4813: $? = 0
configure:4817: test -z 
			 || test ! -s conftest.err
configure:4820: $? = 0
configure:4823: test -s conftest.o
configure:4826: $? = 0
configure:4851: checking dependency style of mpic++
configure:4941: result: gcc3
configure:4963: checking how to run the C++ preprocessor
configure:4994: mpic++ -E  conftest.cc
configure:5000: $? = 0
configure:5032: mpic++ -E  conftest.cc
conftest.cc:25:28: fatal error: ac_nonexistent.h: No such file or directory
compilation terminated.
configure:5038: $? = 1
configure: failed program was:
| /* confdefs.h.  */
| 
| #define PACKAGE_NAME ""hdf-eos5""
| #define PACKAGE_TARNAME "-hdf-eos5-"
| #define PACKAGE_VERSION "1.8"
| #define PACKAGE_STRING ""hdf-eos5" 1.8"
| #define PACKAGE_BUGREPORT "null@bogus.email"
| #define PACKAGE "-hdf-eos5-"
| #define VERSION "1.8"
| #define STDC_HEADERS 1
| #define HAVE_SYS_TYPES_H 1
| #define HAVE_SYS_STAT_H 1
| #define HAVE_STDLIB_H 1
| #define HAVE_STRING_H 1
| #define HAVE_MEMORY_H 1
| #define HAVE_STRINGS_H 1
| #define HAVE_INTTYPES_H 1
| #define HAVE_STDINT_H 1
| #define HAVE_UNISTD_H 1
| #define HAVE_DLFCN_H 1
| #ifdef __cplusplus
| extern "C" void exit (int) throw ();
| #endif
| /* end confdefs.h.  */
| #include <ac_nonexistent.h>
configure:5077: result: mpic++ -E
configure:5101: mpic++ -E  conftest.cc
configure:5107: $? = 0
configure:5139: mpic++ -E  conftest.cc
conftest.cc:25:28: fatal error: ac_nonexistent.h: No such file or directory
compilation terminated.
configure:5145: $? = 1
configure: failed program was:
| /* confdefs.h.  */
| 
| #define PACKAGE_NAME ""hdf-eos5""
| #define PACKAGE_TARNAME "-hdf-eos5-"
| #define PACKAGE_VERSION "1.8"
| #define PACKAGE_STRING ""hdf-eos5" 1.8"
| #define PACKAGE_BUGREPORT "null@bogus.email"
| #define PACKAGE "-hdf-eos5-"
| #define VERSION "1.8"
| #define STDC_HEADERS 1
| #define HAVE_SYS_TYPES_H 1
| #define HAVE_SYS_STAT_H 1
| #define HAVE_STDLIB_H 1
| #define HAVE_STRING_H 1
| #define HAVE_MEMORY_H 1
| #define HAVE_STRINGS_H 1
| #define HAVE_INTTYPES_H 1
| #define HAVE_STDINT_H 1
| #define HAVE_UNISTD_H 1
| #define HAVE_DLFCN_H 1
| #ifdef __cplusplus
| extern "C" void exit (int) throw ();
| #endif
| /* end confdefs.h.  */
| #include <ac_nonexistent.h>
configure:5281: checking for Fortran 77 compiler version
configure:5284: mpifort --version </dev/null >&5
GNU Fortran (Ubuntu/IBM 5.4.0-6ubuntu1~16.04.4) 5.4.0 20160609
Copyright (C) 2015 Free Software Foundation, Inc.

GNU Fortran comes with NO WARRANTY, to the extent permitted by law.
You may redistribute copies of GNU Fortran
under the terms of the GNU General Public License.
For more information about these matters, see the file named COPYING

configure:5287: $? = 0
configure:5289: mpifort -v </dev/null >&5
Using built-in specs.
COLLECT_GCC=/usr/bin/gfortran
COLLECT_LTO_WRAPPER=/usr/lib/gcc/powerpc64le-linux-gnu/5/lto-wrapper
Target: powerpc64le-linux-gnu
Configured with: ../src/configure -v --with-pkgversion='Ubuntu/IBM 5.4.0-6ubuntu1~16.04.4' --with-bugurl=file:///usr/share/doc/gcc-5/README.Bugs --enable-languages=c,ada,c++,java,go,d,fortran,objc,obj-c++ --prefix=/usr --program-suffix=-5 --enable-shared --enable-linker-build-id --libexecdir=/usr/lib --without-included-gettext --enable-threads=posix --libdir=/usr/lib --enable-nls --with-sysroot=/ --enable-clocale=gnu --enable-libstdcxx-debug --enable-libstdcxx-time=yes --with-default-libstdcxx-abi=new --enable-gnu-unique-object --disable-libquadmath --enable-plugin --with-system-zlib --disable-browser-plugin --enable-java-awt=gtk --enable-gtk-cairo --with-java-home=/usr/lib/jvm/java-1.5.0-gcj-5-ppc64el/jre --enable-java-home --with-jvm-root-dir=/usr/lib/jvm/java-1.5.0-gcj-5-ppc64el --with-jvm-jar-dir=/usr/lib/jvm-exports/java-1.5.0-gcj-5-ppc64el --with-arch-directory=ppc64le --with-ecj-jar=/usr/share/java/eclipse-ecj.jar --enable-objc-gc --enable-secureplt --with-cpu=power8 --enable-targets=powerpcle-linux --disable-multilib --enable-multiarch --disable-werror --with-long-double-128 --enable-checking=release --build=powerpc64le-linux-gnu --host=powerpc64le-linux-gnu --target=powerpc64le-linux-gnu
Thread model: posix
gcc version 5.4.0 20160609 (Ubuntu/IBM 5.4.0-6ubuntu1~16.04.4) 
configure:5292: $? = 0
configure:5294: mpifort -V </dev/null >&5
gfortran: error: unrecognized command line option '-V'
gfortran: fatal error: no input files
compilation terminated.
configure:5297: $? = 1
configure:5305: checking whether we are using the GNU Fortran 77 compiler
configure:5319: mpifort -c  conftest.F >&5
configure:5325: $? = 0
configure:5329: test -z 
			 || test ! -s conftest.err
configure:5332: $? = 0
configure:5335: test -s conftest.o
configure:5338: $? = 0
configure:5351: result: yes
configure:5357: checking whether mpifort accepts -g
configure:5369: mpifort -c -g conftest.f >&5
configure:5375: $? = 0
configure:5379: test -z 
			 || test ! -s conftest.err
configure:5382: $? = 0
configure:5385: test -s conftest.o
configure:5388: $? = 0
configure:5400: result: yes
configure:5430: checking the maximum length of command line arguments
configure:5495: result: 262144
configure:5506: checking command to parse /usr/bin/nm -B output from mpicc object
configure:5595: mpicc -c -fPIC    conftest.c >&5
configure:5598: $? = 0
configure:5602: /usr/bin/nm -B conftest.o \| sed -n -e 's/^.*[ 	]\([ABCDGIRSTW][ABCDGIRSTW]*\)[ 	][ 	]*\(\)\([_A-Za-z][_A-Za-z0-9]*\)$/\1 \2\3 \3/p' \> conftest.nm
configure:5605: $? = 0
configure:5657: mpicc -o conftest -fPIC     conftest.c conftstm.o >&5
configure:5660: $? = 0
configure:5698: result: ok
configure:5702: checking for objdir
configure:5717: result: .libs
configure:5807: checking for ar
configure:5823: found /usr/bin/ar
configure:5834: result: ar
configure:5887: checking for ranlib
configure:5903: found /usr/bin/ranlib
configure:5914: result: ranlib
configure:5967: checking for strip
configure:5983: found /usr/bin/strip
configure:5994: result: strip
configure:6256: checking if mpicc static flag  works
configure:6279: result: yes
configure:6297: checking if mpicc supports -fno-rtti -fno-exceptions
configure:6315: mpicc -c -fPIC    -fno-rtti -fno-exceptions conftest.c >&5
cc1: warning: command line option '-fno-rtti' is valid for C++/ObjC++ but not for C
configure:6319: $? = 0
configure:6330: result: no
configure:6345: checking for mpicc option to produce PIC
configure:6522: result: -fPIC
configure:6530: checking if mpicc PIC flag -fPIC works
configure:6548: mpicc -c -fPIC    -fPIC -DPIC conftest.c >&5
configure:6552: $? = 0
configure:6563: result: yes
configure:6587: checking if mpicc supports -c -o file.o
configure:6608: mpicc -c -fPIC    -o out/conftest2.o conftest.c >&5
configure:6612: $? = 0
configure:6632: result: yes
configure:6658: checking whether the mpicc linker (/usr/bin/ld -m elf64ppc) supports shared libraries
configure:7506: result: yes
configure:7577: checking dynamic linker characteristics
configure:7943: mpicc -c -fPIC    conftest.c >&5
configure:7946: $? = 0
configure:8138: result: GNU/Linux ld.so
configure:8142: checking how to hardcode library paths into programs
configure:8167: result: immediate
configure:8181: checking whether stripping libraries is possible
configure:8186: result: yes
configure:9016: checking if libtool supports shared libraries
configure:9018: result: yes
configure:9021: checking whether to build shared libraries
configure:9079: result: no
configure:9082: checking whether to build static libraries
configure:9086: result: yes
configure:9178: creating libtool
configure:9725: checking for ld used by mpic++
configure:9792: result: /usr/bin/ld -m elf64ppc
configure:9801: checking if the linker (/usr/bin/ld -m elf64ppc) is GNU ld
configure:9816: result: yes
configure:9867: checking whether the mpic++ linker (/usr/bin/ld -m elf64ppc) supports shared libraries
configure:10695: result: yes
configure:10713: mpic++ -c -g -O2  conftest.cc >&5
configure:10716: $? = 0
configure:10812: checking for mpic++ option to produce PIC
configure:11064: result: -fPIC
configure:11072: checking if mpic++ PIC flag -fPIC works
configure:11090: mpic++ -c -g -O2  -fPIC -DPIC conftest.cc >&5
configure:11094: $? = 0
configure:11105: result: yes
configure:11129: checking if mpic++ supports -c -o file.o
configure:11150: mpic++ -c -g -O2  -o out/conftest2.o conftest.cc >&5
configure:11154: $? = 0
configure:11174: result: yes
configure:11200: checking whether the mpic++ linker (/usr/bin/ld -m elf64ppc) supports shared libraries
configure:11225: result: yes
configure:11296: checking dynamic linker characteristics
configure:11662: mpic++ -c -g -O2  conftest.cc >&5
configure:11665: $? = 0
configure:11857: result: GNU/Linux ld.so
configure:11861: checking how to hardcode library paths into programs
configure:11886: result: immediate
configure:11900: checking whether stripping libraries is possible
configure:11905: result: yes
configure:13212: checking if libtool supports shared libraries
configure:13214: result: yes
configure:13217: checking whether to build shared libraries
configure:13235: result: no
configure:13238: checking whether to build static libraries
configure:13242: result: yes
configure:13254: checking for mpifort option to produce PIC
configure:13431: result: -fPIC
configure:13439: checking if mpifort PIC flag -fPIC works
configure:13457: mpifort -c  -fPIC conftest.f >&5
configure:13461: $? = 0
configure:13472: result: yes
configure:13496: checking if mpifort supports -c -o file.o
configure:13517: mpifort -c  -o out/conftest2.o conftest.f >&5
configure:13521: $? = 0
configure:13541: result: yes
configure:13567: checking whether the mpifort linker (/usr/bin/ld -m elf64ppc) supports shared libraries
configure:14395: result: yes
configure:14466: checking dynamic linker characteristics
configure:14832: mpifort -c  conftest.f >&5
Warning: conftest.f:1: Illegal preprocessor directive
configure:14835: $? = 0
configure:15027: result: GNU/Linux ld.so
configure:15031: checking how to hardcode library paths into programs
configure:15056: result: immediate
configure:15070: checking whether stripping libraries is possible
configure:15075: result: yes
configure:19187: checking for ceil in -lm
configure:19217: mpicc -o conftest -fPIC     conftest.c -lm  -L/home/aborle1/Baselibs/powerpc64le-unknown-linux-gnu/gfortran_5.4.0-openmpi_1.10.2/Linux/lib /home/aborle1/Baselibs/powerpc64le-unknown-linux-gnu/gfortran_5.4.0-openmpi_1.10.2/Linux/lib/libhdf5_hl.a /home/aborle1/Baselibs/powerpc64le-unknown-linux-gnu/gfortran_5.4.0-openmpi_1.10.2/Linux/lib/libhdf5.a /home/aborle1/Baselibs/powerpc64le-unknown-linux-gnu/gfortran_5.4.0-openmpi_1.10.2/Linux/lib/libz.a /home/aborle1/Baselibs/powerpc64le-unknown-linux-gnu/gfortran_5.4.0-openmpi_1.10.2/Linux/lib/libsz.a /home/aborle1/Baselibs/powerpc64le-unknown-linux-gnu/gfortran_5.4.0-openmpi_1.10.2/Linux/lib/libcurl.a -lmfhdf -ldf -lsz  -ljpeg  -ldl -lm >&5
conftest.c:32:6: warning: conflicting types for built-in function 'ceil'
 char ceil ();
      ^
configure:19223: $? = 0
configure:19227: test -z 
			 || test ! -s conftest.err
configure:19230: $? = 0
configure:19233: test -s conftest
configure:19236: $? = 0
configure:19249: result: yes
configure:19560: checking zlib.h usability
configure:19572: mpicc -c -fPIC    -I/home/aborle1/Baselibs/powerpc64le-unknown-linux-gnu/gfortran_5.4.0-openmpi_1.10.2/Linux/include/zlib/ conftest.c >&5
configure:19578: $? = 0
configure:19582: test -z 
			 || test ! -s conftest.err
configure:19585: $? = 0
configure:19588: test -s conftest.o
configure:19591: $? = 0
configure:19601: result: yes
configure:19605: checking zlib.h presence
configure:19615: mpicc -E  -I/home/aborle1/Baselibs/powerpc64le-unknown-linux-gnu/gfortran_5.4.0-openmpi_1.10.2/Linux/include/zlib/ conftest.c
configure:19621: $? = 0
configure:19641: result: yes
configure:19676: checking for zlib.h
configure:19683: result: yes
configure:19704: checking for compress2 in -lz
configure:19734: mpicc -o conftest -fPIC    -I/home/aborle1/Baselibs/powerpc64le-unknown-linux-gnu/gfortran_5.4.0-openmpi_1.10.2/Linux/include/zlib/  -L/home/aborle1/Baselibs/powerpc64le-unknown-linux-gnu/gfortran_5.4.0-openmpi_1.10.2/Linux/lib conftest.c -lz  -lm -L/home/aborle1/Baselibs/powerpc64le-unknown-linux-gnu/gfortran_5.4.0-openmpi_1.10.2/Linux/lib /home/aborle1/Baselibs/powerpc64le-unknown-linux-gnu/gfortran_5.4.0-openmpi_1.10.2/Linux/lib/libhdf5_hl.a /home/aborle1/Baselibs/powerpc64le-unknown-linux-gnu/gfortran_5.4.0-openmpi_1.10.2/Linux/lib/libhdf5.a /home/aborle1/Baselibs/powerpc64le-unknown-linux-gnu/gfortran_5.4.0-openmpi_1.10.2/Linux/lib/libz.a /home/aborle1/Baselibs/powerpc64le-unknown-linux-gnu/gfortran_5.4.0-openmpi_1.10.2/Linux/lib/libsz.a /home/aborle1/Baselibs/powerpc64le-unknown-linux-gnu/gfortran_5.4.0-openmpi_1.10.2/Linux/lib/libcurl.a -lmfhdf -ldf -lsz  -ljpeg  -ldl -lm >&5
configure:19740: $? = 0
configure:19744: test -z 
			 || test ! -s conftest.err
configure:19747: $? = 0
configure:19750: test -s conftest
configure:19753: $? = 0
configure:19766: result: yes
configure:20088: checking szlib.h usability
configure:20100: mpicc -c -fPIC    -I/home/aborle1/Baselibs/powerpc64le-unknown-linux-gnu/gfortran_5.4.0-openmpi_1.10.2/Linux/include/zlib/ -I/home/aborle1/Baselibs/powerpc64le-unknown-linux-gnu/gfortran_5.4.0-openmpi_1.10.2/Linux/include/szlib/ conftest.c >&5
configure:20106: $? = 0
configure:20110: test -z 
			 || test ! -s conftest.err
configure:20113: $? = 0
configure:20116: test -s conftest.o
configure:20119: $? = 0
configure:20129: result: yes
configure:20133: checking szlib.h presence
configure:20143: mpicc -E  -I/home/aborle1/Baselibs/powerpc64le-unknown-linux-gnu/gfortran_5.4.0-openmpi_1.10.2/Linux/include/zlib/ -I/home/aborle1/Baselibs/powerpc64le-unknown-linux-gnu/gfortran_5.4.0-openmpi_1.10.2/Linux/include/szlib/ conftest.c
configure:20149: $? = 0
configure:20169: result: yes
configure:20204: checking for szlib.h
configure:20211: result: yes
configure:20232: checking for SZ_BufftoBuffCompress in -lsz
configure:20262: mpicc -o conftest -fPIC    -I/home/aborle1/Baselibs/powerpc64le-unknown-linux-gnu/gfortran_5.4.0-openmpi_1.10.2/Linux/include/zlib/ -I/home/aborle1/Baselibs/powerpc64le-unknown-linux-gnu/gfortran_5.4.0-openmpi_1.10.2/Linux/include/szlib/  -L/home/aborle1/Baselibs/powerpc64le-unknown-linux-gnu/gfortran_5.4.0-openmpi_1.10.2/Linux/lib -L/home/aborle1/Baselibs/powerpc64le-unknown-linux-gnu/gfortran_5.4.0-openmpi_1.10.2/Linux/lib conftest.c -lsz  -lz -lm -L/home/aborle1/Baselibs/powerpc64le-unknown-linux-gnu/gfortran_5.4.0-openmpi_1.10.2/Linux/lib /home/aborle1/Baselibs/powerpc64le-unknown-linux-gnu/gfortran_5.4.0-openmpi_1.10.2/Linux/lib/libhdf5_hl.a /home/aborle1/Baselibs/powerpc64le-unknown-linux-gnu/gfortran_5.4.0-openmpi_1.10.2/Linux/lib/libhdf5.a /home/aborle1/Baselibs/powerpc64le-unknown-linux-gnu/gfortran_5.4.0-openmpi_1.10.2/Linux/lib/libz.a /home/aborle1/Baselibs/powerpc64le-unknown-linux-gnu/gfortran_5.4.0-openmpi_1.10.2/Linux/lib/libsz.a /home/aborle1/Baselibs/powerpc64le-unknown-linux-gnu/gfortran_5.4.0-openmpi_1.10.2/Linux/lib/libcurl.a -lmfhdf -ldf -lsz  -ljpeg  -ldl -lm >&5
configure:20268: $? = 0
configure:20272: test -z 
			 || test ! -s conftest.err
configure:20275: $? = 0
configure:20278: test -s conftest
configure:20281: $? = 0
configure:20294: result: yes
configure:20384: checking hdf5.h usability
configure:20396: mpicc -c -fPIC    -I/home/aborle1/Baselibs/powerpc64le-unknown-linux-gnu/gfortran_5.4.0-openmpi_1.10.2/Linux/include/zlib/ -I/home/aborle1/Baselibs/powerpc64le-unknown-linux-gnu/gfortran_5.4.0-openmpi_1.10.2/Linux/include/szlib/ -I/home/aborle1/Baselibs/powerpc64le-unknown-linux-gnu/gfortran_5.4.0-openmpi_1.10.2/Linux/include/hdf5 conftest.c >&5
configure:20402: $? = 0
configure:20406: test -z 
			 || test ! -s conftest.err
configure:20409: $? = 0
configure:20412: test -s conftest.o
configure:20415: $? = 0
configure:20425: result: yes
configure:20429: checking hdf5.h presence
configure:20439: mpicc -E  -I/home/aborle1/Baselibs/powerpc64le-unknown-linux-gnu/gfortran_5.4.0-openmpi_1.10.2/Linux/include/zlib/ -I/home/aborle1/Baselibs/powerpc64le-unknown-linux-gnu/gfortran_5.4.0-openmpi_1.10.2/Linux/include/szlib/ -I/home/aborle1/Baselibs/powerpc64le-unknown-linux-gnu/gfortran_5.4.0-openmpi_1.10.2/Linux/include/hdf5 conftest.c
configure:20445: $? = 0
configure:20465: result: yes
configure:20500: checking for hdf5.h
configure:20507: result: yes
configure:20523: checking for H5Fcreate in -lhdf5
configure:20553: mpicc -o conftest -fPIC    -I/home/aborle1/Baselibs/powerpc64le-unknown-linux-gnu/gfortran_5.4.0-openmpi_1.10.2/Linux/include/zlib/ -I/home/aborle1/Baselibs/powerpc64le-unknown-linux-gnu/gfortran_5.4.0-openmpi_1.10.2/Linux/include/szlib/ -I/home/aborle1/Baselibs/powerpc64le-unknown-linux-gnu/gfortran_5.4.0-openmpi_1.10.2/Linux/include/hdf5  -L/home/aborle1/Baselibs/powerpc64le-unknown-linux-gnu/gfortran_5.4.0-openmpi_1.10.2/Linux/lib -L/home/aborle1/Baselibs/powerpc64le-unknown-linux-gnu/gfortran_5.4.0-openmpi_1.10.2/Linux/lib -L/home/aborle1/Baselibs/powerpc64le-unknown-linux-gnu/gfortran_5.4.0-openmpi_1.10.2/Linux/lib conftest.c -lhdf5  -lsz -lz -lm -L/home/aborle1/Baselibs/powerpc64le-unknown-linux-gnu/gfortran_5.4.0-openmpi_1.10.2/Linux/lib /home/aborle1/Baselibs/powerpc64le-unknown-linux-gnu/gfortran_5.4.0-openmpi_1.10.2/Linux/lib/libhdf5_hl.a /home/aborle1/Baselibs/powerpc64le-unknown-linux-gnu/gfortran_5.4.0-openmpi_1.10.2/Linux/lib/libhdf5.a /home/aborle1/Baselibs/powerpc64le-unknown-linux-gnu/gfortran_5.4.0-openmpi_1.10.2/Linux/lib/libz.a /home/aborle1/Baselibs/powerpc64le-unknown-linux-gnu/gfortran_5.4.0-openmpi_1.10.2/Linux/lib/libsz.a /home/aborle1/Baselibs/powerpc64le-unknown-linux-gnu/gfortran_5.4.0-openmpi_1.10.2/Linux/lib/libcurl.a -lmfhdf -ldf -lsz  -ljpeg  -ldl -lm >&5
configure:20559: $? = 0
configure:20563: test -z 
			 || test ! -s conftest.err
configure:20566: $? = 0
configure:20569: test -s conftest
configure:20572: $? = 0
configure:20585: result: yes
configure:20607: checking if HDF5 threadsafe mode is enabled
configure:20634: mpicc -o conftest -fPIC    -I/home/aborle1/Baselibs/powerpc64le-unknown-linux-gnu/gfortran_5.4.0-openmpi_1.10.2/Linux/include/zlib/ -I/home/aborle1/Baselibs/powerpc64le-unknown-linux-gnu/gfortran_5.4.0-openmpi_1.10.2/Linux/include/szlib/ -I/home/aborle1/Baselibs/powerpc64le-unknown-linux-gnu/gfortran_5.4.0-openmpi_1.10.2/Linux/include/hdf5  -L/home/aborle1/Baselibs/powerpc64le-unknown-linux-gnu/gfortran_5.4.0-openmpi_1.10.2/Linux/lib -L/home/aborle1/Baselibs/powerpc64le-unknown-linux-gnu/gfortran_5.4.0-openmpi_1.10.2/Linux/lib -L/home/aborle1/Baselibs/powerpc64le-unknown-linux-gnu/gfortran_5.4.0-openmpi_1.10.2/Linux/lib conftest.c -lhdf5 -lsz -lz -lm -L/home/aborle1/Baselibs/powerpc64le-unknown-linux-gnu/gfortran_5.4.0-openmpi_1.10.2/Linux/lib /home/aborle1/Baselibs/powerpc64le-unknown-linux-gnu/gfortran_5.4.0-openmpi_1.10.2/Linux/lib/libhdf5_hl.a /home/aborle1/Baselibs/powerpc64le-unknown-linux-gnu/gfortran_5.4.0-openmpi_1.10.2/Linux/lib/libhdf5.a /home/aborle1/Baselibs/powerpc64le-unknown-linux-gnu/gfortran_5.4.0-openmpi_1.10.2/Linux/lib/libz.a /home/aborle1/Baselibs/powerpc64le-unknown-linux-gnu/gfortran_5.4.0-openmpi_1.10.2/Linux/lib/libsz.a /home/aborle1/Baselibs/powerpc64le-unknown-linux-gnu/gfortran_5.4.0-openmpi_1.10.2/Linux/lib/libcurl.a -lmfhdf -ldf -lsz  -ljpeg  -ldl -lm >&5
configure:20637: $? = 0
configure:20639: ./conftest
configure:20642: $? = 1
configure: program exited with status 1
configure: failed program was:
| /* confdefs.h.  */
| 
| #define PACKAGE_NAME ""hdf-eos5""
| #define PACKAGE_TARNAME "-hdf-eos5-"
| #define PACKAGE_VERSION "1.8"
| #define PACKAGE_STRING ""hdf-eos5" 1.8"
| #define PACKAGE_BUGREPORT "null@bogus.email"
| #define PACKAGE "-hdf-eos5-"
| #define VERSION "1.8"
| #define STDC_HEADERS 1
| #define HAVE_SYS_TYPES_H 1
| #define HAVE_SYS_STAT_H 1
| #define HAVE_STDLIB_H 1
| #define HAVE_STRING_H 1
| #define HAVE_MEMORY_H 1
| #define HAVE_STRINGS_H 1
| #define HAVE_INTTYPES_H 1
| #define HAVE_STDINT_H 1
| #define HAVE_UNISTD_H 1
| #define HAVE_DLFCN_H 1
| #ifdef __cplusplus
| extern "C" void exit (int) throw ();
| #endif
| #define HAVE_LIBM 1
| #define HAVE_ZLIB_H 1
| #define HAVE_LIBZ 1
| #define HAVE_SZLIB_H 1
| #define HAVE_LIBSZ 1
| #define HAVE_HDF5_H 1
| #define HAVE_LIBHDF5 1
| /* end confdefs.h.  */
| 
| #include "hdf5.h"
| 
| int main(void) {
| #ifdef H5_HAVE_THREADSAFE
|   return 0;
| #else
|   return 1;
| #endif
| }
configure:20653: result: no
configure:20730: checking for gcc
configure:20756: result: mpicc
configure:21000: checking for C compiler version
configure:21003: mpicc --version </dev/null >&5
gcc (Ubuntu/IBM 5.4.0-6ubuntu1~16.04.4) 5.4.0 20160609
Copyright (C) 2015 Free Software Foundation, Inc.
This is free software; see the source for copying conditions.  There is NO
warranty; not even for MERCHANTABILITY or FITNESS FOR A PARTICULAR PURPOSE.

configure:21006: $? = 0
configure:21008: mpicc -v </dev/null >&5
Using built-in specs.
COLLECT_GCC=/usr/bin/gcc
COLLECT_LTO_WRAPPER=/usr/lib/gcc/powerpc64le-linux-gnu/5/lto-wrapper
Target: powerpc64le-linux-gnu
Configured with: ../src/configure -v --with-pkgversion='Ubuntu/IBM 5.4.0-6ubuntu1~16.04.4' --with-bugurl=file:///usr/share/doc/gcc-5/README.Bugs --enable-languages=c,ada,c++,java,go,d,fortran,objc,obj-c++ --prefix=/usr --program-suffix=-5 --enable-shared --enable-linker-build-id --libexecdir=/usr/lib --without-included-gettext --enable-threads=posix --libdir=/usr/lib --enable-nls --with-sysroot=/ --enable-clocale=gnu --enable-libstdcxx-debug --enable-libstdcxx-time=yes --with-default-libstdcxx-abi=new --enable-gnu-unique-object --disable-libquadmath --enable-plugin --with-system-zlib --disable-browser-plugin --enable-java-awt=gtk --enable-gtk-cairo --with-java-home=/usr/lib/jvm/java-1.5.0-gcj-5-ppc64el/jre --enable-java-home --with-jvm-root-dir=/usr/lib/jvm/java-1.5.0-gcj-5-ppc64el --with-jvm-jar-dir=/usr/lib/jvm-exports/java-1.5.0-gcj-5-ppc64el --with-arch-directory=ppc64le --with-ecj-jar=/usr/share/java/eclipse-ecj.jar --enable-objc-gc --enable-secureplt --with-cpu=power8 --enable-targets=powerpcle-linux --disable-multilib --enable-multiarch --disable-werror --with-long-double-128 --enable-checking=release --build=powerpc64le-linux-gnu --host=powerpc64le-linux-gnu --target=powerpc64le-linux-gnu
Thread model: posix
gcc version 5.4.0 20160609 (Ubuntu/IBM 5.4.0-6ubuntu1~16.04.4) 
configure:21011: $? = 0
configure:21013: mpicc -V </dev/null >&5
gcc: error: unrecognized command line option '-V'
gcc: fatal error: no input files
compilation terminated.
configure:21016: $? = 1
configure:21019: checking whether we are using the GNU C compiler
configure:21075: result: yes
configure:21081: checking whether mpicc accepts -g
configure:21132: result: yes
configure:21149: checking for mpicc option to accept ANSI C
configure:21256: result: none needed
configure:21274: mpicc -c -fPIC    -I/home/aborle1/Baselibs/powerpc64le-unknown-linux-gnu/gfortran_5.4.0-openmpi_1.10.2/Linux/include/zlib/ -I/home/aborle1/Baselibs/powerpc64le-unknown-linux-gnu/gfortran_5.4.0-openmpi_1.10.2/Linux/include/szlib/ -I/home/aborle1/Baselibs/powerpc64le-unknown-linux-gnu/gfortran_5.4.0-openmpi_1.10.2/Linux/include/hdf5 conftest.c >&5
conftest.c:2:3: error: unknown type name 'choke'
   choke me
   ^
conftest.c:2:3: error: expected '=', ',', ';', 'asm' or '__attribute__' at end of input
configure:21280: $? = 1
configure: failed program was:
| #ifndef __cplusplus
|   choke me
| #endif
configure:21415: checking dependency style of mpicc
configure:21505: result: gcc3
configure:21535: checking for a BSD-compatible install
configure:21590: result: /usr/bin/install -c
configure:21601: checking whether ln -s works
configure:21605: result: yes
configure:21612: checking whether make sets $(MAKE)
configure:21632: result: yes
configure:21645: checking for ANSI C header files
configure:21801: result: yes
configure:21828: checking malloc.h usability
configure:21840: mpicc -c -fPIC    -I/home/aborle1/Baselibs/powerpc64le-unknown-linux-gnu/gfortran_5.4.0-openmpi_1.10.2/Linux/include/zlib/ -I/home/aborle1/Baselibs/powerpc64le-unknown-linux-gnu/gfortran_5.4.0-openmpi_1.10.2/Linux/include/szlib/ -I/home/aborle1/Baselibs/powerpc64le-unknown-linux-gnu/gfortran_5.4.0-openmpi_1.10.2/Linux/include/hdf5 conftest.c >&5
configure:21846: $? = 0
configure:21850: test -z 
			 || test ! -s conftest.err
configure:21853: $? = 0
configure:21856: test -s conftest.o
configure:21859: $? = 0
configure:21869: result: yes
configure:21873: checking malloc.h presence
configure:21883: mpicc -E  -I/home/aborle1/Baselibs/powerpc64le-unknown-linux-gnu/gfortran_5.4.0-openmpi_1.10.2/Linux/include/zlib/ -I/home/aborle1/Baselibs/powerpc64le-unknown-linux-gnu/gfortran_5.4.0-openmpi_1.10.2/Linux/include/szlib/ -I/home/aborle1/Baselibs/powerpc64le-unknown-linux-gnu/gfortran_5.4.0-openmpi_1.10.2/Linux/include/hdf5 conftest.c
configure:21889: $? = 0
configure:21909: result: yes
configure:21944: checking for malloc.h
configure:21951: result: yes
configure:21819: checking for stdlib.h
configure:21824: result: yes
configure:21819: checking for string.h
configure:21824: result: yes
configure:21828: checking limits.h usability
configure:21840: mpicc -c -fPIC    -I/home/aborle1/Baselibs/powerpc64le-unknown-linux-gnu/gfortran_5.4.0-openmpi_1.10.2/Linux/include/zlib/ -I/home/aborle1/Baselibs/powerpc64le-unknown-linux-gnu/gfortran_5.4.0-openmpi_1.10.2/Linux/include/szlib/ -I/home/aborle1/Baselibs/powerpc64le-unknown-linux-gnu/gfortran_5.4.0-openmpi_1.10.2/Linux/include/hdf5 conftest.c >&5
configure:21846: $? = 0
configure:21850: test -z 
			 || test ! -s conftest.err
configure:21853: $? = 0
configure:21856: test -s conftest.o
configure:21859: $? = 0
configure:21869: result: yes
configure:21873: checking limits.h presence
configure:21883: mpicc -E  -I/home/aborle1/Baselibs/powerpc64le-unknown-linux-gnu/gfortran_5.4.0-openmpi_1.10.2/Linux/include/zlib/ -I/home/aborle1/Baselibs/powerpc64le-unknown-linux-gnu/gfortran_5.4.0-openmpi_1.10.2/Linux/include/szlib/ -I/home/aborle1/Baselibs/powerpc64le-unknown-linux-gnu/gfortran_5.4.0-openmpi_1.10.2/Linux/include/hdf5 conftest.c
configure:21889: $? = 0
configure:21909: result: yes
configure:21944: checking for limits.h
configure:21951: result: yes
configure:21966: checking for an ANSI C-conforming const
configure:22033: mpicc -c -fPIC    -I/home/aborle1/Baselibs/powerpc64le-unknown-linux-gnu/gfortran_5.4.0-openmpi_1.10.2/Linux/include/zlib/ -I/home/aborle1/Baselibs/powerpc64le-unknown-linux-gnu/gfortran_5.4.0-openmpi_1.10.2/Linux/include/szlib/ -I/home/aborle1/Baselibs/powerpc64le-unknown-linux-gnu/gfortran_5.4.0-openmpi_1.10.2/Linux/include/hdf5 conftest.c >&5
configure:22039: $? = 0
configure:22043: test -z 
			 || test ! -s conftest.err
configure:22046: $? = 0
configure:22049: test -s conftest.o
configure:22052: $? = 0
configure:22063: result: yes
configure:22073: checking for off_t
configure:22097: mpicc -c -fPIC    -I/home/aborle1/Baselibs/powerpc64le-unknown-linux-gnu/gfortran_5.4.0-openmpi_1.10.2/Linux/include/zlib/ -I/home/aborle1/Baselibs/powerpc64le-unknown-linux-gnu/gfortran_5.4.0-openmpi_1.10.2/Linux/include/szlib/ -I/home/aborle1/Baselibs/powerpc64le-unknown-linux-gnu/gfortran_5.4.0-openmpi_1.10.2/Linux/include/hdf5 conftest.c >&5
configure:22103: $? = 0
configure:22107: test -z 
			 || test ! -s conftest.err
configure:22110: $? = 0
configure:22113: test -s conftest.o
configure:22116: $? = 0
configure:22127: result: yes
configure:22139: checking for size_t
configure:22163: mpicc -c -fPIC    -I/home/aborle1/Baselibs/powerpc64le-unknown-linux-gnu/gfortran_5.4.0-openmpi_1.10.2/Linux/include/zlib/ -I/home/aborle1/Baselibs/powerpc64le-unknown-linux-gnu/gfortran_5.4.0-openmpi_1.10.2/Linux/include/szlib/ -I/home/aborle1/Baselibs/powerpc64le-unknown-linux-gnu/gfortran_5.4.0-openmpi_1.10.2/Linux/include/hdf5 conftest.c >&5
configure:22169: $? = 0
configure:22173: test -z 
			 || test ! -s conftest.err
configure:22176: $? = 0
configure:22179: test -s conftest.o
configure:22182: $? = 0
configure:22193: result: yes
configure:22212: checking for stdlib.h
configure:22217: result: yes
configure:22357: checking for GNU libc compatible malloc
configure:22386: mpicc -o conftest -fPIC    -I/home/aborle1/Baselibs/powerpc64le-unknown-linux-gnu/gfortran_5.4.0-openmpi_1.10.2/Linux/include/zlib/ -I/home/aborle1/Baselibs/powerpc64le-unknown-linux-gnu/gfortran_5.4.0-openmpi_1.10.2/Linux/include/szlib/ -I/home/aborle1/Baselibs/powerpc64le-unknown-linux-gnu/gfortran_5.4.0-openmpi_1.10.2/Linux/include/hdf5  -L/home/aborle1/Baselibs/powerpc64le-unknown-linux-gnu/gfortran_5.4.0-openmpi_1.10.2/Linux/lib -L/home/aborle1/Baselibs/powerpc64le-unknown-linux-gnu/gfortran_5.4.0-openmpi_1.10.2/Linux/lib -L/home/aborle1/Baselibs/powerpc64le-unknown-linux-gnu/gfortran_5.4.0-openmpi_1.10.2/Linux/lib conftest.c -lhdf5 -lsz -lz -lm -L/home/aborle1/Baselibs/powerpc64le-unknown-linux-gnu/gfortran_5.4.0-openmpi_1.10.2/Linux/lib /home/aborle1/Baselibs/powerpc64le-unknown-linux-gnu/gfortran_5.4.0-openmpi_1.10.2/Linux/lib/libhdf5_hl.a /home/aborle1/Baselibs/powerpc64le-unknown-linux-gnu/gfortran_5.4.0-openmpi_1.10.2/Linux/lib/libhdf5.a /home/aborle1/Baselibs/powerpc64le-unknown-linux-gnu/gfortran_5.4.0-openmpi_1.10.2/Linux/lib/libz.a /home/aborle1/Baselibs/powerpc64le-unknown-linux-gnu/gfortran_5.4.0-openmpi_1.10.2/Linux/lib/libsz.a /home/aborle1/Baselibs/powerpc64le-unknown-linux-gnu/gfortran_5.4.0-openmpi_1.10.2/Linux/lib/libcurl.a -lmfhdf -ldf -lsz  -ljpeg  -ldl -lm >&5
configure:22389: $? = 0
configure:22391: ./conftest
configure:22394: $? = 0
configure:22408: result: yes
configure:22438: checking for working memcmp
configure:22486: mpicc -o conftest -fPIC    -I/home/aborle1/Baselibs/powerpc64le-unknown-linux-gnu/gfortran_5.4.0-openmpi_1.10.2/Linux/include/zlib/ -I/home/aborle1/Baselibs/powerpc64le-unknown-linux-gnu/gfortran_5.4.0-openmpi_1.10.2/Linux/include/szlib/ -I/home/aborle1/Baselibs/powerpc64le-unknown-linux-gnu/gfortran_5.4.0-openmpi_1.10.2/Linux/include/hdf5  -L/home/aborle1/Baselibs/powerpc64le-unknown-linux-gnu/gfortran_5.4.0-openmpi_1.10.2/Linux/lib -L/home/aborle1/Baselibs/powerpc64le-unknown-linux-gnu/gfortran_5.4.0-openmpi_1.10.2/Linux/lib -L/home/aborle1/Baselibs/powerpc64le-unknown-linux-gnu/gfortran_5.4.0-openmpi_1.10.2/Linux/lib conftest.c -lhdf5 -lsz -lz -lm -L/home/aborle1/Baselibs/powerpc64le-unknown-linux-gnu/gfortran_5.4.0-openmpi_1.10.2/Linux/lib /home/aborle1/Baselibs/powerpc64le-unknown-linux-gnu/gfortran_5.4.0-openmpi_1.10.2/Linux/lib/libhdf5_hl.a /home/aborle1/Baselibs/powerpc64le-unknown-linux-gnu/gfortran_5.4.0-openmpi_1.10.2/Linux/lib/libhdf5.a /home/aborle1/Baselibs/powerpc64le-unknown-linux-gnu/gfortran_5.4.0-openmpi_1.10.2/Linux/lib/libz.a /home/aborle1/Baselibs/powerpc64le-unknown-linux-gnu/gfortran_5.4.0-openmpi_1.10.2/Linux/lib/libsz.a /home/aborle1/Baselibs/powerpc64le-unknown-linux-gnu/gfortran_5.4.0-openmpi_1.10.2/Linux/lib/libcurl.a -lmfhdf -ldf -lsz  -ljpeg  -ldl -lm >&5
configure:22489: $? = 0
configure:22491: ./conftest
configure:22494: $? = 0
configure:22508: result: yes
configure:22524: checking for stdlib.h
configure:22529: result: yes
configure:22669: checking for GNU libc compatible realloc
configure:22698: mpicc -o conftest -fPIC    -I/home/aborle1/Baselibs/powerpc64le-unknown-linux-gnu/gfortran_5.4.0-openmpi_1.10.2/Linux/include/zlib/ -I/home/aborle1/Baselibs/powerpc64le-unknown-linux-gnu/gfortran_5.4.0-openmpi_1.10.2/Linux/include/szlib/ -I/home/aborle1/Baselibs/powerpc64le-unknown-linux-gnu/gfortran_5.4.0-openmpi_1.10.2/Linux/include/hdf5  -L/home/aborle1/Baselibs/powerpc64le-unknown-linux-gnu/gfortran_5.4.0-openmpi_1.10.2/Linux/lib -L/home/aborle1/Baselibs/powerpc64le-unknown-linux-gnu/gfortran_5.4.0-openmpi_1.10.2/Linux/lib -L/home/aborle1/Baselibs/powerpc64le-unknown-linux-gnu/gfortran_5.4.0-openmpi_1.10.2/Linux/lib conftest.c -lhdf5 -lsz -lz -lm -L/home/aborle1/Baselibs/powerpc64le-unknown-linux-gnu/gfortran_5.4.0-openmpi_1.10.2/Linux/lib /home/aborle1/Baselibs/powerpc64le-unknown-linux-gnu/gfortran_5.4.0-openmpi_1.10.2/Linux/lib/libhdf5_hl.a /home/aborle1/Baselibs/powerpc64le-unknown-linux-gnu/gfortran_5.4.0-openmpi_1.10.2/Linux/lib/libhdf5.a /home/aborle1/Baselibs/powerpc64le-unknown-linux-gnu/gfortran_5.4.0-openmpi_1.10.2/Linux/lib/libz.a /home/aborle1/Baselibs/powerpc64le-unknown-linux-gnu/gfortran_5.4.0-openmpi_1.10.2/Linux/lib/libsz.a /home/aborle1/Baselibs/powerpc64le-unknown-linux-gnu/gfortran_5.4.0-openmpi_1.10.2/Linux/lib/libcurl.a -lmfhdf -ldf -lsz  -ljpeg  -ldl -lm >&5
configure:22701: $? = 0
configure:22703: ./conftest
configure:22706: $? = 0
configure:22720: result: yes
configure:22750: checking for error_at_line
configure:22771: mpicc -o conftest -fPIC    -I/home/aborle1/Baselibs/powerpc64le-unknown-linux-gnu/gfortran_5.4.0-openmpi_1.10.2/Linux/include/zlib/ -I/home/aborle1/Baselibs/powerpc64le-unknown-linux-gnu/gfortran_5.4.0-openmpi_1.10.2/Linux/include/szlib/ -I/home/aborle1/Baselibs/powerpc64le-unknown-linux-gnu/gfortran_5.4.0-openmpi_1.10.2/Linux/include/hdf5  -L/home/aborle1/Baselibs/powerpc64le-unknown-linux-gnu/gfortran_5.4.0-openmpi_1.10.2/Linux/lib -L/home/aborle1/Baselibs/powerpc64le-unknown-linux-gnu/gfortran_5.4.0-openmpi_1.10.2/Linux/lib -L/home/aborle1/Baselibs/powerpc64le-unknown-linux-gnu/gfortran_5.4.0-openmpi_1.10.2/Linux/lib conftest.c -lhdf5 -lsz -lz -lm -L/home/aborle1/Baselibs/powerpc64le-unknown-linux-gnu/gfortran_5.4.0-openmpi_1.10.2/Linux/lib /home/aborle1/Baselibs/powerpc64le-unknown-linux-gnu/gfortran_5.4.0-openmpi_1.10.2/Linux/lib/libhdf5_hl.a /home/aborle1/Baselibs/powerpc64le-unknown-linux-gnu/gfortran_5.4.0-openmpi_1.10.2/Linux/lib/libhdf5.a /home/aborle1/Baselibs/powerpc64le-unknown-linux-gnu/gfortran_5.4.0-openmpi_1.10.2/Linux/lib/libz.a /home/aborle1/Baselibs/powerpc64le-unknown-linux-gnu/gfortran_5.4.0-openmpi_1.10.2/Linux/lib/libsz.a /home/aborle1/Baselibs/powerpc64le-unknown-linux-gnu/gfortran_5.4.0-openmpi_1.10.2/Linux/lib/libcurl.a -lmfhdf -ldf -lsz  -ljpeg  -ldl -lm >&5
conftest.c: In function 'main':
conftest.c:78:1: warning: implicit declaration of function 'error_at_line' [-Wimplicit-function-declaration]
 error_at_line (0, 0, "", 0, "");
 ^
configure:22777: $? = 0
configure:22781: test -z 
			 || test ! -s conftest.err
configure:22784: $? = 0
configure:22787: test -s conftest
configure:22790: $? = 0
configure:22802: result: yes
configure:22825: checking for memchr
configure:22882: mpicc -o conftest -fPIC    -I/home/aborle1/Baselibs/powerpc64le-unknown-linux-gnu/gfortran_5.4.0-openmpi_1.10.2/Linux/include/zlib/ -I/home/aborle1/Baselibs/powerpc64le-unknown-linux-gnu/gfortran_5.4.0-openmpi_1.10.2/Linux/include/szlib/ -I/home/aborle1/Baselibs/powerpc64le-unknown-linux-gnu/gfortran_5.4.0-openmpi_1.10.2/Linux/include/hdf5  -L/home/aborle1/Baselibs/powerpc64le-unknown-linux-gnu/gfortran_5.4.0-openmpi_1.10.2/Linux/lib -L/home/aborle1/Baselibs/powerpc64le-unknown-linux-gnu/gfortran_5.4.0-openmpi_1.10.2/Linux/lib -L/home/aborle1/Baselibs/powerpc64le-unknown-linux-gnu/gfortran_5.4.0-openmpi_1.10.2/Linux/lib conftest.c -lhdf5 -lsz -lz -lm -L/home/aborle1/Baselibs/powerpc64le-unknown-linux-gnu/gfortran_5.4.0-openmpi_1.10.2/Linux/lib /home/aborle1/Baselibs/powerpc64le-unknown-linux-gnu/gfortran_5.4.0-openmpi_1.10.2/Linux/lib/libhdf5_hl.a /home/aborle1/Baselibs/powerpc64le-unknown-linux-gnu/gfortran_5.4.0-openmpi_1.10.2/Linux/lib/libhdf5.a /home/aborle1/Baselibs/powerpc64le-unknown-linux-gnu/gfortran_5.4.0-openmpi_1.10.2/Linux/lib/libz.a /home/aborle1/Baselibs/powerpc64le-unknown-linux-gnu/gfortran_5.4.0-openmpi_1.10.2/Linux/lib/libsz.a /home/aborle1/Baselibs/powerpc64le-unknown-linux-gnu/gfortran_5.4.0-openmpi_1.10.2/Linux/lib/libcurl.a -lmfhdf -ldf -lsz  -ljpeg  -ldl -lm >&5
conftest.c:65:6: warning: conflicting types for built-in function 'memchr'
 char memchr ();
      ^
configure:22888: $? = 0
configure:22892: test -z 
			 || test ! -s conftest.err
configure:22895: $? = 0
configure:22898: test -s conftest
configure:22901: $? = 0
configure:22913: result: yes
configure:22825: checking for memmove
configure:22882: mpicc -o conftest -fPIC    -I/home/aborle1/Baselibs/powerpc64le-unknown-linux-gnu/gfortran_5.4.0-openmpi_1.10.2/Linux/include/zlib/ -I/home/aborle1/Baselibs/powerpc64le-unknown-linux-gnu/gfortran_5.4.0-openmpi_1.10.2/Linux/include/szlib/ -I/home/aborle1/Baselibs/powerpc64le-unknown-linux-gnu/gfortran_5.4.0-openmpi_1.10.2/Linux/include/hdf5  -L/home/aborle1/Baselibs/powerpc64le-unknown-linux-gnu/gfortran_5.4.0-openmpi_1.10.2/Linux/lib -L/home/aborle1/Baselibs/powerpc64le-unknown-linux-gnu/gfortran_5.4.0-openmpi_1.10.2/Linux/lib -L/home/aborle1/Baselibs/powerpc64le-unknown-linux-gnu/gfortran_5.4.0-openmpi_1.10.2/Linux/lib conftest.c -lhdf5 -lsz -lz -lm -L/home/aborle1/Baselibs/powerpc64le-unknown-linux-gnu/gfortran_5.4.0-openmpi_1.10.2/Linux/lib /home/aborle1/Baselibs/powerpc64le-unknown-linux-gnu/gfortran_5.4.0-openmpi_1.10.2/Linux/lib/libhdf5_hl.a /home/aborle1/Baselibs/powerpc64le-unknown-linux-gnu/gfortran_5.4.0-openmpi_1.10.2/Linux/lib/libhdf5.a /home/aborle1/Baselibs/powerpc64le-unknown-linux-gnu/gfortran_5.4.0-openmpi_1.10.2/Linux/lib/libz.a /home/aborle1/Baselibs/powerpc64le-unknown-linux-gnu/gfortran_5.4.0-openmpi_1.10.2/Linux/lib/libsz.a /home/aborle1/Baselibs/powerpc64le-unknown-linux-gnu/gfortran_5.4.0-openmpi_1.10.2/Linux/lib/libcurl.a -lmfhdf -ldf -lsz  -ljpeg  -ldl -lm >&5
conftest.c:66:6: warning: conflicting types for built-in function 'memmove'
 char memmove ();
      ^
configure:22888: $? = 0
configure:22892: test -z 
			 || test ! -s conftest.err
configure:22895: $? = 0
configure:22898: test -s conftest
configure:22901: $? = 0
configure:22913: result: yes
configure:22825: checking for memset
configure:22882: mpicc -o conftest -fPIC    -I/home/aborle1/Baselibs/powerpc64le-unknown-linux-gnu/gfortran_5.4.0-openmpi_1.10.2/Linux/include/zlib/ -I/home/aborle1/Baselibs/powerpc64le-unknown-linux-gnu/gfortran_5.4.0-openmpi_1.10.2/Linux/include/szlib/ -I/home/aborle1/Baselibs/powerpc64le-unknown-linux-gnu/gfortran_5.4.0-openmpi_1.10.2/Linux/include/hdf5  -L/home/aborle1/Baselibs/powerpc64le-unknown-linux-gnu/gfortran_5.4.0-openmpi_1.10.2/Linux/lib -L/home/aborle1/Baselibs/powerpc64le-unknown-linux-gnu/gfortran_5.4.0-openmpi_1.10.2/Linux/lib -L/home/aborle1/Baselibs/powerpc64le-unknown-linux-gnu/gfortran_5.4.0-openmpi_1.10.2/Linux/lib conftest.c -lhdf5 -lsz -lz -lm -L/home/aborle1/Baselibs/powerpc64le-unknown-linux-gnu/gfortran_5.4.0-openmpi_1.10.2/Linux/lib /home/aborle1/Baselibs/powerpc64le-unknown-linux-gnu/gfortran_5.4.0-openmpi_1.10.2/Linux/lib/libhdf5_hl.a /home/aborle1/Baselibs/powerpc64le-unknown-linux-gnu/gfortran_5.4.0-openmpi_1.10.2/Linux/lib/libhdf5.a /home/aborle1/Baselibs/powerpc64le-unknown-linux-gnu/gfortran_5.4.0-openmpi_1.10.2/Linux/lib/libz.a /home/aborle1/Baselibs/powerpc64le-unknown-linux-gnu/gfortran_5.4.0-openmpi_1.10.2/Linux/lib/libsz.a /home/aborle1/Baselibs/powerpc64le-unknown-linux-gnu/gfortran_5.4.0-openmpi_1.10.2/Linux/lib/libcurl.a -lmfhdf -ldf -lsz  -ljpeg  -ldl -lm >&5
conftest.c:67:6: warning: conflicting types for built-in function 'memset'
 char memset ();
      ^
configure:22888: $? = 0
configure:22892: test -z 
			 || test ! -s conftest.err
configure:22895: $? = 0
configure:22898: test -s conftest
configure:22901: $? = 0
configure:22913: result: yes
configure:22825: checking for strchr
configure:22882: mpicc -o conftest -fPIC    -I/home/aborle1/Baselibs/powerpc64le-unknown-linux-gnu/gfortran_5.4.0-openmpi_1.10.2/Linux/include/zlib/ -I/home/aborle1/Baselibs/powerpc64le-unknown-linux-gnu/gfortran_5.4.0-openmpi_1.10.2/Linux/include/szlib/ -I/home/aborle1/Baselibs/powerpc64le-unknown-linux-gnu/gfortran_5.4.0-openmpi_1.10.2/Linux/include/hdf5  -L/home/aborle1/Baselibs/powerpc64le-unknown-linux-gnu/gfortran_5.4.0-openmpi_1.10.2/Linux/lib -L/home/aborle1/Baselibs/powerpc64le-unknown-linux-gnu/gfortran_5.4.0-openmpi_1.10.2/Linux/lib -L/home/aborle1/Baselibs/powerpc64le-unknown-linux-gnu/gfortran_5.4.0-openmpi_1.10.2/Linux/lib conftest.c -lhdf5 -lsz -lz -lm -L/home/aborle1/Baselibs/powerpc64le-unknown-linux-gnu/gfortran_5.4.0-openmpi_1.10.2/Linux/lib /home/aborle1/Baselibs/powerpc64le-unknown-linux-gnu/gfortran_5.4.0-openmpi_1.10.2/Linux/lib/libhdf5_hl.a /home/aborle1/Baselibs/powerpc64le-unknown-linux-gnu/gfortran_5.4.0-openmpi_1.10.2/Linux/lib/libhdf5.a /home/aborle1/Baselibs/powerpc64le-unknown-linux-gnu/gfortran_5.4.0-openmpi_1.10.2/Linux/lib/libz.a /home/aborle1/Baselibs/powerpc64le-unknown-linux-gnu/gfortran_5.4.0-openmpi_1.10.2/Linux/lib/libsz.a /home/aborle1/Baselibs/powerpc64le-unknown-linux-gnu/gfortran_5.4.0-openmpi_1.10.2/Linux/lib/libcurl.a -lmfhdf -ldf -lsz  -ljpeg  -ldl -lm >&5
conftest.c:68:6: warning: conflicting types for built-in function 'strchr'
 char strchr ();
      ^
configure:22888: $? = 0
configure:22892: test -z 
			 || test ! -s conftest.err
configure:22895: $? = 0
configure:22898: test -s conftest
configure:22901: $? = 0
configure:22913: result: yes
configure:22825: checking for strstr
configure:22882: mpicc -o conftest -fPIC    -I/home/aborle1/Baselibs/powerpc64le-unknown-linux-gnu/gfortran_5.4.0-openmpi_1.10.2/Linux/include/zlib/ -I/home/aborle1/Baselibs/powerpc64le-unknown-linux-gnu/gfortran_5.4.0-openmpi_1.10.2/Linux/include/szlib/ -I/home/aborle1/Baselibs/powerpc64le-unknown-linux-gnu/gfortran_5.4.0-openmpi_1.10.2/Linux/include/hdf5  -L/home/aborle1/Baselibs/powerpc64le-unknown-linux-gnu/gfortran_5.4.0-openmpi_1.10.2/Linux/lib -L/home/aborle1/Baselibs/powerpc64le-unknown-linux-gnu/gfortran_5.4.0-openmpi_1.10.2/Linux/lib -L/home/aborle1/Baselibs/powerpc64le-unknown-linux-gnu/gfortran_5.4.0-openmpi_1.10.2/Linux/lib conftest.c -lhdf5 -lsz -lz -lm -L/home/aborle1/Baselibs/powerpc64le-unknown-linux-gnu/gfortran_5.4.0-openmpi_1.10.2/Linux/lib /home/aborle1/Baselibs/powerpc64le-unknown-linux-gnu/gfortran_5.4.0-openmpi_1.10.2/Linux/lib/libhdf5_hl.a /home/aborle1/Baselibs/powerpc64le-unknown-linux-gnu/gfortran_5.4.0-openmpi_1.10.2/Linux/lib/libhdf5.a /home/aborle1/Baselibs/powerpc64le-unknown-linux-gnu/gfortran_5.4.0-openmpi_1.10.2/Linux/lib/libz.a /home/aborle1/Baselibs/powerpc64le-unknown-linux-gnu/gfortran_5.4.0-openmpi_1.10.2/Linux/lib/libsz.a /home/aborle1/Baselibs/powerpc64le-unknown-linux-gnu/gfortran_5.4.0-openmpi_1.10.2/Linux/lib/libcurl.a -lmfhdf -ldf -lsz  -ljpeg  -ldl -lm >&5
conftest.c:69:6: warning: conflicting types for built-in function 'strstr'
 char strstr ();
      ^
configure:22888: $? = 0
configure:22892: test -z 
			 || test ! -s conftest.err
configure:22895: $? = 0
configure:22898: test -s conftest
configure:22901: $? = 0
configure:22913: result: yes
configure:22825: checking for pow
configure:22882: mpicc -o conftest -fPIC    -I/home/aborle1/Baselibs/powerpc64le-unknown-linux-gnu/gfortran_5.4.0-openmpi_1.10.2/Linux/include/zlib/ -I/home/aborle1/Baselibs/powerpc64le-unknown-linux-gnu/gfortran_5.4.0-openmpi_1.10.2/Linux/include/szlib/ -I/home/aborle1/Baselibs/powerpc64le-unknown-linux-gnu/gfortran_5.4.0-openmpi_1.10.2/Linux/include/hdf5  -L/home/aborle1/Baselibs/powerpc64le-unknown-linux-gnu/gfortran_5.4.0-openmpi_1.10.2/Linux/lib -L/home/aborle1/Baselibs/powerpc64le-unknown-linux-gnu/gfortran_5.4.0-openmpi_1.10.2/Linux/lib -L/home/aborle1/Baselibs/powerpc64le-unknown-linux-gnu/gfortran_5.4.0-openmpi_1.10.2/Linux/lib conftest.c -lhdf5 -lsz -lz -lm -L/home/aborle1/Baselibs/powerpc64le-unknown-linux-gnu/gfortran_5.4.0-openmpi_1.10.2/Linux/lib /home/aborle1/Baselibs/powerpc64le-unknown-linux-gnu/gfortran_5.4.0-openmpi_1.10.2/Linux/lib/libhdf5_hl.a /home/aborle1/Baselibs/powerpc64le-unknown-linux-gnu/gfortran_5.4.0-openmpi_1.10.2/Linux/lib/libhdf5.a /home/aborle1/Baselibs/powerpc64le-unknown-linux-gnu/gfortran_5.4.0-openmpi_1.10.2/Linux/lib/libz.a /home/aborle1/Baselibs/powerpc64le-unknown-linux-gnu/gfortran_5.4.0-openmpi_1.10.2/Linux/lib/libsz.a /home/aborle1/Baselibs/powerpc64le-unknown-linux-gnu/gfortran_5.4.0-openmpi_1.10.2/Linux/lib/libcurl.a -lmfhdf -ldf -lsz  -ljpeg  -ldl -lm >&5
conftest.c:70:6: warning: conflicting types for built-in function 'pow'
 char pow ();
      ^
configure:22888: $? = 0
configure:22892: test -z 
			 || test ! -s conftest.err
configure:22895: $? = 0
configure:22898: test -s conftest
configure:22901: $? = 0
configure:22913: result: yes
configure:22825: checking for sqrt
configure:22882: mpicc -o conftest -fPIC    -I/home/aborle1/Baselibs/powerpc64le-unknown-linux-gnu/gfortran_5.4.0-openmpi_1.10.2/Linux/include/zlib/ -I/home/aborle1/Baselibs/powerpc64le-unknown-linux-gnu/gfortran_5.4.0-openmpi_1.10.2/Linux/include/szlib/ -I/home/aborle1/Baselibs/powerpc64le-unknown-linux-gnu/gfortran_5.4.0-openmpi_1.10.2/Linux/include/hdf5  -L/home/aborle1/Baselibs/powerpc64le-unknown-linux-gnu/gfortran_5.4.0-openmpi_1.10.2/Linux/lib -L/home/aborle1/Baselibs/powerpc64le-unknown-linux-gnu/gfortran_5.4.0-openmpi_1.10.2/Linux/lib -L/home/aborle1/Baselibs/powerpc64le-unknown-linux-gnu/gfortran_5.4.0-openmpi_1.10.2/Linux/lib conftest.c -lhdf5 -lsz -lz -lm -L/home/aborle1/Baselibs/powerpc64le-unknown-linux-gnu/gfortran_5.4.0-openmpi_1.10.2/Linux/lib /home/aborle1/Baselibs/powerpc64le-unknown-linux-gnu/gfortran_5.4.0-openmpi_1.10.2/Linux/lib/libhdf5_hl.a /home/aborle1/Baselibs/powerpc64le-unknown-linux-gnu/gfortran_5.4.0-openmpi_1.10.2/Linux/lib/libhdf5.a /home/aborle1/Baselibs/powerpc64le-unknown-linux-gnu/gfortran_5.4.0-openmpi_1.10.2/Linux/lib/libz.a /home/aborle1/Baselibs/powerpc64le-unknown-linux-gnu/gfortran_5.4.0-openmpi_1.10.2/Linux/lib/libsz.a /home/aborle1/Baselibs/powerpc64le-unknown-linux-gnu/gfortran_5.4.0-openmpi_1.10.2/Linux/lib/libcurl.a -lmfhdf -ldf -lsz  -ljpeg  -ldl -lm >&5
conftest.c:71:6: warning: conflicting types for built-in function 'sqrt'
 char sqrt ();
      ^
configure:22888: $? = 0
configure:22892: test -z 
			 || test ! -s conftest.err
configure:22895: $? = 0
configure:22898: test -s conftest
configure:22901: $? = 0
configure:22913: result: yes
configure:22926: checking for testdrivers directory
configure:22942: result: not found
configure:22944: WARNING: testdrivers directory is not present. Tests will not be run
configure:23134: creating ./config.status

## ---------------------- ##
## Running config.status. ##
## ---------------------- ##

This file was extended by "hdf-eos5" config.status 1.8, which was
generated by GNU Autoconf 2.59.  Invocation command line was

  CONFIG_FILES    = 
  CONFIG_HEADERS  = 
  CONFIG_LINKS    = 
  CONFIG_COMMANDS = 
  $ ./config.status 

on p8umbc1

config.status:735: creating Makefile
config.status:735: creating include/Makefile
config.status:735: creating src/Makefile
config.status:735: creating gctp/Makefile
config.status:735: creating gctp/include/Makefile
config.status:735: creating gctp/src/Makefile
config.status:735: creating samples/Makefile
config.status:839: creating include/HE5_config.h
config.status:1191: executing depfiles commands

## ---------------- ##
## Cache variables. ##
## ---------------- ##

ac_cv_build=powerpc64le-unknown-linux-gnu
ac_cv_build_alias=powerpc64le-unknown-linux-gnu
ac_cv_c_compiler_gnu=yes
ac_cv_c_const=yes
ac_cv_cxx_compiler_gnu=yes
ac_cv_env_CC_set=set
ac_cv_env_CC_value=mpicc
ac_cv_env_CFLAGS_set=set
ac_cv_env_CFLAGS_value='-fPIC  '
ac_cv_env_CPPFLAGS_set=
ac_cv_env_CPPFLAGS_value=
ac_cv_env_CPP_set=
ac_cv_env_CPP_value=
ac_cv_env_CXXCPP_set=
ac_cv_env_CXXCPP_value=
ac_cv_env_CXXFLAGS_set=
ac_cv_env_CXXFLAGS_value=
ac_cv_env_CXX_set=set
ac_cv_env_CXX_value=mpic++
ac_cv_env_F77_set=set
ac_cv_env_F77_value=mpifort
ac_cv_env_FFLAGS_set=set
ac_cv_env_FFLAGS_value=
ac_cv_env_LDFLAGS_set=
ac_cv_env_LDFLAGS_value=
ac_cv_env_build_alias_set=
ac_cv_env_build_alias_value=
ac_cv_env_host_alias_set=
ac_cv_env_host_alias_value=
ac_cv_env_target_alias_set=
ac_cv_env_target_alias_value=
ac_cv_exeext=
ac_cv_f77_compiler_gnu=yes
ac_cv_func_malloc_0_nonnull=yes
ac_cv_func_memchr=yes
ac_cv_func_memcmp_working=yes
ac_cv_func_memmove=yes
ac_cv_func_memset=yes
ac_cv_func_pow=yes
ac_cv_func_realloc_0_nonnull=yes
ac_cv_func_sqrt=yes
ac_cv_func_strchr=yes
ac_cv_func_strstr=yes
ac_cv_header_dlfcn_h=yes
ac_cv_header_hdf5_h=yes
ac_cv_header_inttypes_h=yes
ac_cv_header_limits_h=yes
ac_cv_header_malloc_h=yes
ac_cv_header_memory_h=yes
ac_cv_header_stdc=yes
ac_cv_header_stdint_h=yes
ac_cv_header_stdlib_h=yes
ac_cv_header_string_h=yes
ac_cv_header_strings_h=yes
ac_cv_header_sys_stat_h=yes
ac_cv_header_sys_types_h=yes
ac_cv_header_szlib_h=yes
ac_cv_header_unistd_h=yes
ac_cv_header_zlib_h=yes
ac_cv_host=powerpc64le-unknown-linux-gnu
ac_cv_host_alias=powerpc64le-unknown-linux-gnu
ac_cv_lib_error_at_line=yes
ac_cv_lib_hdf5_H5Fcreate=yes
ac_cv_lib_m_ceil=yes
ac_cv_lib_sz_SZ_BufftoBuffCompress=yes
ac_cv_lib_z_compress2=yes
ac_cv_objext=o
ac_cv_path_install='/usr/bin/install -c'
ac_cv_prog_AWK=gawk
ac_cv_prog_CPP='mpicc -E'
ac_cv_prog_CXXCPP='mpic++ -E'
ac_cv_prog_ac_ct_AR=ar
ac_cv_prog_ac_ct_CC=mpicc
ac_cv_prog_ac_ct_RANLIB=ranlib
ac_cv_prog_ac_ct_STRIP=strip
ac_cv_prog_cc_g=yes
ac_cv_prog_cc_stdc=
ac_cv_prog_cxx_g=yes
ac_cv_prog_egrep='grep -E'
ac_cv_prog_f77_g=yes
ac_cv_prog_make_make_set=yes
ac_cv_type_off_t=yes
ac_cv_type_size_t=yes
am_cv_CC_dependencies_compiler_type=gcc3
am_cv_CXX_dependencies_compiler_type=gcc3
lt_cv_deplibs_check_method=pass_all
lt_cv_file_magic_cmd='$MAGIC_CMD'
lt_cv_file_magic_test_file='/lib/libc.so* /lib/libc-*.so'
lt_cv_ld_reload_flag=-r
lt_cv_objdir=.libs
lt_cv_path_LD=/usr/bin/ld
lt_cv_path_LDCXX='/usr/bin/ld -m elf64ppc'
lt_cv_path_NM='/usr/bin/nm -B'
lt_cv_path_SED=/bin/sed
lt_cv_prog_compiler_c_o=yes
lt_cv_prog_compiler_c_o_CXX=yes
lt_cv_prog_compiler_c_o_F77=yes
lt_cv_prog_compiler_rtti_exceptions=no
lt_cv_prog_gnu_ld=yes
lt_cv_prog_gnu_ldcxx=yes
lt_cv_sys_global_symbol_pipe='sed -n -e '\''s/^.*[ 	]\([ABCDGIRSTW][ABCDGIRSTW]*\)[ 	][ 	]*\(\)\([_A-Za-z][_A-Za-z0-9]*\)$/\1 \2\3 \3/p'\'''
lt_cv_sys_global_symbol_to_c_name_address='sed -n -e '\''s/^: \([^ ]*\) $/  {\"\1\", (lt_ptr) 0},/p'\'' -e '\''s/^[BCDEGRST] \([^ ]*\) \([^ ]*\)$/  {"\2", (lt_ptr) \&\2},/p'\'''
lt_cv_sys_global_symbol_to_cdecl='sed -n -e '\''s/^. .* \(.*\)$/extern int \1;/p'\'''
lt_cv_sys_max_cmd_len=262144
lt_lt_cv_prog_compiler_c_o='"yes"'
lt_lt_cv_prog_compiler_c_o_CXX='"yes"'
lt_lt_cv_prog_compiler_c_o_F77='"yes"'
lt_lt_cv_sys_global_symbol_pipe='"sed -n -e '\''s/^.*[ 	]\\([ABCDGIRSTW][ABCDGIRSTW]*\\)[ 	][ 	]*\\(\\)\\([_A-Za-z][_A-Za-z0-9]*\\)\$/\\1 \\2\\3 \\3/p'\''"'
lt_lt_cv_sys_global_symbol_to_c_name_address='"sed -n -e '\''s/^: \\([^ ]*\\) \$/  {\\\"\\1\\\", (lt_ptr) 0},/p'\'' -e '\''s/^[BCDEGRST] \\([^ ]*\\) \\([^ ]*\\)\$/  {\"\\2\", (lt_ptr) \\&\\2},/p'\''"'
lt_lt_cv_sys_global_symbol_to_cdecl='"sed -n -e '\''s/^. .* \\(.*\\)\$/extern int \\1;/p'\''"'

## ----------------- ##
## Output variables. ##
## ----------------- ##

ACLOCAL='${SHELL} /home/aborle1/Baselibs/src/hdfeos5/config/missing --run aclocal-1.9'
AMDEPBACKSLASH='\'
AMDEP_FALSE='#'
AMDEP_TRUE=''
AMTAR='${SHELL} /home/aborle1/Baselibs/src/hdfeos5/config/missing --run tar'
AR='ar'
AUTOCONF='${SHELL} /home/aborle1/Baselibs/src/hdfeos5/config/missing --run autoconf'
AUTOHEADER='${SHELL} /home/aborle1/Baselibs/src/hdfeos5/config/missing --run autoheader'
AUTOMAKE='${SHELL} /home/aborle1/Baselibs/src/hdfeos5/config/missing --run automake-1.9'
AWK='gawk'
CC='mpicc'
CCDEPMODE='depmode=gcc3'
CFLAGS='-fPIC  '
CPP='mpicc -E'
CPPFLAGS=' -I/home/aborle1/Baselibs/powerpc64le-unknown-linux-gnu/gfortran_5.4.0-openmpi_1.10.2/Linux/include/zlib/ -I/home/aborle1/Baselibs/powerpc64le-unknown-linux-gnu/gfortran_5.4.0-openmpi_1.10.2/Linux/include/szlib/ -I/home/aborle1/Baselibs/powerpc64le-unknown-linux-gnu/gfortran_5.4.0-openmpi_1.10.2/Linux/include/hdf5'
CXX='mpic++'
CXXCPP='mpic++ -E'
CXXDEPMODE='depmode=gcc3'
CXXFLAGS='-g -O2'
CYGPATH_W='echo'
DEFS='-DHAVE_CONFIG_H -DH5_USE_16_API'
DEPDIR='.deps'
ECHO='echo'
ECHO_C=''
ECHO_N='-n'
ECHO_T=''
EGREP='grep -E'
EXEEXT=''
F77='mpifort'
FFLAGS=''
INSTALL_DATA='${INSTALL} -m 644'
INSTALL_INCLUDE_CONDITIONAL_FALSE=''
INSTALL_INCLUDE_CONDITIONAL_TRUE='#'
INSTALL_PROGRAM='${INSTALL}'
INSTALL_SCRIPT='${INSTALL}'
INSTALL_STRIP_PROGRAM='${SHELL} $(install_sh) -c -s'
LDFLAGS=' -L/home/aborle1/Baselibs/powerpc64le-unknown-linux-gnu/gfortran_5.4.0-openmpi_1.10.2/Linux/lib -L/home/aborle1/Baselibs/powerpc64le-unknown-linux-gnu/gfortran_5.4.0-openmpi_1.10.2/Linux/lib -L/home/aborle1/Baselibs/powerpc64le-unknown-linux-gnu/gfortran_5.4.0-openmpi_1.10.2/Linux/lib'
LIBOBJS=''
LIBS='-lhdf5 -lsz -lz -lm -L/home/aborle1/Baselibs/powerpc64le-unknown-linux-gnu/gfortran_5.4.0-openmpi_1.10.2/Linux/lib /home/aborle1/Baselibs/powerpc64le-unknown-linux-gnu/gfortran_5.4.0-openmpi_1.10.2/Linux/lib/libhdf5_hl.a /home/aborle1/Baselibs/powerpc64le-unknown-linux-gnu/gfortran_5.4.0-openmpi_1.10.2/Linux/lib/libhdf5.a /home/aborle1/Baselibs/powerpc64le-unknown-linux-gnu/gfortran_5.4.0-openmpi_1.10.2/Linux/lib/libz.a /home/aborle1/Baselibs/powerpc64le-unknown-linux-gnu/gfortran_5.4.0-openmpi_1.10.2/Linux/lib/libsz.a /home/aborle1/Baselibs/powerpc64le-unknown-linux-gnu/gfortran_5.4.0-openmpi_1.10.2/Linux/lib/libcurl.a -lmfhdf -ldf -lsz  -ljpeg  -ldl -lm'
LIBTOOL='$(SHELL) $(top_builddir)/libtool'
LN_S='ln -s'
LTLIBOBJS=''
MAINT='#'
MAINTAINER_MODE_FALSE=''
MAINTAINER_MODE_TRUE='#'
MAKEINFO='${SHELL} /home/aborle1/Baselibs/src/hdfeos5/config/missing --run makeinfo'
OBJEXT='o'
PACKAGE='-hdf-eos5-'
PACKAGE_BUGREPORT='null@bogus.email'
PACKAGE_NAME='"hdf-eos5"'
PACKAGE_STRING='"hdf-eos5" 1.8'
PACKAGE_TARNAME='-hdf-eos5-'
PACKAGE_VERSION='1.8'
PATH_SEPARATOR=':'
RANLIB='ranlib'
SET_MAKE=''
SHELL='/bin/bash'
STRIP='strip'
TESTDRIVERS_CONDITIONAL_FALSE=''
TESTDRIVERS_CONDITIONAL_TRUE='#'
THREADSAFE_CONDITIONAL_FALSE=''
THREADSAFE_CONDITIONAL_TRUE='#'
VERSION='1.8'
ac_ct_AR='ar'
ac_ct_CC='mpicc'
ac_ct_CXX=''
ac_ct_F77=''
ac_ct_RANLIB='ranlib'
ac_ct_STRIP='strip'
am__fastdepCC_FALSE='#'
am__fastdepCC_TRUE=''
am__fastdepCXX_FALSE='#'
am__fastdepCXX_TRUE=''
am__include='include'
am__leading_dot='.'
am__quote=''
am__tar='${AMTAR} chof - "$$tardir"'
am__untar='${AMTAR} xf -'
bindir='${exec_prefix}/bin'
build='powerpc64le-unknown-linux-gnu'
build_alias=''
build_cpu='powerpc64le'
build_os='linux-gnu'
build_vendor='unknown'
datadir='${prefix}/share'
exec_prefix='${prefix}'
host='powerpc64le-unknown-linux-gnu'
host_alias=''
host_cpu='powerpc64le'
host_os='linux-gnu'
host_vendor='unknown'
includedir='${prefix}/include'
infodir='${prefix}/info'
install_sh='/home/aborle1/Baselibs/src/hdfeos5/config/install-sh'
libdir='${exec_prefix}/lib'
libexecdir='${exec_prefix}/libexec'
localstatedir='${prefix}/var'
mandir='${prefix}/man'
mkdir_p='mkdir -p --'
oldincludedir='/usr/include'
prefix='/home/aborle1/Baselibs/powerpc64le-unknown-linux-gnu/gfortran_5.4.0-openmpi_1.10.2/Linux'
program_transform_name='s,x,x,'
sbindir='${exec_prefix}/sbin'
sharedstatedir='${prefix}/com'
sysconfdir='${prefix}/etc'
target_alias=''

## ----------- ##
## confdefs.h. ##
## ----------- ##

#define HAVE_DLFCN_H 1
#define HAVE_HDF5_H 1
#define HAVE_INTTYPES_H 1
#define HAVE_LIBHDF5 1
#define HAVE_LIBM 1
#define HAVE_LIBSZ 1
#define HAVE_LIBZ 1
#define HAVE_LIMITS_H 1
#define HAVE_MALLOC 1
#define HAVE_MALLOC_H 1
#define HAVE_MEMCHR 1
#define HAVE_MEMMOVE 1
#define HAVE_MEMORY_H 1
#define HAVE_MEMSET 1
#define HAVE_POW 1
#define HAVE_REALLOC 1
#define HAVE_SQRT 1
#define HAVE_STDINT_H 1
#define HAVE_STDLIB_H 1
#define HAVE_STDLIB_H 1
#define HAVE_STDLIB_H 1
#define HAVE_STDLIB_H 1
#define HAVE_STRCHR 1
#define HAVE_STRINGS_H 1
#define HAVE_STRING_H 1
#define HAVE_STRING_H 1
#define HAVE_STRSTR 1
#define HAVE_SYS_STAT_H 1
#define HAVE_SYS_TYPES_H 1
#define HAVE_SZLIB_H 1
#define HAVE_UNISTD_H 1
#define HAVE_ZLIB_H 1
#define PACKAGE "-hdf-eos5-"
#define PACKAGE_BUGREPORT "null@bogus.email"
#define PACKAGE_NAME ""hdf-eos5""
#define PACKAGE_STRING ""hdf-eos5" 1.8"
#define PACKAGE_TARNAME "-hdf-eos5-"
#define PACKAGE_VERSION "1.8"
#define STDC_HEADERS 1
#define STDC_HEADERS 1
#define VERSION "1.8"
#endif
#ifdef __cplusplus
extern "C" void exit (int) throw ();

configure: exit 0
