This file contains any messages produced by compilers while
running configure, to aid debugging if configure makes a mistake.

It was created by h5edit configure 1.3.1, which was
generated by GNU Autoconf 2.67.  Invocation command line was

  $ ./configure --prefix=/home/aborle1/Baselibs/powerpc64le-unknown-linux-gnu/gfortran_5.4.0-openmpi_1.10.2/Linux --build=/home/aborle1/Baselibs/powerpc64le-unknown-linux-gnu --includedir=/home/aborle1/Baselibs/powerpc64le-unknown-linux-gnu/gfortran_5.4.0-openmpi_1.10.2/Linux/include/h5edit CC=/home/aborle1/Baselibs/powerpc64le-unknown-linux-gnu/gfortran_5.4.0-openmpi_1.10.2/Linux/bin/h5pcc FC=mpifort CXX=mpic++ F77=mpifort

## --------- ##
## Platform. ##
## --------- ##

hostname = p8umbc1
uname -m = ppc64le
uname -r = 4.10.0-30-generic
uname -s = Linux
uname -v = #34~16.04.1-Ubuntu SMP Wed Aug 2 02:12:28 UTC 2017

/usr/bin/uname -p = unknown
/bin/uname -X     = unknown

/bin/arch              = unknown
/usr/bin/arch -k       = unknown
/usr/convex/getsysinfo = unknown
/usr/bin/hostinfo      = unknown
/bin/machine           = unknown
/usr/bin/oslevel       = unknown
/bin/universe          = unknown

PATH: /home/aborle1/Baselibs/powerpc64le-unknown-linux-gnu/gfortran_5.4.0-openmpi_1.10.2/Linux/bin
PATH: /home/aborle1/bin
PATH: /home/aborle1/.local/bin
PATH: /usr/local/sbin
PATH: /usr/local/bin
PATH: /usr/sbin
PATH: /usr/bin
PATH: /sbin
PATH: /bin
PATH: /usr/games
PATH: /usr/local/games
PATH: /snap/bin


## ----------- ##
## Core tests. ##
## ----------- ##

configure:1809: checking for a BSD-compatible install
configure:1877: result: /usr/bin/install -c
configure:1888: checking whether build environment is sane
configure:1938: result: yes
configure:2079: checking for a thread-safe mkdir -p
configure:2118: result: /bin/mkdir -p
configure:2131: checking for gawk
configure:2147: found /usr/bin/gawk
configure:2158: result: gawk
configure:2169: checking whether make sets $(MAKE)
configure:2191: result: yes
configure:2273: checking whether to enable maintainer-specific portions of Makefiles
configure:2282: result: no
configure:2349: checking for gcc
configure:2376: result: /home/aborle1/Baselibs/powerpc64le-unknown-linux-gnu/gfortran_5.4.0-openmpi_1.10.2/Linux/bin/h5pcc
configure:2605: checking for C compiler version
configure:2614: /home/aborle1/Baselibs/powerpc64le-unknown-linux-gnu/gfortran_5.4.0-openmpi_1.10.2/Linux/bin/h5pcc --version >&5
gcc (Ubuntu/IBM 5.4.0-6ubuntu1~16.04.4) 5.4.0 20160609
Copyright (C) 2015 Free Software Foundation, Inc.
This is free software; see the source for copying conditions.  There is NO
warranty; not even for MERCHANTABILITY or FITNESS FOR A PARTICULAR PURPOSE.

configure:2625: $? = 0
configure:2614: /home/aborle1/Baselibs/powerpc64le-unknown-linux-gnu/gfortran_5.4.0-openmpi_1.10.2/Linux/bin/h5pcc -v >&5
GNU ld (GNU Binutils for Ubuntu) 2.26.1
  Supported emulations:
   elf64lppc
   elf32lppc
   elf32lppclinux
   elf32lppcsim
   elf32ppclinux
   elf32ppc
   elf32ppcsim
   elf64ppc
Using built-in specs.
COLLECT_GCC=/usr/bin/gcc
COLLECT_LTO_WRAPPER=/usr/lib/gcc/powerpc64le-linux-gnu/5/lto-wrapper
Target: powerpc64le-linux-gnu
Configured with: ../src/configure -v --with-pkgversion='Ubuntu/IBM 5.4.0-6ubuntu1~16.04.4' --with-bugurl=file:///usr/share/doc/gcc-5/README.Bugs --enable-languages=c,ada,c++,java,go,d,fortran,objc,obj-c++ --prefix=/usr --program-suffix=-5 --enable-shared --enable-linker-build-id --libexecdir=/usr/lib --without-included-gettext --enable-threads=posix --libdir=/usr/lib --enable-nls --with-sysroot=/ --enable-clocale=gnu --enable-libstdcxx-debug --enable-libstdcxx-time=yes --with-default-libstdcxx-abi=new --enable-gnu-unique-object --disable-libquadmath --enable-plugin --with-system-zlib --disable-browser-plugin --enable-java-awt=gtk --enable-gtk-cairo --with-java-home=/usr/lib/jvm/java-1.5.0-gcj-5-ppc64el/jre --enable-java-home --with-jvm-root-dir=/usr/lib/jvm/java-1.5.0-gcj-5-ppc64el --with-jvm-jar-dir=/usr/lib/jvm-exports/java-1.5.0-gcj-5-ppc64el --with-arch-directory=ppc64le --with-ecj-jar=/usr/share/java/eclipse-ecj.jar --enable-objc-gc --enable-secureplt --with-cpu=power8 --enable-targets=powerpcle-linux --disable-multilib --enable-multiarch --disable-werror --with-long-double-128 --enable-checking=release --build=powerpc64le-linux-gnu --host=powerpc64le-linux-gnu --target=powerpc64le-linux-gnu
Thread model: posix
gcc version 5.4.0 20160609 (Ubuntu/IBM 5.4.0-6ubuntu1~16.04.4) 
COMPILER_PATH=/usr/lib/gcc/powerpc64le-linux-gnu/5/:/usr/lib/gcc/powerpc64le-linux-gnu/5/:/usr/lib/gcc/powerpc64le-linux-gnu/:/usr/lib/gcc/powerpc64le-linux-gnu/5/:/usr/lib/gcc/powerpc64le-linux-gnu/
LIBRARY_PATH=/usr/lib/gcc/powerpc64le-linux-gnu/5/:/usr/lib/gcc/powerpc64le-linux-gnu/5/../../../powerpc64le-linux-gnu/:/usr/lib/gcc/powerpc64le-linux-gnu/5/../../../../lib/:/lib/powerpc64le-linux-gnu/:/lib/../lib/:/usr/lib/powerpc64le-linux-gnu/:/usr/lib/../lib/:/usr/lib/gcc/powerpc64le-linux-gnu/5/../../../:/lib/:/usr/lib/
COLLECT_GCC_OPTIONS='-I' '/home/aborle1/Baselibs/powerpc64le-unknown-linux-gnu/gfortran_5.4.0-openmpi_1.10.2/Linux/include/zlib' '-I' '/home/aborle1/Baselibs/powerpc64le-unknown-linux-gnu/gfortran_5.4.0-openmpi_1.10.2/Linux/include/szlib' '-fPIC' '-v' '-L/home/aborle1/Baselibs/powerpc64le-unknown-linux-gnu/gfortran_5.4.0-openmpi_1.10.2/Linux/lib' '-L/home/aborle1/Baselibs/powerpc64le-unknown-linux-gnu/gfortran_5.4.0-openmpi_1.10.2/Linux/lib' '-L/home/aborle1/Baselibs/powerpc64le-unknown-linux-gnu/gfortran_5.4.0-openmpi_1.10.2/Linux/lib' '-I' '/usr/lib/openmpi/include/openmpi/opal/mca/event/libevent2021/libevent' '-I' '/usr/lib/openmpi/include/openmpi/opal/mca/event/libevent2021/libevent/include' '-I' '/usr/lib/openmpi/include' '-I' '/usr/lib/openmpi/include/openmpi' '-pthread' '-L/usr/lib/openmpi/lib' '-mcpu=power8'
... rest of stderr output deleted ...
configure:2625: $? = 1
configure:2614: /home/aborle1/Baselibs/powerpc64le-unknown-linux-gnu/gfortran_5.4.0-openmpi_1.10.2/Linux/bin/h5pcc -V >&5
gcc: error: unrecognized command line option '-V'
configure:2625: $? = 1
configure:2614: /home/aborle1/Baselibs/powerpc64le-unknown-linux-gnu/gfortran_5.4.0-openmpi_1.10.2/Linux/bin/h5pcc -qversion >&5
gcc: error: unrecognized command line option '-qversion'
configure:2625: $? = 1
configure:2645: checking whether the C compiler works
configure:2667: /home/aborle1/Baselibs/powerpc64le-unknown-linux-gnu/gfortran_5.4.0-openmpi_1.10.2/Linux/bin/h5pcc -fPIC  -DgFortran  -I/home/aborle1/Baselibs/powerpc64le-unknown-linux-gnu/gfortran_5.4.0-openmpi_1.10.2/Linux/include/    -I/home/aborle1/Baselibs/powerpc64le-unknown-linux-gnu/gfortran_5.4.0-openmpi_1.10.2/Linux/include/zlib    -I/home/aborle1/Baselibs/powerpc64le-unknown-linux-gnu/gfortran_5.4.0-openmpi_1.10.2/Linux/include/szlib    -I/home/aborle1/Baselibs/powerpc64le-unknown-linux-gnu/gfortran_5.4.0-openmpi_1.10.2/Linux/include/jpeg    -I/home/aborle1/Baselibs/powerpc64le-unknown-linux-gnu/gfortran_5.4.0-openmpi_1.10.2/Linux/include/hdf5    -I/home/aborle1/Baselibs/powerpc64le-unknown-linux-gnu/gfortran_5.4.0-openmpi_1.10.2/Linux/include/hdf    -I/home/aborle1/Baselibs/powerpc64le-unknown-linux-gnu/gfortran_5.4.0-openmpi_1.10.2/Linux/include/uuid    -I/home/aborle1/Baselibs/powerpc64le-unknown-linux-gnu/gfortran_5.4.0-openmpi_1.10.2/Linux/include/netcdf    -I/home/aborle1/Baselibs/powerpc64le-unknown-linux-gnu/gfortran_5.4.0-openmpi_1.10.2/Linux/include/udunits2    conftest.c -L/home/aborle1/Baselibs/powerpc64le-unknown-linux-gnu/gfortran_5.4.0-openmpi_1.10.2/Linux/lib /home/aborle1/Baselibs/powerpc64le-unknown-linux-gnu/gfortran_5.4.0-openmpi_1.10.2/Linux/lib/libhdf5_hl.a /home/aborle1/Baselibs/powerpc64le-unknown-linux-gnu/gfortran_5.4.0-openmpi_1.10.2/Linux/lib/libhdf5.a /home/aborle1/Baselibs/powerpc64le-unknown-linux-gnu/gfortran_5.4.0-openmpi_1.10.2/Linux/lib/libz.a /home/aborle1/Baselibs/powerpc64le-unknown-linux-gnu/gfortran_5.4.0-openmpi_1.10.2/Linux/lib/libsz.a /home/aborle1/Baselibs/powerpc64le-unknown-linux-gnu/gfortran_5.4.0-openmpi_1.10.2/Linux/lib/libcurl.a -lmfhdf -ldf -lsz  -ljpeg  -ldl -lm >&5
configure:2671: $? = 0
configure:2719: result: yes
configure:2722: checking for C compiler default output file name
configure:2724: result: a.out
configure:2730: checking for suffix of executables
configure:2737: /home/aborle1/Baselibs/powerpc64le-unknown-linux-gnu/gfortran_5.4.0-openmpi_1.10.2/Linux/bin/h5pcc -o conftest -fPIC  -DgFortran  -I/home/aborle1/Baselibs/powerpc64le-unknown-linux-gnu/gfortran_5.4.0-openmpi_1.10.2/Linux/include/    -I/home/aborle1/Baselibs/powerpc64le-unknown-linux-gnu/gfortran_5.4.0-openmpi_1.10.2/Linux/include/zlib    -I/home/aborle1/Baselibs/powerpc64le-unknown-linux-gnu/gfortran_5.4.0-openmpi_1.10.2/Linux/include/szlib    -I/home/aborle1/Baselibs/powerpc64le-unknown-linux-gnu/gfortran_5.4.0-openmpi_1.10.2/Linux/include/jpeg    -I/home/aborle1/Baselibs/powerpc64le-unknown-linux-gnu/gfortran_5.4.0-openmpi_1.10.2/Linux/include/hdf5    -I/home/aborle1/Baselibs/powerpc64le-unknown-linux-gnu/gfortran_5.4.0-openmpi_1.10.2/Linux/include/hdf    -I/home/aborle1/Baselibs/powerpc64le-unknown-linux-gnu/gfortran_5.4.0-openmpi_1.10.2/Linux/include/uuid    -I/home/aborle1/Baselibs/powerpc64le-unknown-linux-gnu/gfortran_5.4.0-openmpi_1.10.2/Linux/include/netcdf    -I/home/aborle1/Baselibs/powerpc64le-unknown-linux-gnu/gfortran_5.4.0-openmpi_1.10.2/Linux/include/udunits2    conftest.c -L/home/aborle1/Baselibs/powerpc64le-unknown-linux-gnu/gfortran_5.4.0-openmpi_1.10.2/Linux/lib /home/aborle1/Baselibs/powerpc64le-unknown-linux-gnu/gfortran_5.4.0-openmpi_1.10.2/Linux/lib/libhdf5_hl.a /home/aborle1/Baselibs/powerpc64le-unknown-linux-gnu/gfortran_5.4.0-openmpi_1.10.2/Linux/lib/libhdf5.a /home/aborle1/Baselibs/powerpc64le-unknown-linux-gnu/gfortran_5.4.0-openmpi_1.10.2/Linux/lib/libz.a /home/aborle1/Baselibs/powerpc64le-unknown-linux-gnu/gfortran_5.4.0-openmpi_1.10.2/Linux/lib/libsz.a /home/aborle1/Baselibs/powerpc64le-unknown-linux-gnu/gfortran_5.4.0-openmpi_1.10.2/Linux/lib/libcurl.a -lmfhdf -ldf -lsz  -ljpeg  -ldl -lm >&5
configure:2741: $? = 0
configure:2763: result: 
configure:2785: checking whether we are cross compiling
configure:2793: /home/aborle1/Baselibs/powerpc64le-unknown-linux-gnu/gfortran_5.4.0-openmpi_1.10.2/Linux/bin/h5pcc -o conftest -fPIC  -DgFortran  -I/home/aborle1/Baselibs/powerpc64le-unknown-linux-gnu/gfortran_5.4.0-openmpi_1.10.2/Linux/include/    -I/home/aborle1/Baselibs/powerpc64le-unknown-linux-gnu/gfortran_5.4.0-openmpi_1.10.2/Linux/include/zlib    -I/home/aborle1/Baselibs/powerpc64le-unknown-linux-gnu/gfortran_5.4.0-openmpi_1.10.2/Linux/include/szlib    -I/home/aborle1/Baselibs/powerpc64le-unknown-linux-gnu/gfortran_5.4.0-openmpi_1.10.2/Linux/include/jpeg    -I/home/aborle1/Baselibs/powerpc64le-unknown-linux-gnu/gfortran_5.4.0-openmpi_1.10.2/Linux/include/hdf5    -I/home/aborle1/Baselibs/powerpc64le-unknown-linux-gnu/gfortran_5.4.0-openmpi_1.10.2/Linux/include/hdf    -I/home/aborle1/Baselibs/powerpc64le-unknown-linux-gnu/gfortran_5.4.0-openmpi_1.10.2/Linux/include/uuid    -I/home/aborle1/Baselibs/powerpc64le-unknown-linux-gnu/gfortran_5.4.0-openmpi_1.10.2/Linux/include/netcdf    -I/home/aborle1/Baselibs/powerpc64le-unknown-linux-gnu/gfortran_5.4.0-openmpi_1.10.2/Linux/include/udunits2    conftest.c -L/home/aborle1/Baselibs/powerpc64le-unknown-linux-gnu/gfortran_5.4.0-openmpi_1.10.2/Linux/lib /home/aborle1/Baselibs/powerpc64le-unknown-linux-gnu/gfortran_5.4.0-openmpi_1.10.2/Linux/lib/libhdf5_hl.a /home/aborle1/Baselibs/powerpc64le-unknown-linux-gnu/gfortran_5.4.0-openmpi_1.10.2/Linux/lib/libhdf5.a /home/aborle1/Baselibs/powerpc64le-unknown-linux-gnu/gfortran_5.4.0-openmpi_1.10.2/Linux/lib/libz.a /home/aborle1/Baselibs/powerpc64le-unknown-linux-gnu/gfortran_5.4.0-openmpi_1.10.2/Linux/lib/libsz.a /home/aborle1/Baselibs/powerpc64le-unknown-linux-gnu/gfortran_5.4.0-openmpi_1.10.2/Linux/lib/libcurl.a -lmfhdf -ldf -lsz  -ljpeg  -ldl -lm >&5
configure:2797: $? = 0
configure:2804: ./conftest
configure:2808: $? = 0
configure:2823: result: no
configure:2828: checking for suffix of object files
configure:2850: /home/aborle1/Baselibs/powerpc64le-unknown-linux-gnu/gfortran_5.4.0-openmpi_1.10.2/Linux/bin/h5pcc -c -fPIC  -DgFortran  -I/home/aborle1/Baselibs/powerpc64le-unknown-linux-gnu/gfortran_5.4.0-openmpi_1.10.2/Linux/include/    -I/home/aborle1/Baselibs/powerpc64le-unknown-linux-gnu/gfortran_5.4.0-openmpi_1.10.2/Linux/include/zlib    -I/home/aborle1/Baselibs/powerpc64le-unknown-linux-gnu/gfortran_5.4.0-openmpi_1.10.2/Linux/include/szlib    -I/home/aborle1/Baselibs/powerpc64le-unknown-linux-gnu/gfortran_5.4.0-openmpi_1.10.2/Linux/include/jpeg    -I/home/aborle1/Baselibs/powerpc64le-unknown-linux-gnu/gfortran_5.4.0-openmpi_1.10.2/Linux/include/hdf5    -I/home/aborle1/Baselibs/powerpc64le-unknown-linux-gnu/gfortran_5.4.0-openmpi_1.10.2/Linux/include/hdf    -I/home/aborle1/Baselibs/powerpc64le-unknown-linux-gnu/gfortran_5.4.0-openmpi_1.10.2/Linux/include/uuid    -I/home/aborle1/Baselibs/powerpc64le-unknown-linux-gnu/gfortran_5.4.0-openmpi_1.10.2/Linux/include/netcdf    -I/home/aborle1/Baselibs/powerpc64le-unknown-linux-gnu/gfortran_5.4.0-openmpi_1.10.2/Linux/include/udunits2   conftest.c >&5
configure:2854: $? = 0
configure:2875: result: o
configure:2879: checking whether we are using the GNU C compiler
configure:2898: /home/aborle1/Baselibs/powerpc64le-unknown-linux-gnu/gfortran_5.4.0-openmpi_1.10.2/Linux/bin/h5pcc -c -fPIC  -DgFortran  -I/home/aborle1/Baselibs/powerpc64le-unknown-linux-gnu/gfortran_5.4.0-openmpi_1.10.2/Linux/include/    -I/home/aborle1/Baselibs/powerpc64le-unknown-linux-gnu/gfortran_5.4.0-openmpi_1.10.2/Linux/include/zlib    -I/home/aborle1/Baselibs/powerpc64le-unknown-linux-gnu/gfortran_5.4.0-openmpi_1.10.2/Linux/include/szlib    -I/home/aborle1/Baselibs/powerpc64le-unknown-linux-gnu/gfortran_5.4.0-openmpi_1.10.2/Linux/include/jpeg    -I/home/aborle1/Baselibs/powerpc64le-unknown-linux-gnu/gfortran_5.4.0-openmpi_1.10.2/Linux/include/hdf5    -I/home/aborle1/Baselibs/powerpc64le-unknown-linux-gnu/gfortran_5.4.0-openmpi_1.10.2/Linux/include/hdf    -I/home/aborle1/Baselibs/powerpc64le-unknown-linux-gnu/gfortran_5.4.0-openmpi_1.10.2/Linux/include/uuid    -I/home/aborle1/Baselibs/powerpc64le-unknown-linux-gnu/gfortran_5.4.0-openmpi_1.10.2/Linux/include/netcdf    -I/home/aborle1/Baselibs/powerpc64le-unknown-linux-gnu/gfortran_5.4.0-openmpi_1.10.2/Linux/include/udunits2   conftest.c >&5
configure:2898: $? = 0
configure:2907: result: yes
configure:2916: checking whether /home/aborle1/Baselibs/powerpc64le-unknown-linux-gnu/gfortran_5.4.0-openmpi_1.10.2/Linux/bin/h5pcc accepts -g
configure:2936: /home/aborle1/Baselibs/powerpc64le-unknown-linux-gnu/gfortran_5.4.0-openmpi_1.10.2/Linux/bin/h5pcc -c -g -DgFortran  -I/home/aborle1/Baselibs/powerpc64le-unknown-linux-gnu/gfortran_5.4.0-openmpi_1.10.2/Linux/include/    -I/home/aborle1/Baselibs/powerpc64le-unknown-linux-gnu/gfortran_5.4.0-openmpi_1.10.2/Linux/include/zlib    -I/home/aborle1/Baselibs/powerpc64le-unknown-linux-gnu/gfortran_5.4.0-openmpi_1.10.2/Linux/include/szlib    -I/home/aborle1/Baselibs/powerpc64le-unknown-linux-gnu/gfortran_5.4.0-openmpi_1.10.2/Linux/include/jpeg    -I/home/aborle1/Baselibs/powerpc64le-unknown-linux-gnu/gfortran_5.4.0-openmpi_1.10.2/Linux/include/hdf5    -I/home/aborle1/Baselibs/powerpc64le-unknown-linux-gnu/gfortran_5.4.0-openmpi_1.10.2/Linux/include/hdf    -I/home/aborle1/Baselibs/powerpc64le-unknown-linux-gnu/gfortran_5.4.0-openmpi_1.10.2/Linux/include/uuid    -I/home/aborle1/Baselibs/powerpc64le-unknown-linux-gnu/gfortran_5.4.0-openmpi_1.10.2/Linux/include/netcdf    -I/home/aborle1/Baselibs/powerpc64le-unknown-linux-gnu/gfortran_5.4.0-openmpi_1.10.2/Linux/include/udunits2   conftest.c >&5
configure:2936: $? = 0
configure:2977: result: yes
configure:2994: checking for /home/aborle1/Baselibs/powerpc64le-unknown-linux-gnu/gfortran_5.4.0-openmpi_1.10.2/Linux/bin/h5pcc option to accept ISO C89
configure:3058: /home/aborle1/Baselibs/powerpc64le-unknown-linux-gnu/gfortran_5.4.0-openmpi_1.10.2/Linux/bin/h5pcc  -c -fPIC  -DgFortran  -I/home/aborle1/Baselibs/powerpc64le-unknown-linux-gnu/gfortran_5.4.0-openmpi_1.10.2/Linux/include/    -I/home/aborle1/Baselibs/powerpc64le-unknown-linux-gnu/gfortran_5.4.0-openmpi_1.10.2/Linux/include/zlib    -I/home/aborle1/Baselibs/powerpc64le-unknown-linux-gnu/gfortran_5.4.0-openmpi_1.10.2/Linux/include/szlib    -I/home/aborle1/Baselibs/powerpc64le-unknown-linux-gnu/gfortran_5.4.0-openmpi_1.10.2/Linux/include/jpeg    -I/home/aborle1/Baselibs/powerpc64le-unknown-linux-gnu/gfortran_5.4.0-openmpi_1.10.2/Linux/include/hdf5    -I/home/aborle1/Baselibs/powerpc64le-unknown-linux-gnu/gfortran_5.4.0-openmpi_1.10.2/Linux/include/hdf    -I/home/aborle1/Baselibs/powerpc64le-unknown-linux-gnu/gfortran_5.4.0-openmpi_1.10.2/Linux/include/uuid    -I/home/aborle1/Baselibs/powerpc64le-unknown-linux-gnu/gfortran_5.4.0-openmpi_1.10.2/Linux/include/netcdf    -I/home/aborle1/Baselibs/powerpc64le-unknown-linux-gnu/gfortran_5.4.0-openmpi_1.10.2/Linux/include/udunits2   conftest.c >&5
configure:3058: $? = 0
configure:3071: result: none needed
configure:3102: checking for style of include used by make
configure:3130: result: GNU
configure:3155: checking dependency style of /home/aborle1/Baselibs/powerpc64le-unknown-linux-gnu/gfortran_5.4.0-openmpi_1.10.2/Linux/bin/h5pcc
configure:3265: result: gcc3
configure:3421: creating ./config.status

## ---------------------- ##
## Running config.status. ##
## ---------------------- ##

This file was extended by h5edit config.status 1.3.1, which was
generated by GNU Autoconf 2.67.  Invocation command line was

  CONFIG_FILES    = 
  CONFIG_HEADERS  = 
  CONFIG_LINKS    = 
  CONFIG_COMMANDS = 
  $ ./config.status 

on p8umbc1

config.status:859: creating Makefile
config.status:859: creating src/Makefile
config.status:859: creating test/Makefile
config.status:859: creating src/h5edit_config.h
config.status:1087: executing depfiles commands

## ---------------- ##
## Cache variables. ##
## ---------------- ##

ac_cv_c_compiler_gnu=yes
ac_cv_env_CC_set=set
ac_cv_env_CC_value=/home/aborle1/Baselibs/powerpc64le-unknown-linux-gnu/gfortran_5.4.0-openmpi_1.10.2/Linux/bin/h5pcc
ac_cv_env_CFLAGS_set=set
ac_cv_env_CFLAGS_value='-fPIC '
ac_cv_env_CPPFLAGS_set=set
ac_cv_env_CPPFLAGS_value='-DgFortran  -I/home/aborle1/Baselibs/powerpc64le-unknown-linux-gnu/gfortran_5.4.0-openmpi_1.10.2/Linux/include/    -I/home/aborle1/Baselibs/powerpc64le-unknown-linux-gnu/gfortran_5.4.0-openmpi_1.10.2/Linux/include/zlib    -I/home/aborle1/Baselibs/powerpc64le-unknown-linux-gnu/gfortran_5.4.0-openmpi_1.10.2/Linux/include/szlib    -I/home/aborle1/Baselibs/powerpc64le-unknown-linux-gnu/gfortran_5.4.0-openmpi_1.10.2/Linux/include/jpeg    -I/home/aborle1/Baselibs/powerpc64le-unknown-linux-gnu/gfortran_5.4.0-openmpi_1.10.2/Linux/include/hdf5    -I/home/aborle1/Baselibs/powerpc64le-unknown-linux-gnu/gfortran_5.4.0-openmpi_1.10.2/Linux/include/hdf    -I/home/aborle1/Baselibs/powerpc64le-unknown-linux-gnu/gfortran_5.4.0-openmpi_1.10.2/Linux/include/uuid    -I/home/aborle1/Baselibs/powerpc64le-unknown-linux-gnu/gfortran_5.4.0-openmpi_1.10.2/Linux/include/netcdf    -I/home/aborle1/Baselibs/powerpc64le-unknown-linux-gnu/gfortran_5.4.0-openmpi_1.10.2/Linux/include/udunits2  '
ac_cv_env_LDFLAGS_set=
ac_cv_env_LDFLAGS_value=
ac_cv_env_LIBS_set=set
ac_cv_env_LIBS_value='-L/home/aborle1/Baselibs/powerpc64le-unknown-linux-gnu/gfortran_5.4.0-openmpi_1.10.2/Linux/lib /home/aborle1/Baselibs/powerpc64le-unknown-linux-gnu/gfortran_5.4.0-openmpi_1.10.2/Linux/lib/libhdf5_hl.a /home/aborle1/Baselibs/powerpc64le-unknown-linux-gnu/gfortran_5.4.0-openmpi_1.10.2/Linux/lib/libhdf5.a /home/aborle1/Baselibs/powerpc64le-unknown-linux-gnu/gfortran_5.4.0-openmpi_1.10.2/Linux/lib/libz.a /home/aborle1/Baselibs/powerpc64le-unknown-linux-gnu/gfortran_5.4.0-openmpi_1.10.2/Linux/lib/libsz.a /home/aborle1/Baselibs/powerpc64le-unknown-linux-gnu/gfortran_5.4.0-openmpi_1.10.2/Linux/lib/libcurl.a -lmfhdf -ldf -lsz  -ljpeg  -ldl -lm'
ac_cv_env_build_alias_set=set
ac_cv_env_build_alias_value=/home/aborle1/Baselibs/powerpc64le-unknown-linux-gnu
ac_cv_env_host_alias_set=
ac_cv_env_host_alias_value=
ac_cv_env_target_alias_set=
ac_cv_env_target_alias_value=
ac_cv_objext=o
ac_cv_path_install='/usr/bin/install -c'
ac_cv_path_mkdir=/bin/mkdir
ac_cv_prog_AWK=gawk
ac_cv_prog_ac_ct_CC=/home/aborle1/Baselibs/powerpc64le-unknown-linux-gnu/gfortran_5.4.0-openmpi_1.10.2/Linux/bin/h5pcc
ac_cv_prog_cc_c89=
ac_cv_prog_cc_g=yes
ac_cv_prog_make_make_set=yes
am_cv_CC_dependencies_compiler_type=gcc3

## ----------------- ##
## Output variables. ##
## ----------------- ##

ACLOCAL='${SHELL} /home/aborle1/Baselibs/src/h5edit/bin/missing --run aclocal-1.11'
AMDEPBACKSLASH='\'
AMDEP_FALSE='#'
AMDEP_TRUE=''
AMTAR='${SHELL} /home/aborle1/Baselibs/src/h5edit/bin/missing --run tar'
AUTOCONF='${SHELL} /home/aborle1/Baselibs/src/h5edit/bin/missing --run autoconf'
AUTOHEADER='${SHELL} /home/aborle1/Baselibs/src/h5edit/bin/missing --run autoheader'
AUTOMAKE='${SHELL} /home/aborle1/Baselibs/src/h5edit/bin/missing --run automake-1.11'
AWK='gawk'
CC='/home/aborle1/Baselibs/powerpc64le-unknown-linux-gnu/gfortran_5.4.0-openmpi_1.10.2/Linux/bin/h5pcc'
CCDEPMODE='depmode=gcc3'
CFLAGS='-fPIC '
CPPFLAGS='-DgFortran  -I/home/aborle1/Baselibs/powerpc64le-unknown-linux-gnu/gfortran_5.4.0-openmpi_1.10.2/Linux/include/    -I/home/aborle1/Baselibs/powerpc64le-unknown-linux-gnu/gfortran_5.4.0-openmpi_1.10.2/Linux/include/zlib    -I/home/aborle1/Baselibs/powerpc64le-unknown-linux-gnu/gfortran_5.4.0-openmpi_1.10.2/Linux/include/szlib    -I/home/aborle1/Baselibs/powerpc64le-unknown-linux-gnu/gfortran_5.4.0-openmpi_1.10.2/Linux/include/jpeg    -I/home/aborle1/Baselibs/powerpc64le-unknown-linux-gnu/gfortran_5.4.0-openmpi_1.10.2/Linux/include/hdf5    -I/home/aborle1/Baselibs/powerpc64le-unknown-linux-gnu/gfortran_5.4.0-openmpi_1.10.2/Linux/include/hdf    -I/home/aborle1/Baselibs/powerpc64le-unknown-linux-gnu/gfortran_5.4.0-openmpi_1.10.2/Linux/include/uuid    -I/home/aborle1/Baselibs/powerpc64le-unknown-linux-gnu/gfortran_5.4.0-openmpi_1.10.2/Linux/include/netcdf    -I/home/aborle1/Baselibs/powerpc64le-unknown-linux-gnu/gfortran_5.4.0-openmpi_1.10.2/Linux/include/udunits2  '
CYGPATH_W='echo'
DEFS='-DHAVE_CONFIG_H'
DEPDIR='.deps'
ECHO_C=''
ECHO_N='-n'
ECHO_T=''
EXEEXT=''
INSTALL_DATA='${INSTALL} -m 644'
INSTALL_PROGRAM='${INSTALL}'
INSTALL_SCRIPT='${INSTALL}'
INSTALL_STRIP_PROGRAM='$(install_sh) -c -s'
LDFLAGS=''
LIBOBJS=''
LIBS='-L/home/aborle1/Baselibs/powerpc64le-unknown-linux-gnu/gfortran_5.4.0-openmpi_1.10.2/Linux/lib /home/aborle1/Baselibs/powerpc64le-unknown-linux-gnu/gfortran_5.4.0-openmpi_1.10.2/Linux/lib/libhdf5_hl.a /home/aborle1/Baselibs/powerpc64le-unknown-linux-gnu/gfortran_5.4.0-openmpi_1.10.2/Linux/lib/libhdf5.a /home/aborle1/Baselibs/powerpc64le-unknown-linux-gnu/gfortran_5.4.0-openmpi_1.10.2/Linux/lib/libz.a /home/aborle1/Baselibs/powerpc64le-unknown-linux-gnu/gfortran_5.4.0-openmpi_1.10.2/Linux/lib/libsz.a /home/aborle1/Baselibs/powerpc64le-unknown-linux-gnu/gfortran_5.4.0-openmpi_1.10.2/Linux/lib/libcurl.a -lmfhdf -ldf -lsz  -ljpeg  -ldl -lm'
LTLIBOBJS=''
MAINT='#'
MAINTAINER_MODE_FALSE=''
MAINTAINER_MODE_TRUE='#'
MAKEINFO='${SHELL} /home/aborle1/Baselibs/src/h5edit/bin/missing --run makeinfo'
MKDIR_P='/bin/mkdir -p'
OBJEXT='o'
PACKAGE='HDF H5Edit'
PACKAGE_BUGREPORT='help@hdfgroup.org'
PACKAGE_NAME='h5edit'
PACKAGE_STRING='h5edit 1.3.1'
PACKAGE_TARNAME='HDF H5Edit'
PACKAGE_URL=''
PACKAGE_VERSION='1.3.1'
PATH_SEPARATOR=':'
SETX='set -x'
SET_MAKE=''
SHELL='/bin/bash'
STRIP=''
VERSION='1.3.1'
ac_ct_CC='/home/aborle1/Baselibs/powerpc64le-unknown-linux-gnu/gfortran_5.4.0-openmpi_1.10.2/Linux/bin/h5pcc'
am__EXEEXT_FALSE=''
am__EXEEXT_TRUE='#'
am__fastdepCC_FALSE='#'
am__fastdepCC_TRUE=''
am__include='include'
am__isrc=''
am__leading_dot='.'
am__quote=''
am__tar='${AMTAR} chof - "$$tardir"'
am__untar='${AMTAR} xf -'
bindir='${exec_prefix}/bin'
build_alias='/home/aborle1/Baselibs/powerpc64le-unknown-linux-gnu'
datadir='${datarootdir}'
datarootdir='${prefix}/share'
docdir='${datarootdir}/doc/${PACKAGE_TARNAME}'
dvidir='${docdir}'
exec_prefix='${prefix}'
host_alias=''
htmldir='${docdir}'
includedir='/home/aborle1/Baselibs/powerpc64le-unknown-linux-gnu/gfortran_5.4.0-openmpi_1.10.2/Linux/include/h5edit'
infodir='${datarootdir}/info'
install_sh='${SHELL} /home/aborle1/Baselibs/src/h5edit/bin/install-sh'
libdir='${exec_prefix}/lib'
libexecdir='${exec_prefix}/libexec'
localedir='${datarootdir}/locale'
localstatedir='${prefix}/var'
mandir='${datarootdir}/man'
mkdir_p='/bin/mkdir -p'
oldincludedir='/usr/include'
pdfdir='${docdir}'
prefix='/home/aborle1/Baselibs/powerpc64le-unknown-linux-gnu/gfortran_5.4.0-openmpi_1.10.2/Linux'
program_transform_name='s,x,x,'
psdir='${docdir}'
sbindir='${exec_prefix}/sbin'
sharedstatedir='${prefix}/com'
sysconfdir='${prefix}/etc'
target_alias=''

## ----------- ##
## confdefs.h. ##
## ----------- ##

/* confdefs.h */
#define PACKAGE_NAME "h5edit"
#define PACKAGE_TARNAME "HDF H5Edit"
#define PACKAGE_VERSION "1.3.1"
#define PACKAGE_STRING "h5edit 1.3.1"
#define PACKAGE_BUGREPORT "help@hdfgroup.org"
#define PACKAGE_URL ""
#define PACKAGE "HDF H5Edit"
#define VERSION "1.3.1"

configure: exit 0
